<?xml version="1.0" encoding="utf-8"?><testsuites name="pytest tests"><testsuite name="pytest" errors="0" failures="0" skipped="0" tests="10" time="38.247" timestamp="2026-07-01T06:20:00.678447+00:00" hostname="agent-env-36ddfdb9-e4d3-40a3-8a0d-82977140af50"><testcase classname="tests.test_phase_f43_print_status.TestABasicFlow" name="test_a_full_flow" time="16.083" /><testcase classname="tests.test_phase_f43_print_status.TestBIdempotency" name="test_b1_mark_twice" time="5.373" /><testcase classname="tests.test_phase_f43_print_status.TestBIdempotency" name="test_b2_unmark_twice" time="6.163" /><testcase classname="tests.test_phase_f43_print_status.TestCTrackingGuard" name="test_c_tracking_guard" time="4.597" /><testcase classname="tests.test_phase_f43_print_status.TestDScoping" name="test_d1_not_found" time="0.097" /><testcase classname="tests.test_phase_f43_print_status.TestDScoping" name="test_d2_cross_tenant_404" time="2.894" /><testcase classname="tests.test_phase_f43_print_status.TestERegression" name="test_e1_list_exposes_fields" time="0.120" /><testcase classname="tests.test_phase_f43_print_status.TestERegression" name="test_e2_post_defaults" time="0.995" /><testcase classname="tests.test_phase_f43_print_status.TestERegression" name="test_e3_put_shipment_doesnt_touch_print_status" time="1.052" /><testcase classname="tests.test_phase_f43_print_status.TestERegression" name="test_e5_delete_after_printed" time="0.791" /></testsuite></testsuites>