<?xml version="1.0" encoding="utf-8"?><testsuites name="pytest tests"><testsuite name="pytest" errors="0" failures="0" skipped="1" tests="20" time="62.167" timestamp="2026-07-02T19:54:20.453514+00:00" hostname="agent-env-36ddfdb9-e4d3-40a3-8a0d-82977140af50"><testcase classname="tests.test_smart_search" name="test_t1_search_blob_backfilled" time="5.127" /><testcase classname="tests.test_smart_search" name="test_t2_t3_items_search" time="0.180" /><testcase classname="tests.test_smart_search" name="test_t4_case_hyphen_insensitive" time="11.542" /><testcase classname="tests.test_smart_search" name="test_t5_weight_unit_collapse" time="0.292" /><testcase classname="tests.test_smart_search" name="test_t6_suggestions_parity" time="2.217" /><testcase classname="tests.test_smart_search" name="test_t8_combined_filters" time="0.223" /><testcase classname="tests.test_smart_search" name="test_t9_write_path_updates_blob" time="7.246" /><testcase classname="tests.test_smart_search" name="test_t7_multilingual_best_effort" time="5.210" /><testcase classname="tests.test_sheet_orders_case_fix.TestT1DataMigration" name="test_admin_mapping_has_title_case" time="0.673" /><testcase classname="tests.test_sheet_orders_case_fix.TestT1DataMigration" name="test_admin_mapping_no_uppercase_id" time="0.110" /><testcase classname="tests.test_sheet_orders_case_fix.TestT1DataMigration" name="test_admin_headers_has_new_columns" time="0.114" /><testcase classname="tests.test_sheet_orders_case_fix.TestT2SheetOrdersDedupe" name="test_sheet_orders_realistic_unshipped_count" time="1.259" /><testcase classname="tests.test_sheet_orders_case_fix.TestT2SheetOrdersDedupe" name="test_sheet_orders_row_shape" time="18.918" /><testcase classname="tests.test_sheet_orders_case_fix.TestT3RowKeyCaseInsensitive" name="test_row_key_identical_across_casing" time="0.609" /><testcase classname="tests.test_sheet_orders_case_fix.TestT3RowKeyCaseInsensitive" name="test_row_key_with_all_lowercase" time="0.000" /><testcase classname="tests.test_sheet_orders_case_fix.TestT4CanonicalCasingStillWorks" name="test_canonical_order_id" time="0.000" /><testcase classname="tests.test_sheet_orders_case_fix.TestT4CanonicalCasingStillWorks" name="test_canonical_phone" time="0.000" /><testcase classname="tests.test_sheet_orders_case_fix.TestT5AliasedKeysStillResolve" name="test_alias_phone_via_customer_phone" time="0.000" /><testcase classname="tests.test_sheet_orders_case_fix.TestT5AliasedKeysStillResolve" name="test_alias_phone_case_insensitive" time="0.000" /><testcase classname="tests.test_sheet_orders_case_fix.TestT2LiveDedupe" name="test_shipment_created_marks_sheet_row_shipped" time="8.379"><skipped type="pytest.skip" message="sheet not available: 400">/app/backend/tests/test_sheet_orders_case_fix.py:265: sheet not available: 400</skipped></testcase></testsuite></testsuites>