<?xml version="1.0" encoding="utf-8"?><testsuites name="pytest tests"><testsuite name="pytest" errors="0" failures="16" skipped="0" tests="35" time="30.221" timestamp="2026-06-24T07:55:10.655323+00:00" hostname="agent-env-36ddfdb9-e4d3-40a3-8a0d-82977140af50"><testcase classname="tests.test_phase31_cod_math.TestCreateShipmentMath" name="test_cod_amount_with_token_legacy_payload" time="7.417" /><testcase classname="tests.test_phase31_cod_math.TestCreateShipmentMath" name="test_cod_with_explicit_cod_amount" time="0.664" /><testcase classname="tests.test_phase31_cod_math.TestCreateShipmentMath" name="test_cod_no_token" time="0.517" /><testcase classname="tests.test_phase31_cod_math.TestCreateShipmentMath" name="test_cod_token_exceeds_cod_no_clamp" time="0.726" /><testcase classname="tests.test_phase31_cod_math.TestCreateShipmentMath" name="test_prepaid_amount_no_cod" time="0.548" /><testcase classname="tests.test_phase31_cod_math.TestUpdateShipmentMath" name="test_put_amount_treated_as_new_cod" time="0.679" /><testcase classname="tests.test_phase31_cod_math.TestUpdateShipmentMath" name="test_put_cod_amount_recomputes_total" time="2.846" /><testcase classname="tests.test_phase31_cod_math.TestSmartPasteShipMath" name="test_ship_from_pending_amount_is_cod_plus_token" time="1.429" /><testcase classname="tests.test_phase31_cod_math.TestCsvExportCodBalance" name="test_cod_balance_uses_verbatim_cod" time="0.627" /><testcase classname="tests.test_phase32_items_normalization.TestItemsNormalization" name="test_items_as_list_succeeds" time="1.858" /><testcase classname="tests.test_phase32_items_normalization.TestItemsNormalization" name="test_items_as_legacy_string_succeeds" time="0.582" /><testcase classname="tests.test_phase32_items_normalization.TestItemsNormalization" name="test_items_empty_list" time="0.570" /><testcase classname="tests.test_phase32_items_normalization.TestItemsNormalization" name="test_items_none" time="0.811" /><testcase classname="tests.test_phase32_items_normalization.TestItemsNormalization" name="test_items_with_whitespace_and_empties" time="0.595" /><testcase classname="tests.test_phase32_items_normalization.TestItemsNormalization" name="test_ship_without_overrides_regression" time="0.625" /><testcase classname="tests.test_phase33_weight_parser.TestWeightParserHappyPaths" name="test_post_weight_parsed[250gm-250 g-250.0-g]" time="1.377"><failure message="AssertionError: weight='250gm': expected 200, got 402 {&quot;detail&quot;:&quot;Insufficient credits. This label needs 4.5 credits (AI 0.5 + shipment 4.0); you have -8.0. Top up from Wallet to continue.&quot;}&#10;assert 402 == 200&#10; +  where 402 = &lt;Response [402]&gt;.status_code">tests/test_phase33_weight_parser.py:148: in test_post_weight_parsed
    assert r.status_code == 200, (
E   AssertionError: weight='250gm': expected 200, got 402 {"detail":"Insufficient credits. This label needs 4.5 credits (AI 0.5 + shipment 4.0); you have -8.0. Top up from Wallet to continue."}
E   assert 402 == 200
E    +  where 402 = &lt;Response [402]&gt;.status_code</failure></testcase><testcase classname="tests.test_phase33_weight_parser.TestWeightParserHappyPaths" name="test_post_weight_parsed[500 gm-500 g-500.0-g]" time="0.045"><failure message="AssertionError: weight='500 gm': expected 200, got 402 {&quot;detail&quot;:&quot;Insufficient credits. This label needs 4.5 credits (AI 0.5 + shipment 4.0); you have -8.0. Top up from Wallet to continue.&quot;}&#10;assert 402 == 200&#10; +  where 402 = &lt;Response [402]&gt;.status_code">tests/test_phase33_weight_parser.py:148: in test_post_weight_parsed
    assert r.status_code == 200, (
E   AssertionError: weight='500 gm': expected 200, got 402 {"detail":"Insufficient credits. This label needs 4.5 credits (AI 0.5 + shipment 4.0); you have -8.0. Top up from Wallet to continue."}
E   assert 402 == 200
E    +  where 402 = &lt;Response [402]&gt;.status_code</failure></testcase><testcase classname="tests.test_phase33_weight_parser.TestWeightParserHappyPaths" name="test_post_weight_parsed[1kg-1 kg-1.0-kg]" time="0.044"><failure message="AssertionError: weight='1kg': expected 200, got 402 {&quot;detail&quot;:&quot;Insufficient credits. This label needs 4.5 credits (AI 0.5 + shipment 4.0); you have -8.0. Top up from Wallet to continue.&quot;}&#10;assert 402 == 200&#10; +  where 402 = &lt;Response [402]&gt;.status_code">tests/test_phase33_weight_parser.py:148: in test_post_weight_parsed
    assert r.status_code == 200, (
E   AssertionError: weight='1kg': expected 200, got 402 {"detail":"Insufficient credits. This label needs 4.5 credits (AI 0.5 + shipment 4.0); you have -8.0. Top up from Wallet to continue."}
E   assert 402 == 200
E    +  where 402 = &lt;Response [402]&gt;.status_code</failure></testcase><testcase classname="tests.test_phase33_weight_parser.TestWeightParserHappyPaths" name="test_post_weight_parsed[2 kg-2 kg-2.0-kg]" time="0.045"><failure message="AssertionError: weight='2 kg': expected 200, got 402 {&quot;detail&quot;:&quot;Insufficient credits. This label needs 4.5 credits (AI 0.5 + shipment 4.0); you have -8.0. Top up from Wallet to continue.&quot;}&#10;assert 402 == 200&#10; +  where 402 = &lt;Response [402]&gt;.status_code">tests/test_phase33_weight_parser.py:148: in test_post_weight_parsed
    assert r.status_code == 200, (
E   AssertionError: weight='2 kg': expected 200, got 402 {"detail":"Insufficient credits. This label needs 4.5 credits (AI 0.5 + shipment 4.0); you have -8.0. Top up from Wallet to continue."}
E   assert 402 == 200
E    +  where 402 = &lt;Response [402]&gt;.status_code</failure></testcase><testcase classname="tests.test_phase33_weight_parser.TestWeightParserHappyPaths" name="test_post_weight_parsed[1.5 kg-1.5 kg-1.5-kg]" time="0.043"><failure message="AssertionError: weight='1.5 kg': expected 200, got 402 {&quot;detail&quot;:&quot;Insufficient credits. This label needs 4.5 credits (AI 0.5 + shipment 4.0); you have -8.0. Top up from Wallet to continue.&quot;}&#10;assert 402 == 200&#10; +  where 402 = &lt;Response [402]&gt;.status_code">tests/test_phase33_weight_parser.py:148: in test_post_weight_parsed
    assert r.status_code == 200, (
E   AssertionError: weight='1.5 kg': expected 200, got 402 {"detail":"Insufficient credits. This label needs 4.5 credits (AI 0.5 + shipment 4.0); you have -8.0. Top up from Wallet to continue."}
E   assert 402 == 200
E    +  where 402 = &lt;Response [402]&gt;.status_code</failure></testcase><testcase classname="tests.test_phase33_weight_parser.TestWeightParserHappyPaths" name="test_post_weight_parsed[250g-250 g-250.0-g]" time="0.042"><failure message="AssertionError: weight='250g': expected 200, got 402 {&quot;detail&quot;:&quot;Insufficient credits. This label needs 4.5 credits (AI 0.5 + shipment 4.0); you have -8.0. Top up from Wallet to continue.&quot;}&#10;assert 402 == 200&#10; +  where 402 = &lt;Response [402]&gt;.status_code">tests/test_phase33_weight_parser.py:148: in test_post_weight_parsed
    assert r.status_code == 200, (
E   AssertionError: weight='250g': expected 200, got 402 {"detail":"Insufficient credits. This label needs 4.5 credits (AI 0.5 + shipment 4.0); you have -8.0. Top up from Wallet to continue."}
E   assert 402 == 200
E    +  where 402 = &lt;Response [402]&gt;.status_code</failure></testcase><testcase classname="tests.test_phase33_weight_parser.TestWeightParserHappyPaths" name="test_post_weight_parsed[3 grams-3 g-3.0-g]" time="0.049"><failure message="AssertionError: weight='3 grams': expected 200, got 402 {&quot;detail&quot;:&quot;Insufficient credits. This label needs 4.5 credits (AI 0.5 + shipment 4.0); you have -8.0. Top up from Wallet to continue.&quot;}&#10;assert 402 == 200&#10; +  where 402 = &lt;Response [402]&gt;.status_code">tests/test_phase33_weight_parser.py:148: in test_post_weight_parsed
    assert r.status_code == 200, (
E   AssertionError: weight='3 grams': expected 200, got 402 {"detail":"Insufficient credits. This label needs 4.5 credits (AI 0.5 + shipment 4.0); you have -8.0. Top up from Wallet to continue."}
E   assert 402 == 200
E    +  where 402 = &lt;Response [402]&gt;.status_code</failure></testcase><testcase classname="tests.test_phase33_weight_parser.TestWeightParserHappyPaths" name="test_post_weight_parsed[500-500 g-500.0-g]" time="0.043"><failure message="AssertionError: weight='500': expected 200, got 402 {&quot;detail&quot;:&quot;Insufficient credits. This label needs 4.5 credits (AI 0.5 + shipment 4.0); you have -8.0. Top up from Wallet to continue.&quot;}&#10;assert 402 == 200&#10; +  where 402 = &lt;Response [402]&gt;.status_code">tests/test_phase33_weight_parser.py:148: in test_post_weight_parsed
    assert r.status_code == 200, (
E   AssertionError: weight='500': expected 200, got 402 {"detail":"Insufficient credits. This label needs 4.5 credits (AI 0.5 + shipment 4.0); you have -8.0. Top up from Wallet to continue."}
E   assert 402 == 200
E    +  where 402 = &lt;Response [402]&gt;.status_code</failure></testcase><testcase classname="tests.test_phase33_weight_parser.TestWeightParserHappyPaths" name="test_post_weight_parsed[1.5-1.5 kg-1.5-kg]" time="0.043"><failure message="AssertionError: weight='1.5': expected 200, got 402 {&quot;detail&quot;:&quot;Insufficient credits. This label needs 4.5 credits (AI 0.5 + shipment 4.0); you have -8.0. Top up from Wallet to continue.&quot;}&#10;assert 402 == 200&#10; +  where 402 = &lt;Response [402]&gt;.status_code">tests/test_phase33_weight_parser.py:148: in test_post_weight_parsed
    assert r.status_code == 200, (
E   AssertionError: weight='1.5': expected 200, got 402 {"detail":"Insufficient credits. This label needs 4.5 credits (AI 0.5 + shipment 4.0); you have -8.0. Top up from Wallet to continue."}
E   assert 402 == 200
E    +  where 402 = &lt;Response [402]&gt;.status_code</failure></testcase><testcase classname="tests.test_phase33_weight_parser.TestWeightParserRejection" name="test_post_invalid_weight_returns_422[abc]" time="0.042"><failure message="AssertionError: weight='abc': expected 422, got 402 {&quot;detail&quot;:&quot;Insufficient credits. This label needs 4.5 credits (AI 0.5 + shipment 4.0); you have -8.0. Top up from Wallet to continue.&quot;}&#10;assert 402 == 422&#10; +  where 402 = &lt;Response [402]&gt;.status_code">tests/test_phase33_weight_parser.py:179: in test_post_invalid_weight_returns_422
    assert r.status_code == 422, (
E   AssertionError: weight='abc': expected 422, got 402 {"detail":"Insufficient credits. This label needs 4.5 credits (AI 0.5 + shipment 4.0); you have -8.0. Top up from Wallet to continue."}
E   assert 402 == 422
E    +  where 402 = &lt;Response [402]&gt;.status_code</failure></testcase><testcase classname="tests.test_phase33_weight_parser.TestWeightParserRejection" name="test_post_invalid_weight_returns_422[10x20]" time="0.044"><failure message="AssertionError: weight='10x20': expected 422, got 402 {&quot;detail&quot;:&quot;Insufficient credits. This label needs 4.5 credits (AI 0.5 + shipment 4.0); you have -8.0. Top up from Wallet to continue.&quot;}&#10;assert 402 == 422&#10; +  where 402 = &lt;Response [402]&gt;.status_code">tests/test_phase33_weight_parser.py:179: in test_post_invalid_weight_returns_422
    assert r.status_code == 422, (
E   AssertionError: weight='10x20': expected 422, got 402 {"detail":"Insufficient credits. This label needs 4.5 credits (AI 0.5 + shipment 4.0); you have -8.0. Top up from Wallet to continue."}
E   assert 402 == 422
E    +  where 402 = &lt;Response [402]&gt;.status_code</failure></testcase><testcase classname="tests.test_phase33_weight_parser.TestWeightParserRejection" name="test_post_invalid_weight_returns_422[heavy]" time="0.043"><failure message="AssertionError: weight='heavy': expected 422, got 402 {&quot;detail&quot;:&quot;Insufficient credits. This label needs 4.5 credits (AI 0.5 + shipment 4.0); you have -8.0. Top up from Wallet to continue.&quot;}&#10;assert 402 == 422&#10; +  where 402 = &lt;Response [402]&gt;.status_code">tests/test_phase33_weight_parser.py:179: in test_post_invalid_weight_returns_422
    assert r.status_code == 422, (
E   AssertionError: weight='heavy': expected 422, got 402 {"detail":"Insufficient credits. This label needs 4.5 credits (AI 0.5 + shipment 4.0); you have -8.0. Top up from Wallet to continue."}
E   assert 402 == 422
E    +  where 402 = &lt;Response [402]&gt;.status_code</failure></testcase><testcase classname="tests.test_phase33_weight_parser.TestWeightParserBlankPassThrough" name="test_post_empty_string_weight" time="0.042"><failure message="AssertionError: empty weight: got 402 {&quot;detail&quot;:&quot;Insufficient credits. This label needs 4.5 credits (AI 0.5 + shipment 4.0); you have -8.0. Top up from Wallet to continue.&quot;}&#10;assert 402 == 200&#10; +  where 402 = &lt;Response [402]&gt;.status_code">tests/test_phase33_weight_parser.py:202: in test_post_empty_string_weight
    assert r.status_code == 200, (
E   AssertionError: empty weight: got 402 {"detail":"Insufficient credits. This label needs 4.5 credits (AI 0.5 + shipment 4.0); you have -8.0. Top up from Wallet to continue."}
E   assert 402 == 200
E    +  where 402 = &lt;Response [402]&gt;.status_code</failure></testcase><testcase classname="tests.test_phase33_weight_parser.TestWeightParserBlankPassThrough" name="test_post_missing_weight_key" time="0.043"><failure message="AssertionError: missing weight: got 402 {&quot;detail&quot;:&quot;Insufficient credits. This label needs 4.5 credits (AI 0.5 + shipment 4.0); you have -8.0. Top up from Wallet to continue.&quot;}&#10;assert 402 == 200&#10; +  where 402 = &lt;Response [402]&gt;.status_code">tests/test_phase33_weight_parser.py:220: in test_post_missing_weight_key
    assert r.status_code == 200, (
E   AssertionError: missing weight: got 402 {"detail":"Insufficient credits. This label needs 4.5 credits (AI 0.5 + shipment 4.0); you have -8.0. Top up from Wallet to continue."}
E   assert 402 == 200
E    +  where 402 = &lt;Response [402]&gt;.status_code</failure></testcase><testcase classname="tests.test_phase33_weight_parser.TestWeightParserBlankPassThrough" name="test_post_weight_none" time="0.046"><failure message="AssertionError: weight=None: got 402 {&quot;detail&quot;:&quot;Insufficient credits. This label needs 4.5 credits (AI 0.5 + shipment 4.0); you have -8.0. Top up from Wallet to continue.&quot;}&#10;assert 402 == 200&#10; +  where 402 = &lt;Response [402]&gt;.status_code">tests/test_phase33_weight_parser.py:237: in test_post_weight_none
    assert r.status_code == 200, (
E   AssertionError: weight=None: got 402 {"detail":"Insufficient credits. This label needs 4.5 credits (AI 0.5 + shipment 4.0); you have -8.0. Top up from Wallet to continue."}
E   assert 402 == 200
E    +  where 402 = &lt;Response [402]&gt;.status_code</failure></testcase><testcase classname="tests.test_phase33_weight_parser.TestWeightParserPutUpdate" name="test_put_weight_edit_parses" time="0.042"><failure message="AssertionError: create: 402 {&quot;detail&quot;:&quot;Insufficient credits. This label needs 4.5 credits (AI 0.5 + shipment 4.0); you have -8.0. Top up from Wallet to continue.&quot;}&#10;assert 402 == 200&#10; +  where 402 = &lt;Response [402]&gt;.status_code">tests/test_phase33_weight_parser.py:259: in test_put_weight_edit_parses
    assert r.status_code == 200, f"create: {r.status_code} {r.text[:300]}"
E   AssertionError: create: 402 {"detail":"Insufficient credits. This label needs 4.5 credits (AI 0.5 + shipment 4.0); you have -8.0. Top up from Wallet to continue."}
E   assert 402 == 200
E    +  where 402 = &lt;Response [402]&gt;.status_code</failure></testcase><testcase classname="tests.test_phase32_rev2_manual_tracking_precedence.TestManualTrackingIdPrecedence" name="test_auto_courier_with_manual_id_uses_manual_no_counter_bump" time="4.637" /><testcase classname="tests.test_phase32_rev2_manual_tracking_precedence.TestManualTrackingIdPrecedence" name="test_manual_courier_with_manual_id_uses_manual" time="1.100" /><testcase classname="tests.test_phase32_rev2_manual_tracking_precedence.TestManualTrackingIdPrecedence" name="test_auto_courier_empty_manual_id_autogenerates_and_bumps" time="0.894" /><testcase classname="tests.test_phase32_rev2_manual_tracking_precedence.TestManualTrackingIdPrecedence" name="test_manual_courier_no_manual_id_returns_400" time="0.906" /></testsuite></testsuites>