<?xml version="1.0" encoding="utf-8"?><testsuites name="pytest tests"><testsuite name="pytest" errors="0" failures="0" skipped="0" tests="7" time="23.436" timestamp="2026-07-03T08:46:40.971159+00:00" hostname="agent-env-36ddfdb9-e4d3-40a3-8a0d-82977140af50"><testcase classname="backend.tests.test_xlsx_export.TestT1XlsxContract" name="test_get_xlsx_returns_200_and_correct_headers" time="0.751" /><testcase classname="backend.tests.test_xlsx_export.TestT1XlsxContract" name="test_xlsx_body_starts_with_zip_magic" time="0.256" /><testcase classname="backend.tests.test_xlsx_export.TestT2XlsxIntegrity" name="test_workbook_structure" time="0.336" /><testcase classname="backend.tests.test_xlsx_export.TestT3UnicodeRoundTrip" name="test_gujarati_customer_name_preserved" time="6.290" /><testcase classname="backend.tests.test_xlsx_export.TestT4FilterAware" name="test_post_with_two_ids_returns_two_data_rows" time="0.264" /><testcase classname="backend.tests.test_xlsx_export.TestT5NonexistentIdOnly" name="test_nonexistent_id_returns_200_header_only" time="0.148" /><testcase classname="backend.tests.test_xlsx_export.TestT6CsvRegression" name="test_csv_export_has_utf8_bom_and_charset" time="15.191" /></testsuite></testsuites>