<?xml version="1.0" encoding="utf-8"?><testsuites name="pytest tests"><testsuite name="pytest" errors="0" failures="0" skipped="1" tests="31" time="8.153" timestamp="2026-06-25T08:07:47.841551+00:00" hostname="agent-env-36ddfdb9-e4d3-40a3-8a0d-82977140af50"><testcase classname="backend.tests.test_courier_sync.TestAuthGate" name="test_no_auth_returns_401[/courier-sync/partners-GET-None]" time="0.230" /><testcase classname="backend.tests.test_courier_sync.TestAuthGate" name="test_no_auth_returns_401[/courier-sync/configs-GET-None]" time="0.106" /><testcase classname="backend.tests.test_courier_sync.TestAuthGate" name="test_no_auth_returns_401[/courier-sync/configs/india_post-PUT-body2]" time="0.124" /><testcase classname="backend.tests.test_courier_sync.TestAuthGate" name="test_no_auth_returns_401[/courier-sync/test-parse-POST-body3]" time="0.093" /><testcase classname="backend.tests.test_courier_sync.TestAuthGate" name="test_no_auth_returns_401[/courier-sync/ingest-POST-body4]" time="0.103" /><testcase classname="backend.tests.test_courier_sync.TestAuthGate" name="test_no_auth_returns_401[/courier-sync/events-GET-None]" time="0.095" /><testcase classname="backend.tests.test_courier_sync.TestPartners" name="test_list_partners" time="0.444" /><testcase classname="backend.tests.test_courier_sync.TestConfigs" name="test_unknown_partner_404" time="0.048" /><testcase classname="backend.tests.test_courier_sync.TestConfigs" name="test_configs_initially_no_indiapost_for_user2" time="0.427" /><testcase classname="backend.tests.test_courier_sync.TestConfigs" name="test_enable_indiapost_upsert" time="0.096" /><testcase classname="backend.tests.test_courier_sync.TestConfigs" name="test_partners_lists_enabled_true_after_put" time="0.046" /><testcase classname="backend.tests.test_courier_sync.TestConfigs" name="test_get_configs_returns_indiapost" time="0.085" /><testcase classname="backend.tests.test_courier_sync.TestTestParse" name="test_out_for_delivery" time="0.046" /><testcase classname="backend.tests.test_courier_sync.TestTestParse" name="test_delivered_with_date" time="0.043" /><testcase classname="backend.tests.test_courier_sync.TestTestParse" name="test_wrong_sender" time="0.044" /><testcase classname="backend.tests.test_courier_sync.TestTestParse" name="test_right_sender_no_awb" time="0.046" /><testcase classname="backend.tests.test_courier_sync.TestTestParse" name="test_lowercase_tracking_id" time="0.044" /><testcase classname="backend.tests.test_courier_sync.TestTestParse" name="test_no_space_variant" time="0.043" /><testcase classname="backend.tests.test_courier_sync.TestIngest" name="test_partner_disabled_for_user2" time="0.086" /><testcase classname="backend.tests.test_courier_sync.TestIngest" name="test_no_shipment_found" time="0.047" /><testcase classname="backend.tests.test_courier_sync.TestIngest" name="test_happy_path_out_for_delivery" time="2.079" /><testcase classname="backend.tests.test_courier_sync.TestIngest" name="test_happy_path_delivered" time="0.091" /><testcase classname="backend.tests.test_courier_sync.TestIngest" name="test_no_downgrade_after_delivered" time="0.092" /><testcase classname="backend.tests.test_courier_sync.TestIngest" name="test_already_in_sync" time="0.047" /><testcase classname="backend.tests.test_courier_sync.TestIngest" name="test_match_via_manual_tracking_id" time="1.566"><skipped type="pytest.skip" message="Cannot set manual_tracking_id via PUT (status=400): {&quot;detail&quot;:&quot;No fields to update&quot;}">/app/backend/tests/test_courier_sync.py:410: Cannot set manual_tracking_id via PUT (status=400): {"detail":"No fields to update"}</skipped></testcase><testcase classname="backend.tests.test_courier_sync.TestIngest" name="test_match_via_order_id" time="1.594" /><testcase classname="backend.tests.test_courier_sync.TestEvents" name="test_admin_events_list" time="0.045" /><testcase classname="backend.tests.test_courier_sync.TestEvents" name="test_only_matched_filter" time="0.045" /><testcase classname="backend.tests.test_courier_sync.TestEvents" name="test_limit_clamp" time="0.043" /><testcase classname="backend.tests.test_courier_sync.TestEvents" name="test_user_isolation" time="0.088" /><testcase classname="backend.tests.test_courier_sync.TestEvents" name="test_user_isolation_configs" time="0.048" /></testsuite></testsuites>