<?xml version="1.0" encoding="utf-8"?><testsuites name="pytest tests"><testsuite name="pytest" errors="0" failures="0" skipped="0" tests="5" time="18.273" timestamp="2026-06-24T09:21:25.608709+00:00" hostname="agent-env-36ddfdb9-e4d3-40a3-8a0d-82977140af50"><testcase classname="backend.tests.test_phase32_rev3_duplicate_order_id.TestShipmentDuplicateOrderId" name="test_unique_order_id_happy_path" time="8.410" /><testcase classname="backend.tests.test_phase32_rev3_duplicate_order_id.TestShipmentDuplicateOrderId" name="test_duplicate_order_id_same_user_returns_409" time="2.000" /><testcase classname="backend.tests.test_phase32_rev3_duplicate_order_id.TestShipmentDuplicateOrderId" name="test_cross_user_same_order_id_allowed" time="3.591" /><testcase classname="backend.tests.test_phase32_rev3_duplicate_order_id.TestShipPendingDuplicateOrderId" name="test_ship_pending_with_existing_order_id_returns_409" time="1.427" /><testcase classname="backend.tests.test_phase32_rev3_duplicate_order_id.TestShipPendingDuplicateOrderId" name="test_ship_pending_unique_order_id_happy_path" time="2.697" /></testsuite></testsuites>