<?xml version="1.0" encoding="utf-8"?><testsuites name="pytest tests"><testsuite name="pytest" errors="0" failures="0" skipped="0" tests="19" time="4.375" timestamp="2026-07-09T06:22:14.598668+00:00" hostname="agent-env-36ddfdb9-e4d3-40a3-8a0d-82977140af50"><testcase classname="tests.test_phase_f60_shipment_import.TestAuth" name="test_get_mapping_requires_auth" time="0.165" /><testcase classname="tests.test_phase_f60_shipment_import.TestAuth" name="test_preview_requires_auth" time="0.098" /><testcase classname="tests.test_phase_f60_shipment_import.TestSavedMapping" name="test_get_mapping_defaults[booking]" time="0.456" /><testcase classname="tests.test_phase_f60_shipment_import.TestSavedMapping" name="test_get_mapping_defaults[delivery]" time="0.124" /><testcase classname="tests.test_phase_f60_shipment_import.TestSavedMapping" name="test_get_mapping_defaults[cod_payment]" time="0.109" /><testcase classname="tests.test_phase_f60_shipment_import.TestSavedMapping" name="test_put_mapping_persists" time="0.195" /><testcase classname="tests.test_phase_f60_shipment_import.TestSavedMapping" name="test_put_mapping_rejects_disallowed_field_for_type" time="0.097" /><testcase classname="tests.test_phase_f60_shipment_import.TestPreview" name="test_preview_booking_suggests_mapping" time="0.285" /><testcase classname="tests.test_phase_f60_shipment_import.TestPreview" name="test_preview_invalid_import_type" time="0.107" /><testcase classname="tests.test_phase_f60_shipment_import.TestBookingCommit" name="test_commit_response_counts" time="0.104" /><testcase classname="tests.test_phase_f60_shipment_import.TestBookingCommit" name="test_row_b_weight_not_overridden" time="0.173" /><testcase classname="tests.test_phase_f60_shipment_import.TestBookingCommit" name="test_batch_listed_and_retrievable" time="0.205" /><testcase classname="tests.test_phase_f60_shipment_import.TestBookingCommit" name="test_mismatches_csv_download" time="0.104" /><testcase classname="tests.test_phase_f60_shipment_import.TestCommitNegative" name="test_invalid_import_type" time="0.104" /><testcase classname="tests.test_phase_f60_shipment_import.TestCommitNegative" name="test_missing_tracking_mapping" time="0.112" /><testcase classname="tests.test_phase_f60_shipment_import.TestCommitNegative" name="test_disallowed_field_for_delivery" time="0.103" /><testcase classname="tests.test_phase_f60_shipment_import.TestCommitNegative" name="test_file_too_large" time="1.283" /><testcase classname="tests.test_phase_f60_shipment_import.TestDeliveryImport" name="test_delivery_forces_status_and_sets_pod" time="0.214" /><testcase classname="tests.test_phase_f60_shipment_import.TestCODImport" name="test_cod_import_stamps_fields" time="0.235" /></testsuite></testsuites>