<?xml version="1.0" encoding="utf-8"?><testsuites name="pytest tests"><testsuite name="pytest" errors="0" failures="0" skipped="0" tests="10" time="8.864" timestamp="2026-08-22T07:42:47.032212+00:00" hostname="agent-env-36ddfdb9-e4d3-40a3-8a0d-82977140af50"><testcase classname="backend.tests.test_phase_f11k_smart_paste_rule_first.TestSmartPasteParseRuleFirst" name="test_structured_full_paste_skips_llm" time="0.593" /><testcase classname="backend.tests.test_phase_f11k_smart_paste_rule_first.TestSmartPasteParseRuleFirst" name="test_structured_paste_returns_fields_and_confidence" time="0.046" /><testcase classname="backend.tests.test_phase_f11k_smart_paste_rule_first.TestSmartPasteParseRuleFirst" name="test_unstructured_paste_calls_llm" time="4.325" /><testcase classname="backend.tests.test_phase_f11k_smart_paste_rule_first.TestSmartPasteParseRuleFirst" name="test_partial_paste_missing_pincode_calls_llm" time="1.646" /><testcase classname="backend.tests.test_phase_f11k_smart_paste_rule_first.TestSmartPasteParseRuleFirst" name="test_use_ai_false_forces_regex" time="0.066" /><testcase classname="backend.tests.test_phase_f11k_smart_paste_rule_first.TestSmartPasteCheckDuplicateRuleFirst" name="test_structured_paste_skips_llm" time="0.047" /><testcase classname="backend.tests.test_phase_f11k_smart_paste_rule_first.TestSmartPasteCheckDuplicateRuleFirst" name="test_unstructured_paste_invokes_llm" time="1.839" /><testcase classname="backend.tests.test_phase_f11k_smart_paste_rule_first.TestSmartPasteCheckDuplicateRuleFirst" name="test_response_shape" time="0.046" /><testcase classname="backend.tests.test_phase_f11k_smart_paste_rule_first.TestAuthGuard" name="test_parse_requires_auth" time="0.080" /><testcase classname="backend.tests.test_phase_f11k_smart_paste_rule_first.TestAuthGuard" name="test_check_duplicate_requires_auth" time="0.112" /></testsuite></testsuites>