<?xml version="1.0" encoding="utf-8"?><testsuites name="pytest tests"><testsuite name="pytest" errors="0" failures="0" skipped="0" tests="2" time="4.682" timestamp="2026-07-02T19:54:08.572330+00:00" hostname="agent-env-36ddfdb9-e4d3-40a3-8a0d-82977140af50"><testcase classname="tests.test_sheet_orders_case_drift.TestT1CaseDriftReproduction" name="test_case_drift_still_dedupes" time="3.372" /><testcase classname="tests.test_sheet_orders_case_drift.TestT2RegressionCanonicalMapping" name="test_canonical_mapping_still_ok" time="1.175" /></testsuite></testsuites>