<?xml version="1.0" encoding="utf-8"?><testsuites name="pytest tests"><testsuite name="pytest" errors="0" failures="0" skipped="1" tests="20" time="39.309" timestamp="2026-07-03T08:47:09.255107+00:00" hostname="agent-env-36ddfdb9-e4d3-40a3-8a0d-82977140af50"><testcase classname="backend.tests.test_smart_search" name="test_t1_search_blob_backfilled" time="2.078" /><testcase classname="backend.tests.test_smart_search" name="test_t2_t3_items_search" time="0.136" /><testcase classname="backend.tests.test_smart_search" name="test_t4_case_hyphen_insensitive" time="0.071"><skipped type="pytest.skip" message="no alpha word for case test">/app/backend/tests/test_smart_search.py:138: no alpha word for case test</skipped></testcase><testcase classname="backend.tests.test_smart_search" name="test_t5_weight_unit_collapse" time="0.210" /><testcase classname="backend.tests.test_smart_search" name="test_t6_suggestions_parity" time="1.024" /><testcase classname="backend.tests.test_smart_search" name="test_t8_combined_filters" time="0.185" /><testcase classname="backend.tests.test_smart_search" name="test_t9_write_path_updates_blob" time="6.623" /><testcase classname="backend.tests.test_smart_search" name="test_t7_multilingual_best_effort" time="8.604" /><testcase classname="backend.tests.test_sheet_orders_case_fix.TestT1DataMigration" name="test_admin_mapping_has_title_case" time="0.481" /><testcase classname="backend.tests.test_sheet_orders_case_fix.TestT1DataMigration" name="test_admin_mapping_no_uppercase_id" time="0.080" /><testcase classname="backend.tests.test_sheet_orders_case_fix.TestT1DataMigration" name="test_admin_headers_has_new_columns" time="0.088" /><testcase classname="backend.tests.test_sheet_orders_case_fix.TestT2SheetOrdersDedupe" name="test_sheet_orders_realistic_unshipped_count" time="2.370" /><testcase classname="backend.tests.test_sheet_orders_case_fix.TestT2SheetOrdersDedupe" name="test_sheet_orders_row_shape" time="2.773" /><testcase classname="backend.tests.test_sheet_orders_case_fix.TestT3RowKeyCaseInsensitive" name="test_row_key_identical_across_casing" time="0.623" /><testcase classname="backend.tests.test_sheet_orders_case_fix.TestT3RowKeyCaseInsensitive" name="test_row_key_with_all_lowercase" time="0.000" /><testcase classname="backend.tests.test_sheet_orders_case_fix.TestT4CanonicalCasingStillWorks" name="test_canonical_order_id" time="0.000" /><testcase classname="backend.tests.test_sheet_orders_case_fix.TestT4CanonicalCasingStillWorks" name="test_canonical_phone" time="0.000" /><testcase classname="backend.tests.test_sheet_orders_case_fix.TestT5AliasedKeysStillResolve" name="test_alias_phone_via_customer_phone" time="0.000" /><testcase classname="backend.tests.test_sheet_orders_case_fix.TestT5AliasedKeysStillResolve" name="test_alias_phone_case_insensitive" time="0.000" /><testcase classname="backend.tests.test_sheet_orders_case_fix.TestT2LiveDedupe" name="test_shipment_created_marks_sheet_row_shipped" time="13.889" /></testsuite></testsuites>