<?xml version="1.0" encoding="utf-8"?><testsuites name="pytest tests"><testsuite name="pytest" errors="0" failures="0" skipped="0" tests="7" time="1.342" timestamp="2026-07-03T17:58:29.294080+00:00" hostname="agent-env-36ddfdb9-e4d3-40a3-8a0d-82977140af50"><testcase classname="tests.test_whatsapp_out_for_delivery.TestEventCatalogueExposure" name="test_list_events_contains_out_for_delivery_between_shipped_and_delivered" time="0.673" /><testcase classname="tests.test_whatsapp_out_for_delivery.TestEventCatalogueExposure" name="test_default_fields_match_spec" time="0.171" /><testcase classname="tests.test_whatsapp_out_for_delivery.TestStageMapping" name="test_out_for_delivery_mapped" time="0.229" /><testcase classname="tests.test_whatsapp_out_for_delivery.TestStageMapping" name="test_prior_status_keys_preserved" time="0.000" /><testcase classname="tests.test_whatsapp_out_for_delivery.TestSeededMongoRow" name="test_seed_row_present_with_correct_fields" time="0.089" /><testcase classname="tests.test_whatsapp_out_for_delivery.TestExistingEventsRegression" name="test_all_prior_events_still_present_in_catalog" time="0.000" /><testcase classname="tests.test_whatsapp_out_for_delivery.TestExistingEventsRegression" name="test_all_prior_events_returned_by_api" time="0.107" /></testsuite></testsuites>