<?xml version="1.0" encoding="utf-8"?><testsuites name="pytest tests"><testsuite name="pytest" errors="0" failures="0" skipped="0" tests="12" time="33.823" timestamp="2026-07-02T19:47:08.353108+00:00" hostname="agent-env-36ddfdb9-e4d3-40a3-8a0d-82977140af50"><testcase classname="backend.tests.test_sheet_orders_case_fix.TestT1DataMigration" name="test_admin_mapping_has_title_case" time="28.643" /><testcase classname="backend.tests.test_sheet_orders_case_fix.TestT1DataMigration" name="test_admin_mapping_no_uppercase_id" time="0.109" /><testcase classname="backend.tests.test_sheet_orders_case_fix.TestT1DataMigration" name="test_admin_headers_has_new_columns" time="0.114" /><testcase classname="backend.tests.test_sheet_orders_case_fix.TestT2SheetOrdersDedupe" name="test_sheet_orders_realistic_unshipped_count" time="1.150" /><testcase classname="backend.tests.test_sheet_orders_case_fix.TestT2SheetOrdersDedupe" name="test_sheet_orders_row_shape" time="1.121" /><testcase classname="backend.tests.test_sheet_orders_case_fix.TestT3RowKeyCaseInsensitive" name="test_row_key_identical_across_casing" time="0.611" /><testcase classname="backend.tests.test_sheet_orders_case_fix.TestT3RowKeyCaseInsensitive" name="test_row_key_with_all_lowercase" time="0.000" /><testcase classname="backend.tests.test_sheet_orders_case_fix.TestT4CanonicalCasingStillWorks" name="test_canonical_order_id" time="0.000" /><testcase classname="backend.tests.test_sheet_orders_case_fix.TestT4CanonicalCasingStillWorks" name="test_canonical_phone" time="0.000" /><testcase classname="backend.tests.test_sheet_orders_case_fix.TestT5AliasedKeysStillResolve" name="test_alias_phone_via_customer_phone" time="0.000" /><testcase classname="backend.tests.test_sheet_orders_case_fix.TestT5AliasedKeysStillResolve" name="test_alias_phone_case_insensitive" time="0.000" /><testcase classname="backend.tests.test_sheet_orders_case_fix.TestT2LiveDedupe" name="test_shipment_created_marks_sheet_row_shipped" time="2.007" /></testsuite></testsuites>