<?xml version="1.0" encoding="utf-8"?><testsuites name="pytest tests"><testsuite name="pytest" errors="0" failures="0" skipped="0" tests="9" time="18.839" timestamp="2026-07-11T04:52:07.535954+00:00" hostname="agent-env-36ddfdb9-e4d3-40a3-8a0d-82977140af50"><testcase classname="tests.test_phase_f80_edge_cases.TestRulesCount" name="test_default_india_post_has_16_rules" time="0.662" /><testcase classname="tests.test_phase_f80_edge_cases.TestRulesCount" name="test_all_in_transit_rules_whitelisted_with_stage" time="0.054" /><testcase classname="tests.test_phase_f80_edge_cases.TestDeliveryImportEngineParity" name="test_delivery_import_delivered_at_only" time="5.160" /><testcase classname="tests.test_phase_f80_edge_cases.TestDeliveryImportEngineParity" name="test_delivery_import_last_event_routes_in_transit" time="2.968" /><testcase classname="tests.test_phase_f80_edge_cases.TestDeliveryImportEngineParity" name="test_delivery_import_last_event_return_review" time="3.077" /><testcase classname="tests.test_phase_f80_edge_cases.TestGuardRegressions" name="test_already_delivered_ofd_ignored" time="4.257" /><testcase classname="tests.test_phase_f80_edge_cases.TestGuardRegressions" name="test_unknown_awb_no_shipment_found" time="0.050" /><testcase classname="tests.test_phase_f80_edge_cases.TestGuardRegressions" name="test_wrong_sender_ignored" time="1.854" /><testcase classname="tests.test_phase_f80_edge_cases.TestGuardRegressions" name="test_shipment_response_includes_booking_and_return_review" time="0.675" /></testsuite></testsuites>