<?xml version="1.0" encoding="utf-8"?><testsuites name="pytest tests"><testsuite name="pytest" errors="0" failures="0" skipped="0" tests="6" time="12.045" timestamp="2026-06-24T14:07:51.270146+00:00" hostname="agent-env-36ddfdb9-e4d3-40a3-8a0d-82977140af50"><testcase classname="tests.test_phase32_rev4_autogen_retry.TestPostShipmentAutogenRetry" name="test_A1_autogen_happy_path" time="6.632" /><testcase classname="tests.test_phase32_rev4_autogen_retry.TestPostShipmentAutogenRetry" name="test_A2_autogen_collision_silently_retries" time="1.022" /><testcase classname="tests.test_phase32_rev4_autogen_retry.TestPostShipmentAutogenRetry" name="test_A3_explicit_user_order_id_collision_returns_409" time="1.089" /><testcase classname="tests.test_phase32_rev4_autogen_retry.TestShipPendingAutogenRetry" name="test_B1_pending_ship_happy_path" time="1.499" /><testcase classname="tests.test_phase32_rev4_autogen_retry.TestShipPendingAutogenRetry" name="test_B2_pending_autogen_collision_silently_retries" time="0.649" /><testcase classname="tests.test_phase32_rev4_autogen_retry.TestShipPendingAutogenRetry" name="test_B3_pending_explicit_collision_returns_409" time="1.014" /></testsuite></testsuites>