<?xml version="1.0" encoding="utf-8"?><testsuites name="pytest tests"><testsuite name="pytest" errors="0" failures="0" skipped="1" tests="32" time="9.684" timestamp="2026-06-27T07:00:04.187705+00:00" hostname="agent-env-36ddfdb9-e4d3-40a3-8a0d-82977140af50"><testcase classname="backend.tests.test_courier_sync.TestAuthGate" name="test_no_auth_returns_401[/courier-sync/partners-GET-None]" time="0.231" /><testcase classname="backend.tests.test_courier_sync.TestAuthGate" name="test_no_auth_returns_401[/courier-sync/configs-GET-None]" time="0.097" /><testcase classname="backend.tests.test_courier_sync.TestAuthGate" name="test_no_auth_returns_401[/courier-sync/configs/india_post-PUT-body2]" time="0.133" /><testcase classname="backend.tests.test_courier_sync.TestAuthGate" name="test_no_auth_returns_401[/courier-sync/test-parse-POST-body3]" time="0.134" /><testcase classname="backend.tests.test_courier_sync.TestAuthGate" name="test_no_auth_returns_401[/courier-sync/ingest-POST-body4]" time="0.102" /><testcase classname="backend.tests.test_courier_sync.TestAuthGate" name="test_no_auth_returns_401[/courier-sync/events-GET-None]" time="0.123" /><testcase classname="backend.tests.test_courier_sync.TestPartners" name="test_list_partners" time="0.501" /><testcase classname="backend.tests.test_courier_sync.TestConfigs" name="test_unknown_partner_404" time="0.042" /><testcase classname="backend.tests.test_courier_sync.TestConfigs" name="test_configs_initially_no_indiapost_for_user2" time="0.407" /><testcase classname="backend.tests.test_courier_sync.TestConfigs" name="test_enable_indiapost_upsert" time="0.124" /><testcase classname="backend.tests.test_courier_sync.TestConfigs" name="test_partners_lists_enabled_true_after_put" time="0.084" /><testcase classname="backend.tests.test_courier_sync.TestConfigs" name="test_get_configs_returns_indiapost" time="0.042" /><testcase classname="backend.tests.test_courier_sync.TestTestParse" name="test_out_for_delivery" time="0.045" /><testcase classname="backend.tests.test_courier_sync.TestTestParse" name="test_delivered_with_date" time="0.082" /><testcase classname="backend.tests.test_courier_sync.TestTestParse" name="test_wrong_sender" time="0.083" /><testcase classname="backend.tests.test_courier_sync.TestTestParse" name="test_right_sender_no_awb" time="0.044" /><testcase classname="backend.tests.test_courier_sync.TestTestParse" name="test_no_status_keyword_in_text" time="0.042" /><testcase classname="backend.tests.test_courier_sync.TestTestParse" name="test_lowercase_tracking_id" time="0.039" /><testcase classname="backend.tests.test_courier_sync.TestTestParse" name="test_no_space_variant" time="0.039" /><testcase classname="backend.tests.test_courier_sync.TestIngest" name="test_partner_disabled_for_user2" time="0.043" /><testcase classname="backend.tests.test_courier_sync.TestIngest" name="test_no_shipment_found" time="0.047" /><testcase classname="backend.tests.test_courier_sync.TestIngest" name="test_happy_path_out_for_delivery" time="3.487" /><testcase classname="backend.tests.test_courier_sync.TestIngest" name="test_happy_path_delivered" time="0.087" /><testcase classname="backend.tests.test_courier_sync.TestIngest" name="test_no_downgrade_after_delivered" time="0.090" /><testcase classname="backend.tests.test_courier_sync.TestIngest" name="test_already_in_sync" time="0.041" /><testcase classname="backend.tests.test_courier_sync.TestIngest" name="test_match_via_manual_tracking_id" time="1.517"><skipped type="pytest.skip" message="Cannot set manual_tracking_id via PUT (status=400): {&quot;detail&quot;:&quot;No fields to update&quot;}">/app/backend/tests/test_courier_sync.py:428: Cannot set manual_tracking_id via PUT (status=400): {"detail":"No fields to update"}</skipped></testcase><testcase classname="backend.tests.test_courier_sync.TestIngest" name="test_match_via_order_id" time="1.595" /><testcase classname="backend.tests.test_courier_sync.TestEvents" name="test_admin_events_list" time="0.041" /><testcase classname="backend.tests.test_courier_sync.TestEvents" name="test_only_matched_filter" time="0.044" /><testcase classname="backend.tests.test_courier_sync.TestEvents" name="test_limit_clamp" time="0.083" /><testcase classname="backend.tests.test_courier_sync.TestEvents" name="test_user_isolation" time="0.093" /><testcase classname="backend.tests.test_courier_sync.TestEvents" name="test_user_isolation_configs" time="0.047" /></testsuite></testsuites>