<?xml version="1.0" encoding="utf-8"?><testsuites name="pytest tests"><testsuite name="pytest" errors="0" failures="0" skipped="0" tests="55" time="24.589" timestamp="2026-07-06T10:52:17.718793+00:00" hostname="agent-env-36ddfdb9-e4d3-40a3-8a0d-82977140af50"><testcase classname="backend.tests.test_courier_sync.TestAuthGate" name="test_no_auth_returns_401[/courier-sync/partners-GET-None]" time="0.156" /><testcase classname="backend.tests.test_courier_sync.TestAuthGate" name="test_no_auth_returns_401[/courier-sync/configs-GET-None]" time="0.105" /><testcase classname="backend.tests.test_courier_sync.TestAuthGate" name="test_no_auth_returns_401[/courier-sync/configs/india_post-PUT-body2]" time="0.095" /><testcase classname="backend.tests.test_courier_sync.TestAuthGate" name="test_no_auth_returns_401[/courier-sync/test-parse-POST-body3]" time="0.129" /><testcase classname="backend.tests.test_courier_sync.TestAuthGate" name="test_no_auth_returns_401[/courier-sync/ingest-POST-body4]" time="0.095" /><testcase classname="backend.tests.test_courier_sync.TestAuthGate" name="test_no_auth_returns_401[/courier-sync/events-GET-None]" time="0.095" /><testcase classname="backend.tests.test_courier_sync.TestPartners" name="test_list_partners" time="0.425" /><testcase classname="backend.tests.test_courier_sync.TestConfigs" name="test_unknown_partner_404" time="0.043" /><testcase classname="backend.tests.test_courier_sync.TestConfigs" name="test_configs_initially_no_indiapost_for_user2" time="0.435" /><testcase classname="backend.tests.test_courier_sync.TestConfigs" name="test_enable_indiapost_upsert" time="0.088" /><testcase classname="backend.tests.test_courier_sync.TestConfigs" name="test_partners_lists_enabled_true_after_put" time="0.042" /><testcase classname="backend.tests.test_courier_sync.TestConfigs" name="test_get_configs_returns_indiapost" time="0.043" /><testcase classname="backend.tests.test_courier_sync.TestTestParse" name="test_out_for_delivery" time="0.048" /><testcase classname="backend.tests.test_courier_sync.TestTestParse" name="test_delivered_with_date" time="0.046" /><testcase classname="backend.tests.test_courier_sync.TestTestParse" name="test_wrong_sender" time="0.042" /><testcase classname="backend.tests.test_courier_sync.TestTestParse" name="test_right_sender_no_awb" time="0.043" /><testcase classname="backend.tests.test_courier_sync.TestTestParse" name="test_no_status_keyword_in_text" time="0.054" /><testcase classname="backend.tests.test_courier_sync.TestTestParse" name="test_lowercase_tracking_id" time="0.042" /><testcase classname="backend.tests.test_courier_sync.TestTestParse" name="test_no_space_variant" time="0.044" /><testcase classname="backend.tests.test_courier_sync.TestIngest" name="test_partner_disabled_for_user2" time="0.060" /><testcase classname="backend.tests.test_courier_sync.TestIngest" name="test_no_shipment_found" time="0.046" /><testcase classname="backend.tests.test_courier_sync.TestIngest" name="test_happy_path_out_for_delivery" time="7.106" /><testcase classname="backend.tests.test_courier_sync.TestIngest" name="test_happy_path_delivered" time="0.129" /><testcase classname="backend.tests.test_courier_sync.TestIngest" name="test_no_downgrade_after_delivered" time="0.087" /><testcase classname="backend.tests.test_courier_sync.TestIngest" name="test_already_in_sync" time="0.045" /><testcase classname="backend.tests.test_courier_sync.TestIngest" name="test_match_via_manual_tracking_id" time="2.171" /><testcase classname="backend.tests.test_courier_sync.TestIngest" name="test_match_via_order_id" time="1.538" /><testcase classname="backend.tests.test_courier_sync.TestEvents" name="test_admin_events_list" time="0.046" /><testcase classname="backend.tests.test_courier_sync.TestEvents" name="test_only_matched_filter" time="0.048" /><testcase classname="backend.tests.test_courier_sync.TestEvents" name="test_limit_clamp" time="0.045" /><testcase classname="backend.tests.test_courier_sync.TestEvents" name="test_user_isolation" time="0.090" /><testcase classname="backend.tests.test_courier_sync.TestEvents" name="test_user_isolation_configs" time="0.086" /><testcase classname="backend.tests.test_courier_sync_whitelist.TestParserWhitelist" name="test_parse_case[A1-VA-INPOST-G-Item: EG350860840IN has been Booked at PUNE GPO on 2026-06-30 - IndiaPost-True-Booked-Shipped]" time="0.486" /><testcase classname="backend.tests.test_courier_sync_whitelist.TestParserWhitelist" name="test_parse_case[A2-VA-INPOST-G-Item: EG350860840IN has been Delivered on 2026-06-30 at PUNE GPO - IndiaPost-True-Delivered-Delivered]" time="0.041" /><testcase classname="backend.tests.test_courier_sync_whitelist.TestParserWhitelist" name="test_parse_case[A3-VA-INPOST-G-Item: EG350860840IN is out for delivery. Delivery will be attempted by - JOHN DOE (BEAT_03) on 2026-06-30 - IndiaPost-True-Out for Delivery-Out for Delivery]" time="0.083" /><testcase classname="backend.tests.test_courier_sync_whitelist.TestParserWhitelist" name="test_parse_case[A4-VA-INPOST-G-Item: EG350860840IN in transit at DELHI - IndiaPost-True-In Transit-]" time="0.048" /><testcase classname="backend.tests.test_courier_sync_whitelist.TestParserWhitelist" name="test_parse_case[A5-VA-INPOST-G-Item: EG350860840IN could not be delivered. - IndiaPost-True-Undelivered-]" time="0.041" /><testcase classname="backend.tests.test_courier_sync_whitelist.TestParserWhitelist" name="test_parse_case[A6-VA-INPOST-G-Item: EG350860840IN has been returned to sender - IndiaPost-True-RTO-]" time="0.082" /><testcase classname="backend.tests.test_courier_sync_whitelist.TestParserWhitelist" name="test_A7_wrong_sender" time="0.043" /><testcase classname="backend.tests.test_courier_sync_whitelist.TestIngestWhitelist" name="test_B0_capture_initial_status" time="1.867" /><testcase classname="backend.tests.test_courier_sync_whitelist.TestIngestWhitelist" name="test_B1_in_transit_ignored" time="0.095" /><testcase classname="backend.tests.test_courier_sync_whitelist.TestIngestWhitelist" name="test_B2_out_for_delivery_updates" time="0.093" /><testcase classname="backend.tests.test_courier_sync_whitelist.TestIngestWhitelist" name="test_B3_booked_updates" time="0.088" /><testcase classname="backend.tests.test_courier_sync_whitelist.TestIngestWhitelist" name="test_B4_delivered_updates" time="0.130" /><testcase classname="backend.tests.test_courier_sync_whitelist.TestIngestWhitelist" name="test_B5_post_delivered_in_transit_ignored" time="0.127" /><testcase classname="backend.tests.test_courier_sync_whitelist.TestIngestWhitelist" name="test_C_audit_events_recorded" time="0.072" /><testcase classname="backend.tests.test_courier_sync_whitelist.TestStructuredLogs" name="test_D1_b3_pipeline_steps" time="1.006" /><testcase classname="backend.tests.test_courier_sync_whitelist.TestStructuredLogs" name="test_D2_b1_skip_marker" time="2.437" /><testcase classname="backend.tests.test_phase_f44_ofd_alerts.TestOfdParser" name="test_1_parses_postman_and_beat" time="0.498" /><testcase classname="backend.tests.test_phase_f44_ofd_alerts.TestOfdIngest" name="test_2_first_ofd_flips_status_and_seeds_history" time="1.660" /><testcase classname="backend.tests.test_phase_f44_ofd_alerts.TestOfdIngest" name="test_3_second_ofd_appends_history_keeps_anchor" time="0.090" /><testcase classname="backend.tests.test_phase_f44_ofd_alerts.TestOfdAlerts" name="test_4_alerts_endpoint_lists_shipment" time="0.046" /><testcase classname="backend.tests.test_phase_f44_ofd_alerts.TestOfdAlerts" name="test_5_fired_marks_shipment_and_filters_out" time="0.138" /><testcase classname="backend.tests.test_phase_f44_ofd_alerts.TestOfdAlerts" name="test_5b_fired_unknown_shipment_returns_404" time="0.047" /><testcase classname="backend.tests.test_phase_f44_ofd_alerts.TestDeliveredAfterOfd" name="test_6_delivered_clears_alert_flag" time="1.702" /></testsuite></testsuites>