<?xml version="1.0" encoding="utf-8"?><testsuites name="pytest tests"><testsuite name="pytest" errors="0" failures="1" skipped="0" tests="23" time="8.879" timestamp="2026-07-01T05:31:41.493371+00:00" hostname="agent-env-36ddfdb9-e4d3-40a3-8a0d-82977140af50"><testcase classname="backend.tests.test_shipment_labels_phase_f41.TestA_LabelsCRUD" name="test_A1_list_labels_and_defaults_present" time="0.704" /><testcase classname="backend.tests.test_shipment_labels_phase_f41.TestA_LabelsCRUD" name="test_A2_create_label" time="0.093" /><testcase classname="backend.tests.test_shipment_labels_phase_f41.TestA_LabelsCRUD" name="test_A3_duplicate_name_case_insensitive" time="0.090" /><testcase classname="backend.tests.test_shipment_labels_phase_f41.TestA_LabelsCRUD" name="test_A4_update_label" time="0.087" /><testcase classname="backend.tests.test_shipment_labels_phase_f41.TestA_LabelsCRUD" name="test_A5_update_empty_body" time="0.043" /><testcase classname="backend.tests.test_shipment_labels_phase_f41.TestA_LabelsCRUD" name="test_A6_update_nonexistent" time="0.045" /><testcase classname="backend.tests.test_shipment_labels_phase_f41.TestB_ShipmentAssignment" name="test_B0_prep_shipment" time="0.091" /><testcase classname="backend.tests.test_shipment_labels_phase_f41.TestB_ShipmentAssignment" name="test_B1_assign_labels" time="0.135"><failure message="AssertionError: assert set() == {'c3edf2e6-9c...564f1457b441'}&#10;  &#10;  Extra items in the right set:&#10;  'd35925ce-2cff-4635-a24b-564f1457b441'&#10;  'c3edf2e6-9c78-41b3-8590-6b7841f6cb5d'&#10;  &#10;  Full diff:&#10;  + set()...&#10;  &#10;  ...Full output truncated (4 lines hidden), use '-vv' to show">backend/tests/test_shipment_labels_phase_f41.py:259: in test_B1_assign_labels
    assert set(ship.get("labels", [])) == set(lids)
E   AssertionError: assert set() == {'c3edf2e6-9c...564f1457b441'}
E     
E     Extra items in the right set:
E     'd35925ce-2cff-4635-a24b-564f1457b441'
E     'c3edf2e6-9c78-41b3-8590-6b7841f6cb5d'
E     
E     Full diff:
E     + set()...
E     
E     ...Full output truncated (4 lines hidden), use '-vv' to show</failure></testcase><testcase classname="backend.tests.test_shipment_labels_phase_f41.TestB_ShipmentAssignment" name="test_B2_idempotency" time="0.045" /><testcase classname="backend.tests.test_shipment_labels_phase_f41.TestB_ShipmentAssignment" name="test_B3_dedupe_input" time="0.043" /><testcase classname="backend.tests.test_shipment_labels_phase_f41.TestB_ShipmentAssignment" name="test_B4_silent_drop_invalid_ids" time="0.047" /><testcase classname="backend.tests.test_shipment_labels_phase_f41.TestB_ShipmentAssignment" name="test_B5_clear_labels" time="0.099" /><testcase classname="backend.tests.test_shipment_labels_phase_f41.TestB_ShipmentAssignment" name="test_B6_cap_check_over_20" time="0.044" /><testcase classname="backend.tests.test_shipment_labels_phase_f41.TestB_ShipmentAssignment" name="test_B7_shipment_not_found" time="0.047" /><testcase classname="backend.tests.test_shipment_labels_phase_f41.TestC_DeleteWithCleanup" name="test_C1_reassign_label" time="0.087" /><testcase classname="backend.tests.test_shipment_labels_phase_f41.TestC_DeleteWithCleanup" name="test_C2_delete_label" time="0.049" /><testcase classname="backend.tests.test_shipment_labels_phase_f41.TestC_DeleteWithCleanup" name="test_C3_verify_cleanup" time="0.101" /><testcase classname="backend.tests.test_shipment_labels_phase_f41.TestC_DeleteWithCleanup" name="test_C4_delete_nonexistent" time="0.045" /><testcase classname="backend.tests.test_shipment_labels_phase_f41.TestD_Regression" name="test_D1_get_shipments_schema_intact" time="0.045" /><testcase classname="backend.tests.test_shipment_labels_phase_f41.TestD_Regression" name="test_D2_create_shipment_without_labels" time="6.081" /><testcase classname="backend.tests.test_shipment_labels_phase_f41.TestD_Regression" name="test_D3_put_shipment_non_labels_update" time="0.104" /><testcase classname="backend.tests.test_shipment_labels_phase_f41.TestE_MultiUserIsolation" name="test_E1_user2_has_own_defaults" time="0.537" /><testcase classname="backend.tests.test_shipment_labels_phase_f41.TestE_MultiUserIsolation" name="test_E2_user2_cannot_delete_admin_label" time="0.096" /></testsuite></testsuites>