<?xml version="1.0" encoding="utf-8"?><testsuites name="pytest tests"><testsuite name="pytest" errors="0" failures="0" skipped="0" tests="16" time="24.030" timestamp="2026-06-23T13:12:22.796231+00:00" hostname="agent-env-36ddfdb9-e4d3-40a3-8a0d-82977140af50"><testcase classname="backend.tests.test_phase33_weight_parser.TestWeightParserHappyPaths" name="test_post_weight_parsed[250gm-250 g-250.0-g]" time="16.474" /><testcase classname="backend.tests.test_phase33_weight_parser.TestWeightParserHappyPaths" name="test_post_weight_parsed[500 gm-500 g-500.0-g]" time="1.058" /><testcase classname="backend.tests.test_phase33_weight_parser.TestWeightParserHappyPaths" name="test_post_weight_parsed[1kg-1 kg-1.0-kg]" time="0.549" /><testcase classname="backend.tests.test_phase33_weight_parser.TestWeightParserHappyPaths" name="test_post_weight_parsed[2 kg-2 kg-2.0-kg]" time="0.561" /><testcase classname="backend.tests.test_phase33_weight_parser.TestWeightParserHappyPaths" name="test_post_weight_parsed[1.5 kg-1.5 kg-1.5-kg]" time="0.560" /><testcase classname="backend.tests.test_phase33_weight_parser.TestWeightParserHappyPaths" name="test_post_weight_parsed[250g-250 g-250.0-g]" time="0.520" /><testcase classname="backend.tests.test_phase33_weight_parser.TestWeightParserHappyPaths" name="test_post_weight_parsed[3 grams-3 g-3.0-g]" time="0.502" /><testcase classname="backend.tests.test_phase33_weight_parser.TestWeightParserHappyPaths" name="test_post_weight_parsed[500-500 g-500.0-g]" time="0.552" /><testcase classname="backend.tests.test_phase33_weight_parser.TestWeightParserHappyPaths" name="test_post_weight_parsed[1.5-1.5 kg-1.5-kg]" time="0.595" /><testcase classname="backend.tests.test_phase33_weight_parser.TestWeightParserRejection" name="test_post_invalid_weight_returns_422[abc]" time="0.059" /><testcase classname="backend.tests.test_phase33_weight_parser.TestWeightParserRejection" name="test_post_invalid_weight_returns_422[10x20]" time="0.047" /><testcase classname="backend.tests.test_phase33_weight_parser.TestWeightParserRejection" name="test_post_invalid_weight_returns_422[heavy]" time="0.043" /><testcase classname="backend.tests.test_phase33_weight_parser.TestWeightParserBlankPassThrough" name="test_post_empty_string_weight" time="0.680" /><testcase classname="backend.tests.test_phase33_weight_parser.TestWeightParserBlankPassThrough" name="test_post_missing_weight_key" time="0.525" /><testcase classname="backend.tests.test_phase33_weight_parser.TestWeightParserBlankPassThrough" name="test_post_weight_none" time="0.571" /><testcase classname="backend.tests.test_phase33_weight_parser.TestWeightParserPutUpdate" name="test_put_weight_edit_parses" time="0.645" /></testsuite></testsuites>