<?xml version="1.0" encoding="utf-8"?><testsuites name="pytest tests"><testsuite name="pytest" errors="0" failures="0" skipped="0" tests="64" time="18.088" timestamp="2026-07-06T12:35:27.943707+00:00" hostname="agent-env-36ddfdb9-e4d3-40a3-8a0d-82977140af50"><testcase classname="tests.test_phase_f50_per_courier_sync.TestStatusChoices" name="test_returns_6_canonical_choices_with_whitelist_flag" time="0.501" /><testcase classname="tests.test_phase_f50_per_courier_sync.TestStatusChoices" name="test_status_choices_requires_auth" time="0.096" /><testcase classname="tests.test_phase_f50_per_courier_sync.TestDefaultsEndpoint" name="test_india_post_default_matched" time="0.044" /><testcase classname="tests.test_phase_f50_per_courier_sync.TestDefaultsEndpoint" name="test_unknown_name_returns_null" time="0.043" /><testcase classname="tests.test_phase_f50_per_courier_sync.TestDefaultsEndpoint" name="test_defaults_requires_auth" time="0.094" /><testcase classname="tests.test_phase_f50_per_courier_sync.TestCourierAutoSyncModel" name="test_list_returns_new_fields" time="0.060" /><testcase classname="tests.test_phase_f50_per_courier_sync.TestCourierAutoSyncModel" name="test_create_and_get_nandan_courier" time="0.089" /><testcase classname="tests.test_phase_f50_per_courier_sync.TestCourierAutoSyncModel" name="test_update_add_third_rule_and_change_regex" time="0.091" /><testcase classname="tests.test_phase_f50_per_courier_sync.TestCourierAutoSyncModel" name="test_zzz_cleanup_created_courier" time="0.043" /><testcase classname="tests.test_phase_f50_per_courier_sync.TestSyncTestParse" name="test_parse_ofd_success" time="0.110" /><testcase classname="tests.test_phase_f50_per_courier_sync.TestSyncTestParse" name="test_parse_garbage_sender_fails" time="0.045" /><testcase classname="tests.test_phase_f50_per_courier_sync.TestSyncTestParse" name="test_parse_404_for_missing_courier" time="0.043" /><testcase classname="tests.test_phase_f50_per_courier_sync.TestSyncEventsEndpoint" name="test_empty_events_for_fresh_courier" time="0.143" /><testcase classname="tests.test_phase_f50_per_courier_sync.TestSyncEventsEndpoint" name="test_sync_events_404_unknown_courier" time="0.045" /><testcase classname="tests.test_phase_f50_per_courier_sync.TestIngestPerCourierConfig" name="test_end_to_end_ingest_updates_shipment_status" time="2.403" /><testcase classname="tests.test_phase_f50_per_courier_sync.TestMigration" name="test_india_post_courier_auto_migrated" time="0.053" /><testcase classname="tests.test_courier_sync.TestAuthGate" name="test_no_auth_returns_401[/courier-sync/partners-GET-None]" time="0.093" /><testcase classname="tests.test_courier_sync.TestAuthGate" name="test_no_auth_returns_401[/courier-sync/configs-GET-None]" time="0.106" /><testcase classname="tests.test_courier_sync.TestAuthGate" name="test_no_auth_returns_401[/courier-sync/configs/india_post-PUT-body2]" time="0.118" /><testcase classname="tests.test_courier_sync.TestAuthGate" name="test_no_auth_returns_401[/courier-sync/test-parse-POST-body3]" time="0.114" /><testcase classname="tests.test_courier_sync.TestAuthGate" name="test_no_auth_returns_401[/courier-sync/ingest-POST-body4]" time="0.104" /><testcase classname="tests.test_courier_sync.TestAuthGate" name="test_no_auth_returns_401[/courier-sync/events-GET-None]" time="0.091" /><testcase classname="tests.test_courier_sync.TestPartners" name="test_list_partners" time="0.429" /><testcase classname="tests.test_courier_sync.TestConfigs" name="test_unknown_partner_404" time="0.049" /><testcase classname="tests.test_courier_sync.TestConfigs" name="test_configs_initially_no_indiapost_for_user2" time="0.443" /><testcase classname="tests.test_courier_sync.TestConfigs" name="test_enable_indiapost_upsert" time="0.101" /><testcase classname="tests.test_courier_sync.TestConfigs" name="test_partners_lists_enabled_true_after_put" time="0.047" /><testcase classname="tests.test_courier_sync.TestConfigs" name="test_get_configs_returns_indiapost" time="0.046" /><testcase classname="tests.test_courier_sync.TestTestParse" name="test_out_for_delivery" time="0.049" /><testcase classname="tests.test_courier_sync.TestTestParse" name="test_delivered_with_date" time="0.051" /><testcase classname="tests.test_courier_sync.TestTestParse" name="test_wrong_sender" time="0.046" /><testcase classname="tests.test_courier_sync.TestTestParse" name="test_right_sender_no_awb" time="0.048" /><testcase classname="tests.test_courier_sync.TestTestParse" name="test_no_status_keyword_in_text" time="0.045" /><testcase classname="tests.test_courier_sync.TestTestParse" name="test_lowercase_tracking_id" time="0.050" /><testcase classname="tests.test_courier_sync.TestTestParse" name="test_no_space_variant" time="0.058" /><testcase classname="tests.test_courier_sync.TestIngest" name="test_partner_disabled_for_user2" time="0.047" /><testcase classname="tests.test_courier_sync.TestIngest" name="test_no_shipment_found" time="0.049" /><testcase classname="tests.test_courier_sync.TestIngest" name="test_happy_path_out_for_delivery" time="2.259" /><testcase classname="tests.test_courier_sync.TestIngest" name="test_happy_path_delivered" time="0.094" /><testcase classname="tests.test_courier_sync.TestIngest" name="test_no_downgrade_after_delivered" time="0.096" /><testcase classname="tests.test_courier_sync.TestIngest" name="test_already_in_sync" time="0.083" /><testcase classname="tests.test_courier_sync.TestIngest" name="test_match_via_manual_tracking_id" time="1.536" /><testcase classname="tests.test_courier_sync.TestIngest" name="test_match_via_order_id" time="1.400" /><testcase classname="tests.test_courier_sync.TestEvents" name="test_admin_events_list" time="0.064" /><testcase classname="tests.test_courier_sync.TestEvents" name="test_only_matched_filter" time="0.053" /><testcase classname="tests.test_courier_sync.TestEvents" name="test_limit_clamp" time="0.050" /><testcase classname="tests.test_courier_sync.TestEvents" name="test_user_isolation" time="0.098" /><testcase classname="tests.test_courier_sync.TestEvents" name="test_user_isolation_configs" time="0.051" /><testcase classname="tests.test_courier_sync_whitelist.TestParserWhitelist" name="test_parse_case[A1-VA-INPOST-G-Item: EG350860840IN has been Booked at PUNE GPO on 2026-06-30 - IndiaPost-True-Booked-Shipped]" time="0.510" /><testcase classname="tests.test_courier_sync_whitelist.TestParserWhitelist" name="test_parse_case[A2-VA-INPOST-G-Item: EG350860840IN has been Delivered on 2026-06-30 at PUNE GPO - IndiaPost-True-Delivered-Delivered]" time="0.043" /><testcase classname="tests.test_courier_sync_whitelist.TestParserWhitelist" name="test_parse_case[A3-VA-INPOST-G-Item: EG350860840IN is out for delivery. Delivery will be attempted by - JOHN DOE (BEAT_03) on 2026-06-30 - IndiaPost-True-Out for Delivery-Out for Delivery]" time="0.041" /><testcase classname="tests.test_courier_sync_whitelist.TestParserWhitelist" name="test_parse_case[A4-VA-INPOST-G-Item: EG350860840IN in transit at DELHI - IndiaPost-True-In Transit-]" time="0.043" /><testcase classname="tests.test_courier_sync_whitelist.TestParserWhitelist" name="test_parse_case[A5-VA-INPOST-G-Item: EG350860840IN could not be delivered. - IndiaPost-True-Undelivered-]" time="0.044" /><testcase classname="tests.test_courier_sync_whitelist.TestParserWhitelist" name="test_parse_case[A6-VA-INPOST-G-Item: EG350860840IN has been returned to sender - IndiaPost-True-RTO-]" time="0.082" /><testcase classname="tests.test_courier_sync_whitelist.TestParserWhitelist" name="test_A7_wrong_sender" time="0.044" /><testcase classname="tests.test_courier_sync_whitelist.TestIngestWhitelist" name="test_B0_capture_initial_status" time="1.779" /><testcase classname="tests.test_courier_sync_whitelist.TestIngestWhitelist" name="test_B1_in_transit_ignored" time="0.093" /><testcase classname="tests.test_courier_sync_whitelist.TestIngestWhitelist" name="test_B2_out_for_delivery_updates" time="0.094" /><testcase classname="tests.test_courier_sync_whitelist.TestIngestWhitelist" name="test_B3_booked_updates" time="0.130" /><testcase classname="tests.test_courier_sync_whitelist.TestIngestWhitelist" name="test_B4_delivered_updates" time="0.091" /><testcase classname="tests.test_courier_sync_whitelist.TestIngestWhitelist" name="test_B5_post_delivered_in_transit_ignored" time="0.088" /><testcase classname="tests.test_courier_sync_whitelist.TestIngestWhitelist" name="test_C_audit_events_recorded" time="0.077" /><testcase classname="tests.test_courier_sync_whitelist.TestStructuredLogs" name="test_D1_b3_pipeline_steps" time="1.002" /><testcase classname="tests.test_courier_sync_whitelist.TestStructuredLogs" name="test_D2_b1_skip_marker" time="1.921" /></testsuite></testsuites>