<?xml version="1.0" encoding="utf-8"?><testsuites name="pytest tests"><testsuite name="pytest" errors="0" failures="0" skipped="0" tests="11" time="2.582" timestamp="2026-07-10T17:37:11.420428+00:00" hostname="agent-env-36ddfdb9-e4d3-40a3-8a0d-82977140af50"><testcase classname="tests.test_phase_f76_booking_date_delivery_import.TestPreviewExposesBookingDate" name="test_target_fields_includes_booking_date" time="0.558" /><testcase classname="tests.test_phase_f76_booking_date_delivery_import.TestPreviewExposesBookingDate" name="test_auto_suggest_booked_on" time="0.105" /><testcase classname="tests.test_phase_f76_booking_date_delivery_import.TestPreviewExposesBookingDate" name="test_auto_suggest_booking_date_header" time="0.105" /><testcase classname="tests.test_phase_f76_booking_date_delivery_import.TestCommitBookingDateUpdated" name="test_updated_when_empty" time="0.213" /><testcase classname="tests.test_phase_f76_booking_date_delivery_import.TestCommitBookingDateSkipped" name="test_skipped_when_already_set" time="0.247" /><testcase classname="tests.test_phase_f76_booking_date_delivery_import.TestCommitBookingDateInvalid" name="test_invalid_cell" time="0.227" /><testcase classname="tests.test_phase_f76_booking_date_delivery_import.TestCommitBookingDateBlank" name="test_blank_cell_no_counter" time="0.228" /><testcase classname="tests.test_phase_f76_booking_date_delivery_import.TestDateFormatParsing" name="test_slash_and_dash_produce_same_iso" time="0.108" /><testcase classname="tests.test_phase_f76_booking_date_delivery_import.TestOtherImportTypesBackwardCompat" name="test_booking_import_returns_zero_counters" time="0.272" /><testcase classname="tests.test_phase_f76_booking_date_delivery_import.TestOtherImportTypesBackwardCompat" name="test_cod_payment_import_returns_zero_counters" time="0.276" /><testcase classname="tests.test_phase_f76_booking_date_delivery_import.TestDeliveryImportRegression" name="test_status_and_tracking_still_apply" time="0.116" /></testsuite></testsuites>