<?xml version="1.0" encoding="utf-8"?><testsuites name="pytest tests"><testsuite name="pytest" errors="0" failures="0" skipped="0" tests="7" time="1.794" timestamp="2026-04-18T18:58:49.181878+00:00" hostname="agent-env-36ddfdb9-e4d3-40a3-8a0d-82977140af50"><testcase classname="backend.tests.test_iteration_3.TestSampleTemplate" name="test_sample_template_returns_csv" time="0.131" /><testcase classname="backend.tests.test_iteration_3.TestSampleTemplate" name="test_sample_template_has_attachment_header" time="0.112" /><testcase classname="backend.tests.test_iteration_3.TestSampleTemplate" name="test_sample_template_has_correct_columns" time="0.150" /><testcase classname="backend.tests.test_iteration_3.TestSampleTemplate" name="test_sample_template_has_4_sample_rows" time="0.182" /><testcase classname="backend.tests.test_iteration_3.TestEnhancedStats" name="test_stats_includes_new_fields" time="0.201" /><testcase classname="backend.tests.test_iteration_3.TestEnhancedStats" name="test_stats_aggregation_prepaid_and_cod" time="0.337" /><testcase classname="backend.tests.test_iteration_3.TestEnhancedStats" name="test_stats_excludes_cancelled_shipments" time="0.559" /></testsuite></testsuites>