<?xml version="1.0" encoding="utf-8"?><testsuites name="pytest tests"><testsuite name="pytest" errors="0" failures="0" skipped="0" tests="5" time="9.636" timestamp="2026-06-24T07:54:55.749140+00:00" hostname="agent-env-36ddfdb9-e4d3-40a3-8a0d-82977140af50"><testcase classname="tests.test_phase31_rev3_ship_overrides.TestRev3CodOverrideHonoured" name="test_override_cod_amount_used_not_pending_amount" time="6.948" /><testcase classname="tests.test_phase31_rev3_ship_overrides.TestRev3CodOverrideHonoured" name="test_override_cod_higher_than_pending_amount" time="0.699" /><testcase classname="tests.test_phase31_rev3_ship_overrides.TestRev3SmartPasteFallback" name="test_no_override_cod_uses_pending_amount" time="0.599" /><testcase classname="tests.test_phase31_rev3_ship_overrides.TestRev3CodValidation" name="test_override_cod_zero_rejected" time="0.695" /><testcase classname="tests.test_phase31_rev3_ship_overrides.TestRev3PrepaidUnaffected" name="test_prepaid_override_amount" time="0.629" /></testsuite></testsuites>