<?xml version="1.0" encoding="utf-8"?><testsuites name="pytest tests"><testsuite name="pytest" errors="0" failures="0" skipped="0" tests="16" time="174.505" timestamp="2026-07-10T06:16:40.532000+00:00" hostname="agent-env-36ddfdb9-e4d3-40a3-8a0d-82977140af50"><testcase classname="backend.tests.test_phase_f70_complaints.TestComplaintCRUD" name="test_patch_valid_complaint_persists" time="0.849" /><testcase classname="backend.tests.test_phase_f70_complaints.TestComplaintCRUD" name="test_invalid_enum_rejected[service_name-INVALID_SVC]" time="0.100" /><testcase classname="backend.tests.test_phase_f70_complaints.TestComplaintCRUD" name="test_invalid_enum_rejected[complaint_type-FooBar]" time="0.105" /><testcase classname="backend.tests.test_phase_f70_complaints.TestComplaintCRUD" name="test_invalid_enum_rejected[complaint_status-Unknown]" time="0.114" /><testcase classname="backend.tests.test_phase_f70_complaints.TestComplaintCRUD" name="test_service_other_with_free_text" time="0.100" /><testcase classname="backend.tests.test_phase_f70_complaints.TestComplaintCRUD" name="test_date_normalisation[2026-07-05]" time="0.120" /><testcase classname="backend.tests.test_phase_f70_complaints.TestComplaintCRUD" name="test_date_normalisation[05/07/2026]" time="0.440" /><testcase classname="backend.tests.test_phase_f70_complaints.TestComplaintCRUD" name="test_date_normalisation[05-07-2026]" time="0.099" /><testcase classname="backend.tests.test_phase_f70_complaints.TestComplaintCRUD" name="test_patch_missing_shipment_returns_404" time="0.095" /><testcase classname="backend.tests.test_phase_f70_complaints.TestComplaintCRUD" name="test_patch_other_users_shipment_returns_404" time="0.624" /><testcase classname="backend.tests.test_phase_f70_complaints.TestComplaintCRUD" name="test_delete_clears_complaint" time="0.298" /><testcase classname="backend.tests.test_phase_f70_complaints.TestComplaintExport" name="test_export_no_complaints_returns_404" time="59.552" /><testcase classname="backend.tests.test_phase_f70_complaints.TestComplaintExport" name="test_export_single_complaint_returns_xlsx" time="0.468" /><testcase classname="backend.tests.test_phase_f70_complaints.TestComplaintExport" name="test_export_multi_part_zip" time="110.663" /><testcase classname="backend.tests.test_phase_f70_complaints.TestComplaintExport" name="test_export_service_other_uses_free_text" time="0.307" /><testcase classname="backend.tests.test_phase_f70_complaints.TestComplaintExport" name="test_export_ids_filter" time="0.501" /></testsuite></testsuites>