<?xml version="1.0" encoding="utf-8"?><testsuites name="pytest tests"><testsuite name="pytest" errors="0" failures="0" skipped="0" tests="16" time="157.700" timestamp="2026-07-10T14:01:55.733474+00:00" hostname="agent-env-36ddfdb9-e4d3-40a3-8a0d-82977140af50"><testcase classname="backend.tests.test_phase_f70_complaints.TestComplaintCRUD" name="test_patch_valid_complaint_persists" time="12.115" /><testcase classname="backend.tests.test_phase_f70_complaints.TestComplaintCRUD" name="test_invalid_enum_rejected[service_name-INVALID_SVC]" time="0.112" /><testcase classname="backend.tests.test_phase_f70_complaints.TestComplaintCRUD" name="test_invalid_enum_rejected[complaint_type-FooBar]" time="0.125" /><testcase classname="backend.tests.test_phase_f70_complaints.TestComplaintCRUD" name="test_invalid_enum_rejected[complaint_status-Unknown]" time="0.122" /><testcase classname="backend.tests.test_phase_f70_complaints.TestComplaintCRUD" name="test_service_other_with_free_text" time="0.098" /><testcase classname="backend.tests.test_phase_f70_complaints.TestComplaintCRUD" name="test_date_normalisation[2026-07-05]" time="0.104" /><testcase classname="backend.tests.test_phase_f70_complaints.TestComplaintCRUD" name="test_date_normalisation[05/07/2026]" time="0.109" /><testcase classname="backend.tests.test_phase_f70_complaints.TestComplaintCRUD" name="test_date_normalisation[05-07-2026]" time="0.124" /><testcase classname="backend.tests.test_phase_f70_complaints.TestComplaintCRUD" name="test_patch_missing_shipment_returns_404" time="0.103" /><testcase classname="backend.tests.test_phase_f70_complaints.TestComplaintCRUD" name="test_patch_other_users_shipment_returns_404" time="0.614" /><testcase classname="backend.tests.test_phase_f70_complaints.TestComplaintCRUD" name="test_delete_clears_complaint" time="0.361" /><testcase classname="backend.tests.test_phase_f70_complaints.TestComplaintExport" name="test_export_no_complaints_returns_404" time="46.301" /><testcase classname="backend.tests.test_phase_f70_complaints.TestComplaintExport" name="test_export_single_complaint_returns_xlsx" time="0.481" /><testcase classname="backend.tests.test_phase_f70_complaints.TestComplaintExport" name="test_export_multi_part_zip" time="96.217" /><testcase classname="backend.tests.test_phase_f70_complaints.TestComplaintExport" name="test_export_service_other_uses_free_text" time="0.103" /><testcase classname="backend.tests.test_phase_f70_complaints.TestComplaintExport" name="test_export_ids_filter" time="0.535" /></testsuite></testsuites>