<?xml version="1.0" encoding="utf-8"?><testsuites name="pytest tests"><testsuite name="pytest" errors="0" failures="0" skipped="0" tests="35" time="47.971" timestamp="2026-06-24T07:25:17.548340+00:00" hostname="agent-env-36ddfdb9-e4d3-40a3-8a0d-82977140af50"><testcase classname="backend.tests.test_phase32_rev2_manual_tracking_precedence.TestManualTrackingIdPrecedence" name="test_auto_courier_with_manual_id_uses_manual_no_counter_bump" time="4.723" /><testcase classname="backend.tests.test_phase32_rev2_manual_tracking_precedence.TestManualTrackingIdPrecedence" name="test_manual_courier_with_manual_id_uses_manual" time="0.988" /><testcase classname="backend.tests.test_phase32_rev2_manual_tracking_precedence.TestManualTrackingIdPrecedence" name="test_auto_courier_empty_manual_id_autogenerates_and_bumps" time="0.863" /><testcase classname="backend.tests.test_phase32_rev2_manual_tracking_precedence.TestManualTrackingIdPrecedence" name="test_manual_courier_no_manual_id_returns_400" time="1.045" /><testcase classname="backend.tests.test_phase32_items_normalization.TestItemsNormalization" name="test_items_as_list_succeeds" time="7.634" /><testcase classname="backend.tests.test_phase32_items_normalization.TestItemsNormalization" name="test_items_as_legacy_string_succeeds" time="0.819" /><testcase classname="backend.tests.test_phase32_items_normalization.TestItemsNormalization" name="test_items_empty_list" time="0.583" /><testcase classname="backend.tests.test_phase32_items_normalization.TestItemsNormalization" name="test_items_none" time="0.682" /><testcase classname="backend.tests.test_phase32_items_normalization.TestItemsNormalization" name="test_items_with_whitespace_and_empties" time="0.650" /><testcase classname="backend.tests.test_phase32_items_normalization.TestItemsNormalization" name="test_ship_without_overrides_regression" time="1.676" /><testcase classname="backend.tests.test_phase31_cod_math.TestCreateShipmentMath" name="test_cod_amount_with_token_legacy_payload" time="3.547" /><testcase classname="backend.tests.test_phase31_cod_math.TestCreateShipmentMath" name="test_cod_with_explicit_cod_amount" time="1.271" /><testcase classname="backend.tests.test_phase31_cod_math.TestCreateShipmentMath" name="test_cod_no_token" time="1.519" /><testcase classname="backend.tests.test_phase31_cod_math.TestCreateShipmentMath" name="test_cod_token_exceeds_cod_no_clamp" time="0.558" /><testcase classname="backend.tests.test_phase31_cod_math.TestCreateShipmentMath" name="test_prepaid_amount_no_cod" time="2.160" /><testcase classname="backend.tests.test_phase31_cod_math.TestUpdateShipmentMath" name="test_put_amount_treated_as_new_cod" time="0.882" /><testcase classname="backend.tests.test_phase31_cod_math.TestUpdateShipmentMath" name="test_put_cod_amount_recomputes_total" time="0.613" /><testcase classname="backend.tests.test_phase31_cod_math.TestSmartPasteShipMath" name="test_ship_from_pending_amount_is_cod_plus_token" time="3.280" /><testcase classname="backend.tests.test_phase31_cod_math.TestCsvExportCodBalance" name="test_cod_balance_uses_verbatim_cod" time="1.642" /><testcase classname="backend.tests.test_phase33_weight_parser.TestWeightParserHappyPaths" name="test_post_weight_parsed[250gm-250 g-250.0-g]" time="3.304" /><testcase classname="backend.tests.test_phase33_weight_parser.TestWeightParserHappyPaths" name="test_post_weight_parsed[500 gm-500 g-500.0-g]" time="0.630" /><testcase classname="backend.tests.test_phase33_weight_parser.TestWeightParserHappyPaths" name="test_post_weight_parsed[1kg-1 kg-1.0-kg]" time="0.797" /><testcase classname="backend.tests.test_phase33_weight_parser.TestWeightParserHappyPaths" name="test_post_weight_parsed[2 kg-2 kg-2.0-kg]" time="0.788" /><testcase classname="backend.tests.test_phase33_weight_parser.TestWeightParserHappyPaths" name="test_post_weight_parsed[1.5 kg-1.5 kg-1.5-kg]" time="0.549" /><testcase classname="backend.tests.test_phase33_weight_parser.TestWeightParserHappyPaths" name="test_post_weight_parsed[250g-250 g-250.0-g]" time="0.879" /><testcase classname="backend.tests.test_phase33_weight_parser.TestWeightParserHappyPaths" name="test_post_weight_parsed[3 grams-3 g-3.0-g]" time="0.894" /><testcase classname="backend.tests.test_phase33_weight_parser.TestWeightParserHappyPaths" name="test_post_weight_parsed[500-500 g-500.0-g]" time="1.401" /><testcase classname="backend.tests.test_phase33_weight_parser.TestWeightParserHappyPaths" name="test_post_weight_parsed[1.5-1.5 kg-1.5-kg]" time="0.653" /><testcase classname="backend.tests.test_phase33_weight_parser.TestWeightParserRejection" name="test_post_invalid_weight_returns_422[abc]" time="0.047" /><testcase classname="backend.tests.test_phase33_weight_parser.TestWeightParserRejection" name="test_post_invalid_weight_returns_422[10x20]" time="0.048" /><testcase classname="backend.tests.test_phase33_weight_parser.TestWeightParserRejection" name="test_post_invalid_weight_returns_422[heavy]" time="0.044" /><testcase classname="backend.tests.test_phase33_weight_parser.TestWeightParserBlankPassThrough" name="test_post_empty_string_weight" time="0.978" /><testcase classname="backend.tests.test_phase33_weight_parser.TestWeightParserBlankPassThrough" name="test_post_missing_weight_key" time="0.551" /><testcase classname="backend.tests.test_phase33_weight_parser.TestWeightParserBlankPassThrough" name="test_post_weight_none" time="0.527" /><testcase classname="backend.tests.test_phase33_weight_parser.TestWeightParserPutUpdate" name="test_put_weight_edit_parses" time="0.652" /></testsuite></testsuites>