<?xml version="1.0" encoding="utf-8"?><testsuites name="pytest tests"><testsuite name="pytest" errors="0" failures="0" skipped="0" tests="21" time="4.216" timestamp="2026-04-18T17:34:38.358240+00:00" hostname="agent-env-36ddfdb9-e4d3-40a3-8a0d-82977140af50"><testcase classname="tests.test_courier_label_api.TestCouriers" name="test_list_couriers_returns_5_seeded" time="0.276" /><testcase classname="tests.test_courier_label_api.TestCouriers" name="test_peek_next_tracking" time="0.194" /><testcase classname="tests.test_courier_label_api.TestCouriers" name="test_consume_tracking_increments" time="0.250" /><testcase classname="tests.test_courier_label_api.TestCouriers" name="test_create_courier" time="0.166" /><testcase classname="tests.test_courier_label_api.TestCouriers" name="test_update_courier" time="0.252" /><testcase classname="tests.test_courier_label_api.TestCouriers" name="test_delete_courier" time="0.212" /><testcase classname="tests.test_courier_label_api.TestSettings" name="test_get_settings_returns_defaults" time="0.143" /><testcase classname="tests.test_courier_label_api.TestSettings" name="test_update_settings" time="0.162" /><testcase classname="tests.test_courier_label_api.TestShipments" name="test_create_shipment" time="0.221" /><testcase classname="tests.test_courier_label_api.TestShipments" name="test_list_shipments" time="0.101" /><testcase classname="tests.test_courier_label_api.TestShipments" name="test_list_shipments_with_status_filter" time="0.301" /><testcase classname="tests.test_courier_label_api.TestShipments" name="test_list_shipments_with_search" time="0.215" /><testcase classname="tests.test_courier_label_api.TestShipments" name="test_update_shipment_to_delivered" time="0.295" /><testcase classname="tests.test_courier_label_api.TestShipments" name="test_delete_shipment" time="0.257" /><testcase classname="tests.test_courier_label_api.TestStats" name="test_get_stats" time="0.112" /><testcase classname="tests.test_courier_label_api.TestStats" name="test_stats_cod_total_calculation" time="0.267" /><testcase classname="tests.test_courier_label_api.TestCSVExport" name="test_export_csv_returns_csv" time="0.111" /><testcase classname="tests.test_courier_label_api.TestErrorHandling" name="test_get_nonexistent_courier_returns_404" time="0.145" /><testcase classname="tests.test_courier_label_api.TestErrorHandling" name="test_get_nonexistent_shipment_returns_404" time="0.130" /><testcase classname="tests.test_courier_label_api.TestErrorHandling" name="test_update_nonexistent_courier_returns_404" time="0.176" /><testcase classname="tests.test_courier_label_api.TestErrorHandling" name="test_delete_nonexistent_courier_returns_404" time="0.114" /></testsuite></testsuites>