<?xml version="1.0" encoding="utf-8"?><testsuites name="pytest tests"><testsuite name="pytest" errors="0" failures="0" skipped="0" tests="9" time="9.682" timestamp="2026-06-17T18:06:39.277861+00:00" hostname="agent-env-36ddfdb9-e4d3-40a3-8a0d-82977140af50"><testcase classname="tests.test_phase31_cod_math.TestCreateShipmentMath" name="test_cod_amount_with_token" time="3.855" /><testcase classname="tests.test_phase31_cod_math.TestCreateShipmentMath" name="test_cod_no_token" time="0.620" /><testcase classname="tests.test_phase31_cod_math.TestCreateShipmentMath" name="test_cod_token_exceeds_amount_clamps_to_zero" time="0.582" /><testcase classname="tests.test_phase31_cod_math.TestCreateShipmentMath" name="test_prepaid_amount_no_cod" time="0.585" /><testcase classname="tests.test_phase31_cod_math.TestCreateShipmentMath" name="test_cod_no_explicit_cod_amount_payload" time="0.596" /><testcase classname="tests.test_phase31_cod_math.TestUpdateShipmentMath" name="test_update_amount_recomputes_cod" time="0.666" /><testcase classname="tests.test_phase31_cod_math.TestUpdateShipmentMath" name="test_update_amount_without_payment_mode" time="0.653" /><testcase classname="tests.test_phase31_cod_math.TestCsvExportCodBalance" name="test_cod_balance_uses_stored_cod_amount" time="0.753" /><testcase classname="tests.test_phase31_cod_math.TestSmartPasteShipMath" name="test_ship_from_pending_applies_canonical_math" time="1.306" /></testsuite></testsuites>