<?xml version="1.0" encoding="utf-8"?><testsuites name="pytest tests"><testsuite name="pytest" errors="0" failures="5" skipped="0" tests="40" time="22.596" timestamp="2026-06-24T07:56:20.256336+00:00" hostname="agent-env-36ddfdb9-e4d3-40a3-8a0d-82977140af50"><testcase classname="tests.test_phase31_rev3_ship_overrides.TestRev3CodOverrideHonoured" name="test_override_cod_amount_used_not_pending_amount" time="1.056" /><testcase classname="tests.test_phase31_rev3_ship_overrides.TestRev3CodOverrideHonoured" name="test_override_cod_higher_than_pending_amount" time="0.557" /><testcase classname="tests.test_phase31_rev3_ship_overrides.TestRev3SmartPasteFallback" name="test_no_override_cod_uses_pending_amount" time="0.617" /><testcase classname="tests.test_phase31_rev3_ship_overrides.TestRev3CodValidation" name="test_override_cod_zero_rejected" time="0.643" /><testcase classname="tests.test_phase31_rev3_ship_overrides.TestRev3PrepaidUnaffected" name="test_prepaid_override_amount" time="0.701" /><testcase classname="tests.test_phase31_cod_math.TestCreateShipmentMath" name="test_cod_amount_with_token_legacy_payload" time="0.867" /><testcase classname="tests.test_phase31_cod_math.TestCreateShipmentMath" name="test_cod_with_explicit_cod_amount" time="0.482" /><testcase classname="tests.test_phase31_cod_math.TestCreateShipmentMath" name="test_cod_no_token" time="0.513" /><testcase classname="tests.test_phase31_cod_math.TestCreateShipmentMath" name="test_cod_token_exceeds_cod_no_clamp" time="0.500" /><testcase classname="tests.test_phase31_cod_math.TestCreateShipmentMath" name="test_prepaid_amount_no_cod" time="0.555" /><testcase classname="tests.test_phase31_cod_math.TestUpdateShipmentMath" name="test_put_amount_treated_as_new_cod" time="0.643" /><testcase classname="tests.test_phase31_cod_math.TestUpdateShipmentMath" name="test_put_cod_amount_recomputes_total" time="0.609" /><testcase classname="tests.test_phase31_cod_math.TestSmartPasteShipMath" name="test_ship_from_pending_amount_is_cod_plus_token" time="0.604" /><testcase classname="tests.test_phase31_cod_math.TestCsvExportCodBalance" name="test_cod_balance_uses_verbatim_cod" time="0.617" /><testcase classname="tests.test_phase32_items_normalization.TestItemsNormalization" name="test_items_as_list_succeeds" time="1.125" /><testcase classname="tests.test_phase32_items_normalization.TestItemsNormalization" name="test_items_as_legacy_string_succeeds" time="0.556" /><testcase classname="tests.test_phase32_items_normalization.TestItemsNormalization" name="test_items_empty_list" time="0.589" /><testcase classname="tests.test_phase32_items_normalization.TestItemsNormalization" name="test_items_none" time="0.516" /><testcase classname="tests.test_phase32_items_normalization.TestItemsNormalization" name="test_items_with_whitespace_and_empties" time="0.559" /><testcase classname="tests.test_phase32_items_normalization.TestItemsNormalization" name="test_ship_without_overrides_regression" time="3.811"><failure message="AssertionError: smart-paste failed: 502 &lt;!DOCTYPE html&gt;&#10;  &lt;!--[if lt IE 7]&gt; &lt;html class=&quot;no-js ie6 oldie&quot; lang=&quot;en-US&quot;&gt; &lt;![endif]--&gt;&#10;  &lt;!--[if IE 7]&gt;    &lt;html class=&quot;no-js ie7 oldie&quot; lang=&quot;en-US&quot;&gt; &lt;![endif]--&gt;&#10;  &lt;!--[if IE 8]&gt;    &lt;html class=&quot;no-js ie8 oldie&quot; lang=&quot;en-US&quot;&gt; &lt;![endif]--&gt;&#10;  &lt;!--[if gt IE 8]&gt;&lt;!--&gt; &lt;html class=&quot;no-js&quot; lang=&quot;en-US&quot;&gt; &lt;!--&lt;![endif]--&gt;&#10;  &lt;head&gt;&#10;  &#10;  &lt;title&gt;preview.emergentagent.com | 502: Bad gateway&lt;/title&gt;&#10;  &lt;meta charset=&quot;UT&#10;assert 502 == 200&#10; +  where 502 = &lt;Response [502]&gt;.status_code">tests/test_phase32_items_normalization.py:232: in test_ship_without_overrides_regression
    pid = _create_pending(
tests/test_phase32_items_normalization.py:107: in _create_pending
    assert r.status_code == 200, (
E   AssertionError: smart-paste failed: 502 &lt;!DOCTYPE html&gt;
E     &lt;!--[if lt IE 7]&gt; &lt;html class="no-js ie6 oldie" lang="en-US"&gt; &lt;![endif]--&gt;
E     &lt;!--[if IE 7]&gt;    &lt;html class="no-js ie7 oldie" lang="en-US"&gt; &lt;![endif]--&gt;
E     &lt;!--[if IE 8]&gt;    &lt;html class="no-js ie8 oldie" lang="en-US"&gt; &lt;![endif]--&gt;
E     &lt;!--[if gt IE 8]&gt;&lt;!--&gt; &lt;html class="no-js" lang="en-US"&gt; &lt;!--&lt;![endif]--&gt;
E     &lt;head&gt;
E     
E     &lt;title&gt;preview.emergentagent.com | 502: Bad gateway&lt;/title&gt;
E     &lt;meta charset="UT
E   assert 502 == 200
E    +  where 502 = &lt;Response [502]&gt;.status_code</failure></testcase><testcase classname="tests.test_phase33_weight_parser.TestWeightParserHappyPaths" name="test_post_weight_parsed[250gm-250 g-250.0-g]" time="0.709" /><testcase classname="tests.test_phase33_weight_parser.TestWeightParserHappyPaths" name="test_post_weight_parsed[500 gm-500 g-500.0-g]" time="0.209" /><testcase classname="tests.test_phase33_weight_parser.TestWeightParserHappyPaths" name="test_post_weight_parsed[1kg-1 kg-1.0-kg]" time="0.326" /><testcase classname="tests.test_phase33_weight_parser.TestWeightParserHappyPaths" name="test_post_weight_parsed[2 kg-2 kg-2.0-kg]" time="0.203" /><testcase classname="tests.test_phase33_weight_parser.TestWeightParserHappyPaths" name="test_post_weight_parsed[1.5 kg-1.5 kg-1.5-kg]" time="0.450" /><testcase classname="tests.test_phase33_weight_parser.TestWeightParserHappyPaths" name="test_post_weight_parsed[250g-250 g-250.0-g]" time="0.221" /><testcase classname="tests.test_phase33_weight_parser.TestWeightParserHappyPaths" name="test_post_weight_parsed[3 grams-3 g-3.0-g]" time="0.446" /><testcase classname="tests.test_phase33_weight_parser.TestWeightParserHappyPaths" name="test_post_weight_parsed[500-500 g-500.0-g]" time="0.217" /><testcase classname="tests.test_phase33_weight_parser.TestWeightParserHappyPaths" name="test_post_weight_parsed[1.5-1.5 kg-1.5-kg]" time="0.204" /><testcase classname="tests.test_phase33_weight_parser.TestWeightParserRejection" name="test_post_invalid_weight_returns_422[abc]" time="0.045" /><testcase classname="tests.test_phase33_weight_parser.TestWeightParserRejection" name="test_post_invalid_weight_returns_422[10x20]" time="0.048" /><testcase classname="tests.test_phase33_weight_parser.TestWeightParserRejection" name="test_post_invalid_weight_returns_422[heavy]" time="0.046" /><testcase classname="tests.test_phase33_weight_parser.TestWeightParserBlankPassThrough" name="test_post_empty_string_weight" time="0.217" /><testcase classname="tests.test_phase33_weight_parser.TestWeightParserBlankPassThrough" name="test_post_missing_weight_key" time="0.205" /><testcase classname="tests.test_phase33_weight_parser.TestWeightParserBlankPassThrough" name="test_post_weight_none" time="0.373" /><testcase classname="tests.test_phase33_weight_parser.TestWeightParserPutUpdate" name="test_put_weight_edit_parses" time="0.321" /><testcase classname="tests.test_phase32_rev2_manual_tracking_precedence.TestManualTrackingIdPrecedence" name="test_auto_courier_with_manual_id_uses_manual_no_counter_bump" time="0.644"><failure message="AssertionError: smart-paste failed: 502 &lt;!DOCTYPE html&gt;&#10;  &lt;!--[if lt IE 7]&gt; &lt;html class=&quot;no-js ie6 oldie&quot; lang=&quot;en-US&quot;&gt; &lt;![endif]--&gt;&#10;  &lt;!--[if IE 7]&gt;    &lt;html class=&quot;no-js ie7 oldie&quot; lang=&quot;en-US&quot;&gt; &lt;![endif]--&gt;&#10;  &lt;!--[if IE 8]&gt;    &lt;html class=&quot;no-js ie8 oldie&quot; lang=&quot;en-US&quot;&gt; &lt;![endif]--&gt;&#10;  &lt;!--[if gt IE 8]&gt;&lt;!--&gt; &lt;html class=&quot;no-js&quot; lang=&quot;en-US&quot;&gt; &lt;!--&lt;![endif]--&gt;&#10;  &lt;head&gt;&#10;  &#10;  &lt;title&gt;preview.emergentagent.com | 502: Bad gateway&lt;/title&gt;&#10;  &lt;meta charset=&quot;UT&#10;assert 502 == 200&#10; +  where 502 = &lt;Response [502]&gt;.status_code">tests/test_phase32_rev2_manual_tracking_precedence.py:221: in test_auto_courier_with_manual_id_uses_manual_no_counter_bump
    pid = _create_pending(
tests/test_phase32_rev2_manual_tracking_precedence.py:188: in _create_pending
    assert r.status_code == 200, (
E   AssertionError: smart-paste failed: 502 &lt;!DOCTYPE html&gt;
E     &lt;!--[if lt IE 7]&gt; &lt;html class="no-js ie6 oldie" lang="en-US"&gt; &lt;![endif]--&gt;
E     &lt;!--[if IE 7]&gt;    &lt;html class="no-js ie7 oldie" lang="en-US"&gt; &lt;![endif]--&gt;
E     &lt;!--[if IE 8]&gt;    &lt;html class="no-js ie8 oldie" lang="en-US"&gt; &lt;![endif]--&gt;
E     &lt;!--[if gt IE 8]&gt;&lt;!--&gt; &lt;html class="no-js" lang="en-US"&gt; &lt;!--&lt;![endif]--&gt;
E     &lt;head&gt;
E     
E     &lt;title&gt;preview.emergentagent.com | 502: Bad gateway&lt;/title&gt;
E     &lt;meta charset="UT
E   assert 502 == 200
E    +  where 502 = &lt;Response [502]&gt;.status_code</failure></testcase><testcase classname="tests.test_phase32_rev2_manual_tracking_precedence.TestManualTrackingIdPrecedence" name="test_manual_courier_with_manual_id_uses_manual" time="0.555"><failure message="AssertionError: smart-paste failed: 502 &lt;!DOCTYPE html&gt;&#10;  &lt;!--[if lt IE 7]&gt; &lt;html class=&quot;no-js ie6 oldie&quot; lang=&quot;en-US&quot;&gt; &lt;![endif]--&gt;&#10;  &lt;!--[if IE 7]&gt;    &lt;html class=&quot;no-js ie7 oldie&quot; lang=&quot;en-US&quot;&gt; &lt;![endif]--&gt;&#10;  &lt;!--[if IE 8]&gt;    &lt;html class=&quot;no-js ie8 oldie&quot; lang=&quot;en-US&quot;&gt; &lt;![endif]--&gt;&#10;  &lt;!--[if gt IE 8]&gt;&lt;!--&gt; &lt;html class=&quot;no-js&quot; lang=&quot;en-US&quot;&gt; &lt;!--&lt;![endif]--&gt;&#10;  &lt;head&gt;&#10;  &#10;  &lt;title&gt;preview.emergentagent.com | 502: Bad gateway&lt;/title&gt;&#10;  &lt;meta charset=&quot;UT&#10;assert 502 == 200&#10; +  where 502 = &lt;Response [502]&gt;.status_code">tests/test_phase32_rev2_manual_tracking_precedence.py:255: in test_manual_courier_with_manual_id_uses_manual
    pid = _create_pending(
tests/test_phase32_rev2_manual_tracking_precedence.py:188: in _create_pending
    assert r.status_code == 200, (
E   AssertionError: smart-paste failed: 502 &lt;!DOCTYPE html&gt;
E     &lt;!--[if lt IE 7]&gt; &lt;html class="no-js ie6 oldie" lang="en-US"&gt; &lt;![endif]--&gt;
E     &lt;!--[if IE 7]&gt;    &lt;html class="no-js ie7 oldie" lang="en-US"&gt; &lt;![endif]--&gt;
E     &lt;!--[if IE 8]&gt;    &lt;html class="no-js ie8 oldie" lang="en-US"&gt; &lt;![endif]--&gt;
E     &lt;!--[if gt IE 8]&gt;&lt;!--&gt; &lt;html class="no-js" lang="en-US"&gt; &lt;!--&lt;![endif]--&gt;
E     &lt;head&gt;
E     
E     &lt;title&gt;preview.emergentagent.com | 502: Bad gateway&lt;/title&gt;
E     &lt;meta charset="UT
E   assert 502 == 200
E    +  where 502 = &lt;Response [502]&gt;.status_code</failure></testcase><testcase classname="tests.test_phase32_rev2_manual_tracking_precedence.TestManualTrackingIdPrecedence" name="test_auto_courier_empty_manual_id_autogenerates_and_bumps" time="0.368"><failure message="AssertionError: smart-paste failed: 502 &lt;!DOCTYPE html&gt;&#10;  &lt;!--[if lt IE 7]&gt; &lt;html class=&quot;no-js ie6 oldie&quot; lang=&quot;en-US&quot;&gt; &lt;![endif]--&gt;&#10;  &lt;!--[if IE 7]&gt;    &lt;html class=&quot;no-js ie7 oldie&quot; lang=&quot;en-US&quot;&gt; &lt;![endif]--&gt;&#10;  &lt;!--[if IE 8]&gt;    &lt;html class=&quot;no-js ie8 oldie&quot; lang=&quot;en-US&quot;&gt; &lt;![endif]--&gt;&#10;  &lt;!--[if gt IE 8]&gt;&lt;!--&gt; &lt;html class=&quot;no-js&quot; lang=&quot;en-US&quot;&gt; &lt;!--&lt;![endif]--&gt;&#10;  &lt;head&gt;&#10;  &#10;  &lt;title&gt;preview.emergentagent.com | 502: Bad gateway&lt;/title&gt;&#10;  &lt;meta charset=&quot;UT&#10;assert 502 == 200&#10; +  where 502 = &lt;Response [502]&gt;.status_code">tests/test_phase32_rev2_manual_tracking_precedence.py:293: in test_auto_courier_empty_manual_id_autogenerates_and_bumps
    pid = _create_pending(
tests/test_phase32_rev2_manual_tracking_precedence.py:188: in _create_pending
    assert r.status_code == 200, (
E   AssertionError: smart-paste failed: 502 &lt;!DOCTYPE html&gt;
E     &lt;!--[if lt IE 7]&gt; &lt;html class="no-js ie6 oldie" lang="en-US"&gt; &lt;![endif]--&gt;
E     &lt;!--[if IE 7]&gt;    &lt;html class="no-js ie7 oldie" lang="en-US"&gt; &lt;![endif]--&gt;
E     &lt;!--[if IE 8]&gt;    &lt;html class="no-js ie8 oldie" lang="en-US"&gt; &lt;![endif]--&gt;
E     &lt;!--[if gt IE 8]&gt;&lt;!--&gt; &lt;html class="no-js" lang="en-US"&gt; &lt;!--&lt;![endif]--&gt;
E     &lt;head&gt;
E     
E     &lt;title&gt;preview.emergentagent.com | 502: Bad gateway&lt;/title&gt;
E     &lt;meta charset="UT
E   assert 502 == 200
E    +  where 502 = &lt;Response [502]&gt;.status_code</failure></testcase><testcase classname="tests.test_phase32_rev2_manual_tracking_precedence.TestManualTrackingIdPrecedence" name="test_manual_courier_no_manual_id_returns_400" time="0.526"><failure message="AssertionError: smart-paste failed: 502 &lt;!DOCTYPE html&gt;&#10;  &lt;!--[if lt IE 7]&gt; &lt;html class=&quot;no-js ie6 oldie&quot; lang=&quot;en-US&quot;&gt; &lt;![endif]--&gt;&#10;  &lt;!--[if IE 7]&gt;    &lt;html class=&quot;no-js ie7 oldie&quot; lang=&quot;en-US&quot;&gt; &lt;![endif]--&gt;&#10;  &lt;!--[if IE 8]&gt;    &lt;html class=&quot;no-js ie8 oldie&quot; lang=&quot;en-US&quot;&gt; &lt;![endif]--&gt;&#10;  &lt;!--[if gt IE 8]&gt;&lt;!--&gt; &lt;html class=&quot;no-js&quot; lang=&quot;en-US&quot;&gt; &lt;!--&lt;![endif]--&gt;&#10;  &lt;head&gt;&#10;  &#10;  &lt;title&gt;preview.emergentagent.com | 502: Bad gateway&lt;/title&gt;&#10;  &lt;meta charset=&quot;UT&#10;assert 502 == 200&#10; +  where 502 = &lt;Response [502]&gt;.status_code">tests/test_phase32_rev2_manual_tracking_precedence.py:324: in test_manual_courier_no_manual_id_returns_400
    pid = _create_pending(
tests/test_phase32_rev2_manual_tracking_precedence.py:188: in _create_pending
    assert r.status_code == 200, (
E   AssertionError: smart-paste failed: 502 &lt;!DOCTYPE html&gt;
E     &lt;!--[if lt IE 7]&gt; &lt;html class="no-js ie6 oldie" lang="en-US"&gt; &lt;![endif]--&gt;
E     &lt;!--[if IE 7]&gt;    &lt;html class="no-js ie7 oldie" lang="en-US"&gt; &lt;![endif]--&gt;
E     &lt;!--[if IE 8]&gt;    &lt;html class="no-js ie8 oldie" lang="en-US"&gt; &lt;![endif]--&gt;
E     &lt;!--[if gt IE 8]&gt;&lt;!--&gt; &lt;html class="no-js" lang="en-US"&gt; &lt;!--&lt;![endif]--&gt;
E     &lt;head&gt;
E     
E     &lt;title&gt;preview.emergentagent.com | 502: Bad gateway&lt;/title&gt;
E     &lt;meta charset="UT
E   assert 502 == 200
E    +  where 502 = &lt;Response [502]&gt;.status_code</failure></testcase></testsuite></testsuites>