<?xml version="1.0" encoding="utf-8"?><testsuites name="pytest tests"><testsuite name="pytest" errors="0" failures="1" skipped="0" tests="9" time="11.479" timestamp="2026-06-17T18:04:35.448152+00:00" hostname="agent-env-36ddfdb9-e4d3-40a3-8a0d-82977140af50"><testcase classname="backend.tests.test_phase31_cod_math.TestCreateShipmentMath" name="test_cod_amount_with_token" time="5.644" /><testcase classname="backend.tests.test_phase31_cod_math.TestCreateShipmentMath" name="test_cod_no_token" time="0.644" /><testcase classname="backend.tests.test_phase31_cod_math.TestCreateShipmentMath" name="test_cod_token_exceeds_amount_clamps_to_zero" time="0.556" /><testcase classname="backend.tests.test_phase31_cod_math.TestCreateShipmentMath" name="test_prepaid_amount_no_cod" time="0.561" /><testcase classname="backend.tests.test_phase31_cod_math.TestCreateShipmentMath" name="test_cod_no_explicit_cod_amount_payload" time="0.605" /><testcase classname="backend.tests.test_phase31_cod_math.TestUpdateShipmentMath" name="test_update_amount_recomputes_cod" time="0.691" /><testcase classname="backend.tests.test_phase31_cod_math.TestUpdateShipmentMath" name="test_update_amount_without_payment_mode" time="0.648"><failure message="AssertionError: cod_amount=0.0 expected 1300 — update path is ignoring existing payment_mode=COD&#10;assert 0.0 == 1300">backend/tests/test_phase31_cod_math.py:285: in test_update_amount_without_payment_mode
    assert updated["cod_amount"] == 1300, (
E   AssertionError: cod_amount=0.0 expected 1300 — update path is ignoring existing payment_mode=COD
E   assert 0.0 == 1300</failure></testcase><testcase classname="backend.tests.test_phase31_cod_math.TestCsvExportCodBalance" name="test_cod_balance_uses_stored_cod_amount" time="0.619" /><testcase classname="backend.tests.test_phase31_cod_math.TestSmartPasteShipMath" name="test_ship_from_pending_applies_canonical_math" time="1.386" /></testsuite></testsuites>