<?xml version="1.0" encoding="utf-8"?><testsuites name="pytest tests"><testsuite name="pytest" errors="0" failures="0" skipped="0" tests="13" time="4.652" timestamp="2026-08-08T21:31:48.821909+00:00" hostname="agent-env-36ddfdb9-e4d3-40a3-8a0d-82977140af50"><testcase classname="backend.tests.test_phase_f11i_auth_authentication_webhook.TestAuthEventSeed" name="test_events_list_contains_auth_authentication" time="0.655" /><testcase classname="backend.tests.test_phase_f11i_auth_authentication_webhook.TestAuthEventSeed" name="test_auth_authentication_has_default_webhook" time="0.108" /><testcase classname="backend.tests.test_phase_f11i_auth_authentication_webhook.TestAuthEventSeed" name="test_auth_authentication_category_and_label" time="0.142" /><testcase classname="backend.tests.test_phase_f11i_auth_authentication_webhook.TestAuthEventUpdate" name="test_put_webhook_url_persists" time="0.340" /><testcase classname="backend.tests.test_phase_f11i_auth_authentication_webhook.TestAuthEventUpdate" name="test_put_label_persists" time="0.358" /><testcase classname="backend.tests.test_phase_f11i_auth_authentication_webhook.TestAuthEventUpdate" name="test_put_blank_label_ignored" time="0.310" /><testcase classname="backend.tests.test_phase_f11i_auth_authentication_webhook.TestAuthEventUpdate" name="test_put_accepts_label_only_payload" time="0.104" /><testcase classname="backend.tests.test_phase_f11i_auth_authentication_webhook.TestAvailableFields" name="test_otp_type_in_available_fields" time="0.158" /><testcase classname="backend.tests.test_phase_f11i_auth_authentication_webhook.TestOtpDispatchNotSkipped" name="test_ensure_auth_webhook_set" time="0.283" /><testcase classname="backend.tests.test_phase_f11i_auth_authentication_webhook.TestOtpDispatchNotSkipped" name="test_otp_request_login_dispatch" time="0.602" /><testcase classname="backend.tests.test_phase_f11i_auth_authentication_webhook.TestOtpDispatchNotSkipped" name="test_otp_request_signup_dispatch" time="0.401" /><testcase classname="backend.tests.test_phase_f11i_auth_authentication_webhook.TestOtpDispatchNotSkipped" name="test_otp_request_password_reset_dispatch" time="0.433" /><testcase classname="backend.tests.test_phase_f11i_auth_authentication_webhook.TestAuthWebhookFallback" name="test_wipe_webhook_then_dispatch_falls_back_to_base_url" time="0.669" /></testsuite></testsuites>