<?xml version="1.0" encoding="utf-8"?><testsuites name="pytest tests"><testsuite name="pytest" errors="0" failures="0" skipped="0" tests="7" time="28.405" timestamp="2026-08-25T08:00:08.313153+00:00" hostname="agent-env-36ddfdb9-e4d3-40a3-8a0d-82977140af50"><testcase classname="backend.tests.test_phase_f11l_tracking_atomic.TestUniqueIndexExists" name="test_uniq_user_trackingId_index_present" time="0.029" /><testcase classname="backend.tests.test_phase_f11l_tracking_atomic.TestConcurrentConsumeTracking" name="test_concurrent_consume_unique" time="1.671" /><testcase classname="backend.tests.test_phase_f11l_tracking_atomic.TestShipmentAutoAllocatesTracking" name="test_shipment_autofills_tracking_id" time="9.852" /><testcase classname="backend.tests.test_phase_f11l_tracking_atomic.TestShipmentAutoAllocatesTracking" name="test_shipment_concurrent_creates_get_unique_tracking" time="16.313" /><testcase classname="backend.tests.test_phase_f11l_tracking_atomic.TestUniqueIndexRejectsDuplicate" name="test_duplicate_same_user_rejected" time="0.390" /><testcase classname="backend.tests.test_phase_f11l_tracking_atomic.TestUniqueIndexRejectsDuplicate" name="test_multi_tenant_same_tracking_id_allowed" time="0.002" /><testcase classname="backend.tests.test_phase_f11l_tracking_atomic.TestUniqueIndexRejectsDuplicate" name="test_partial_filter_allows_blank_tracking_ids" time="0.002" /></testsuite></testsuites>