<?xml version="1.0" encoding="utf-8"?><testsuites name="pytest tests"><testsuite name="pytest" errors="0" failures="0" skipped="0" tests="10" time="3.876" timestamp="2026-07-08T07:38:05.530497+00:00" hostname="agent-env-36ddfdb9-e4d3-40a3-8a0d-82977140af50"><testcase classname="tests.test_batch_saved_check.TestAuthGuard" name="test_batch_without_token_returns_401" time="0.131" /><testcase classname="tests.test_batch_saved_check.TestAuthGuard" name="test_batch_with_bad_token_returns_401" time="0.097" /><testcase classname="tests.test_batch_saved_check.TestEmptyEdges" name="test_empty_phones_list" time="0.435" /><testcase classname="tests.test_batch_saved_check.TestEmptyEdges" name="test_all_empty_phone_values_return_saved_false" time="0.103" /><testcase classname="tests.test_batch_saved_check.TestCoreBehaviour" name="test_batch_reflects_mark_saved" time="0.192" /><testcase classname="tests.test_batch_saved_check.TestCoreBehaviour" name="test_normalization_matches_single_saved_check" time="0.718" /><testcase classname="tests.test_batch_saved_check.TestCoreBehaviour" name="test_repeat_customer_multiple_shipments_same_phone" time="0.199" /><testcase classname="tests.test_batch_saved_check.TestCoreBehaviour" name="test_result_preserves_input_order_and_duplicates" time="0.211" /><testcase classname="tests.test_batch_saved_check.TestScopeIsolation" name="test_user_isolation" time="0.608" /><testcase classname="tests.test_batch_saved_check.TestPerformanceSingleQuery" name="test_large_batch_response_time_reasonable" time="1.099" /></testsuite></testsuites>