<?xml version="1.0" encoding="utf-8"?><testsuites name="pytest tests"><testsuite name="pytest" errors="0" failures="0" skipped="0" tests="18" time="4.089" timestamp="2026-08-25T09:36:27.411297+00:00" hostname="agent-env-36ddfdb9-e4d3-40a3-8a0d-82977140af50"><testcase classname="backend.tests.test_phase_f12_1_vip_leaderboard.TestVipAuthGuard" name="test_vip_list_requires_auth" time="0.280" /><testcase classname="backend.tests.test_phase_f12_1_vip_leaderboard.TestStatsVipKey" name="test_stats_has_vip_key" time="0.728" /><testcase classname="backend.tests.test_phase_f12_1_vip_leaderboard.TestStatsVipKey" name="test_stats_vip_matches_list_total" time="0.222" /><testcase classname="backend.tests.test_phase_f12_1_vip_leaderboard.TestVipList" name="test_vip_segment_only_qualifying_rows" time="0.179" /><testcase classname="backend.tests.test_phase_f12_1_vip_leaderboard.TestVipList" name="test_vip_excludes_zero_and_pending" time="0.117" /><testcase classname="backend.tests.test_phase_f12_1_vip_leaderboard.TestVipList" name="test_vip_sorted_desc_by_total_sales" time="0.157" /><testcase classname="backend.tests.test_phase_f12_1_vip_leaderboard.TestVipList" name="test_vip_rank_is_1_based_and_contiguous" time="0.115" /><testcase classname="backend.tests.test_phase_f12_1_vip_leaderboard.TestVipList" name="test_vip_top_row_is_highest_spender" time="0.126" /><testcase classname="backend.tests.test_phase_f12_1_vip_leaderboard.TestRankFieldScoping" name="test_non_vip_segments_have_no_rank[all]" time="0.111" /><testcase classname="backend.tests.test_phase_f12_1_vip_leaderboard.TestRankFieldScoping" name="test_non_vip_segments_have_no_rank[new]" time="0.258" /><testcase classname="backend.tests.test_phase_f12_1_vip_leaderboard.TestRankFieldScoping" name="test_non_vip_segments_have_no_rank[returning]" time="0.139" /><testcase classname="backend.tests.test_phase_f12_1_vip_leaderboard.TestRankFieldScoping" name="test_non_vip_segments_have_no_rank[imported]" time="0.109" /><testcase classname="backend.tests.test_phase_f12_1_vip_leaderboard.TestVipPaginationRanks" name="test_offset_shifts_rank_base" time="0.304" /><testcase classname="backend.tests.test_phase_f12_1_vip_leaderboard.TestVipPaginationRanks" name="test_offset_5_limit_5_starts_at_rank_6" time="0.141" /><testcase classname="backend.tests.test_phase_f12_1_vip_leaderboard.TestSegmentValidation" name="test_invalid_segment_foo_rejected" time="0.098" /><testcase classname="backend.tests.test_phase_f12_1_vip_leaderboard.TestSegmentValidation" name="test_vip_segment_accepted" time="0.174" /><testcase classname="backend.tests.test_phase_f12_1_vip_leaderboard.TestVipTenantIsolation" name="test_user2_vip_excludes_admin_seeds" time="0.463" /><testcase classname="backend.tests.test_phase_f12_1_vip_leaderboard.TestVipTenantIsolation" name="test_vip_stats_isolated" time="0.270" /></testsuite></testsuites>