<?xml version="1.0" encoding="utf-8"?><testsuites name="pytest tests"><testsuite name="pytest" errors="0" failures="0" skipped="0" tests="16" time="7.861" timestamp="2026-06-30T12:25:09.602012+00:00" hostname="agent-env-36ddfdb9-e4d3-40a3-8a0d-82977140af50"><testcase classname="backend.tests.test_courier_sync_whitelist.TestParserWhitelist" name="test_parse_case[A1-VA-INPOST-G-Item: EG350860840IN has been Booked at PUNE GPO on 2026-06-30 - IndiaPost-True-Booked-Shipped]" time="0.791" /><testcase classname="backend.tests.test_courier_sync_whitelist.TestParserWhitelist" name="test_parse_case[A2-VA-INPOST-G-Item: EG350860840IN has been Delivered on 2026-06-30 at PUNE GPO - IndiaPost-True-Delivered-Delivered]" time="0.045" /><testcase classname="backend.tests.test_courier_sync_whitelist.TestParserWhitelist" name="test_parse_case[A3-VA-INPOST-G-Item: EG350860840IN is out for delivery. Delivery will be attempted by - JOHN DOE (BEAT_03) on 2026-06-30 - IndiaPost-True-Out for Delivery-]" time="0.047" /><testcase classname="backend.tests.test_courier_sync_whitelist.TestParserWhitelist" name="test_parse_case[A4-VA-INPOST-G-Item: EG350860840IN in transit at DELHI - IndiaPost-True-In Transit-]" time="0.046" /><testcase classname="backend.tests.test_courier_sync_whitelist.TestParserWhitelist" name="test_parse_case[A5-VA-INPOST-G-Item: EG350860840IN could not be delivered. - IndiaPost-True-Undelivered-]" time="0.045" /><testcase classname="backend.tests.test_courier_sync_whitelist.TestParserWhitelist" name="test_parse_case[A6-VA-INPOST-G-Item: EG350860840IN has been returned to sender - IndiaPost-True-RTO-]" time="0.048" /><testcase classname="backend.tests.test_courier_sync_whitelist.TestParserWhitelist" name="test_A7_wrong_sender" time="0.046" /><testcase classname="backend.tests.test_courier_sync_whitelist.TestIngestWhitelist" name="test_B0_capture_initial_status" time="3.035" /><testcase classname="backend.tests.test_courier_sync_whitelist.TestIngestWhitelist" name="test_B1_in_transit_ignored" time="0.099" /><testcase classname="backend.tests.test_courier_sync_whitelist.TestIngestWhitelist" name="test_B2_out_for_delivery_ignored" time="0.130" /><testcase classname="backend.tests.test_courier_sync_whitelist.TestIngestWhitelist" name="test_B3_booked_updates" time="0.091" /><testcase classname="backend.tests.test_courier_sync_whitelist.TestIngestWhitelist" name="test_B4_delivered_updates" time="0.094" /><testcase classname="backend.tests.test_courier_sync_whitelist.TestIngestWhitelist" name="test_B5_post_delivered_in_transit_ignored" time="0.132" /><testcase classname="backend.tests.test_courier_sync_whitelist.TestIngestWhitelist" name="test_C_audit_events_recorded" time="0.051" /><testcase classname="backend.tests.test_courier_sync_whitelist.TestStructuredLogs" name="test_D1_b3_pipeline_steps" time="1.004" /><testcase classname="backend.tests.test_courier_sync_whitelist.TestStructuredLogs" name="test_D2_b1_skip_marker" time="2.065" /></testsuite></testsuites>