<?xml version="1.0" encoding="utf-8"?><testsuites name="pytest tests"><testsuite name="pytest" errors="0" failures="1" skipped="0" tests="8" time="18.657" timestamp="2026-07-01T20:31:25.378384+00:00" hostname="agent-env-36ddfdb9-e4d3-40a3-8a0d-82977140af50"><testcase classname="backend.tests.test_smart_search" name="test_t1_search_blob_backfilled" time="2.214" /><testcase classname="backend.tests.test_smart_search" name="test_t2_t3_items_search" time="0.180" /><testcase classname="backend.tests.test_smart_search" name="test_t4_case_hyphen_insensitive" time="0.245" /><testcase classname="backend.tests.test_smart_search" name="test_t5_weight_unit_collapse" time="0.245" /><testcase classname="backend.tests.test_smart_search" name="test_t6_suggestions_parity" time="1.263" /><testcase classname="backend.tests.test_smart_search" name="test_t8_combined_filters" time="0.211" /><testcase classname="backend.tests.test_smart_search" name="test_t9_write_path_updates_blob" time="9.592" /><testcase classname="backend.tests.test_smart_search" name="test_t7_multilingual_best_effort" time="4.609"><failure message="Failed: Gujarati city ભાવનગર did not match English 'Bhavnagar' via the schwa-compact skeleton — multilingual fold failed.">backend/tests/test_smart_search.py:356: in test_t7_multilingual_best_effort
    pytest.fail(
E   Failed: Gujarati city ભાવનગર did not match English 'Bhavnagar' via the schwa-compact skeleton — multilingual fold failed.</failure></testcase></testsuite></testsuites>