<?xml version="1.0" encoding="utf-8"?><testsuites name="pytest tests"><testsuite name="pytest" errors="0" failures="0" skipped="0" tests="7" time="4.837" timestamp="2026-06-13T21:59:57.168430+00:00" hostname="agent-env-36ddfdb9-e4d3-40a3-8a0d-82977140af50"><testcase classname="backend.tests.test_phase31_sheet_payload.TestPhase31AddShipment" name="test_create_shipment_succeeds" time="3.158" /><testcase classname="backend.tests.test_phase31_sheet_payload.TestPhase31AddShipment" name="test_created_shipment_is_listable" time="0.070" /><testcase classname="backend.tests.test_phase31_sheet_payload.TestPhase31SmartPaste" name="test_smart_paste_creates_pending_order" time="0.521" /><testcase classname="backend.tests.test_phase31_sheet_payload.TestPhase31ShipPending" name="test_ship_pending_order" time="0.581" /><testcase classname="backend.tests.test_phase31_sheet_payload.TestRegression" name="test_articles_listing" time="0.049" /><testcase classname="backend.tests.test_phase31_sheet_payload.TestRegression" name="test_whatsapp_provider_config" time="0.326" /><testcase classname="backend.tests.test_phase31_sheet_payload.TestRegression" name="test_analytics_overview" time="0.057" /></testsuite></testsuites>