<?xml version="1.0" encoding="utf-8"?><testsuites name="pytest tests"><testsuite name="pytest" errors="0" failures="0" skipped="0" tests="12" time="2.753" timestamp="2026-08-08T23:00:50.056834+00:00" hostname="agent-env-36ddfdb9-e4d3-40a3-8a0d-82977140af50"><testcase classname="backend.tests.test_phase_f11j_coupon_analytics.TestCouponAnalyticsShape" name="test_endpoint_reachable_returns_200" time="0.503" /><testcase classname="backend.tests.test_phase_f11j_coupon_analytics.TestCouponAnalyticsShape" name="test_canonical_totals_object_present" time="0.117" /><testcase classname="backend.tests.test_phase_f11j_coupon_analytics.TestCouponAnalyticsShape" name="test_canonical_coupons_array_present" time="0.104" /><testcase classname="backend.tests.test_phase_f11j_coupon_analytics.TestCouponAnalyticsShape" name="test_each_coupon_row_has_required_fields" time="0.302" /><testcase classname="backend.tests.test_phase_f11j_coupon_analytics.TestCouponAnalyticsShape" name="test_legacy_fields_still_present" time="0.111" /><testcase classname="backend.tests.test_phase_f11j_coupon_analytics.TestAuthGuard" name="test_non_admin_forbidden" time="0.431" /><testcase classname="backend.tests.test_phase_f11j_coupon_analytics.TestAuthGuard" name="test_no_auth_rejected" time="0.112" /><testcase classname="backend.tests.test_phase_f11j_coupon_analytics.TestConsistencyAndMath" name="test_totals_redemptions_equals_sum_of_rows" time="0.100" /><testcase classname="backend.tests.test_phase_f11j_coupon_analytics.TestConsistencyAndMath" name="test_total_used_legacy_matches_new_totals" time="0.107" /><testcase classname="backend.tests.test_phase_f11j_coupon_analytics.TestConsistencyAndMath" name="test_flat_100_used_3_gives_row_discount_300" time="0.299" /><testcase classname="backend.tests.test_phase_f11j_coupon_analytics.TestConsistencyAndMath" name="test_used_count_maps_to_redemptions" time="0.313" /><testcase classname="backend.tests.test_phase_f11j_coupon_analytics.TestEmptyStateShape" name="test_shape_is_deterministic_regardless_of_rows" time="0.101" /></testsuite></testsuites>