<?xml version="1.0" encoding="utf-8"?><testsuites name="pytest tests"><testsuite name="pytest" errors="0" failures="0" skipped="0" tests="8" time="33.009" timestamp="2026-07-02T19:49:49.098664+00:00" hostname="agent-env-36ddfdb9-e4d3-40a3-8a0d-82977140af50"><testcase classname="backend.tests.test_smart_search" name="test_t1_search_blob_backfilled" time="20.383" /><testcase classname="backend.tests.test_smart_search" name="test_t2_t3_items_search" time="0.206" /><testcase classname="backend.tests.test_smart_search" name="test_t4_case_hyphen_insensitive" time="0.347" /><testcase classname="backend.tests.test_smart_search" name="test_t5_weight_unit_collapse" time="0.297" /><testcase classname="backend.tests.test_smart_search" name="test_t6_suggestions_parity" time="1.529" /><testcase classname="backend.tests.test_smart_search" name="test_t8_combined_filters" time="0.252" /><testcase classname="backend.tests.test_smart_search" name="test_t9_write_path_updates_blob" time="7.140" /><testcase classname="backend.tests.test_smart_search" name="test_t7_multilingual_best_effort" time="2.776" /></testsuite></testsuites>