<?xml version="1.0" encoding="utf-8"?><testsuites name="pytest tests"><testsuite name="pytest" errors="0" failures="2" skipped="0" tests="7" time="5.726" timestamp="2026-07-04T06:48:25.687183+00:00" hostname="agent-env-36ddfdb9-e4d3-40a3-8a0d-82977140af50"><testcase classname="backend.tests.test_phase_f44_ofd_alerts.TestOfdParser" name="test_1_parses_postman_and_beat" time="0.662" /><testcase classname="backend.tests.test_phase_f44_ofd_alerts.TestOfdIngest" name="test_2_first_ofd_flips_status_and_seeds_history" time="2.922" /><testcase classname="backend.tests.test_phase_f44_ofd_alerts.TestOfdIngest" name="test_3_second_ofd_appends_history_keeps_anchor" time="0.046"><failure message="AssertionError: {'action': 'already_in_sync', 'canonical': 'Out for Delivery', 'event_id': 'a8780a3e-913f-4a79-98dd-9107789bf390', 'matched': True, ...}&#10;assert 'already_in_sync' == 'updated'&#10;  &#10;  - updated&#10;  + already_in_sync">backend/tests/test_phase_f44_ofd_alerts.py:165: in test_3_second_ofd_appends_history_keeps_anchor
    assert d.get("action") == "updated", d
E   AssertionError: {'action': 'already_in_sync', 'canonical': 'Out for Delivery', 'event_id': 'a8780a3e-913f-4a79-98dd-9107789bf390', 'matched': True, ...}
E   assert 'already_in_sync' == 'updated'
E     
E     - updated
E     + already_in_sync</failure></testcase><testcase classname="backend.tests.test_phase_f44_ofd_alerts.TestOfdAlerts" name="test_4_alerts_endpoint_lists_shipment" time="0.048"><failure message="AssertionError: Shipment 29cc3b4e-76da-4dcc-bf7f-a1f4d80d1ae1 not in alerts: []&#10;assert None is not None">backend/tests/test_phase_f44_ofd_alerts.py:197: in test_4_alerts_endpoint_lists_shipment
    assert match is not None, f"Shipment {shipment['id']} not in alerts: {alerts}"
E   AssertionError: Shipment 29cc3b4e-76da-4dcc-bf7f-a1f4d80d1ae1 not in alerts: []
E   assert None is not None</failure></testcase><testcase classname="backend.tests.test_phase_f44_ofd_alerts.TestOfdAlerts" name="test_5_fired_marks_shipment_and_filters_out" time="0.147" /><testcase classname="backend.tests.test_phase_f44_ofd_alerts.TestOfdAlerts" name="test_5b_fired_unknown_shipment_returns_404" time="0.046" /><testcase classname="backend.tests.test_phase_f44_ofd_alerts.TestDeliveredAfterOfd" name="test_6_delivered_clears_alert_flag" time="1.740" /></testsuite></testsuites>