<?xml version="1.0" encoding="utf-8"?><testsuites name="pytest tests"><testsuite name="pytest" errors="0" failures="0" skipped="0" tests="5" time="1.664" timestamp="2026-08-06T21:25:12.130111+00:00" hostname="agent-env-36ddfdb9-e4d3-40a3-8a0d-82977140af50"><testcase classname="backend.tests.test_iteration_50_batch_filter.TestPaymentBatches" name="test_list_batches_200" time="0.874" /><testcase classname="backend.tests.test_iteration_50_batch_filter.TestPaymentBatches" name="test_get_batch_detail" time="0.187" /><testcase classname="backend.tests.test_iteration_50_batch_filter.TestShipmentsBatchFilter" name="test_shipments_filter_by_batch" time="0.169" /><testcase classname="backend.tests.test_iteration_50_batch_filter.TestShipmentsBatchFilter" name="test_shipments_filter_by_unknown_batch_returns_empty" time="0.179" /><testcase classname="backend.tests.test_iteration_50_batch_filter.TestShipmentsBatchFilter" name="test_shipments_no_filter_returns_all" time="0.185" /></testsuite></testsuites>