<?xml version="1.0" encoding="utf-8"?><testsuites name="pytest tests"><testsuite name="pytest" errors="0" failures="1" skipped="0" tests="5" time="1.872" timestamp="2026-08-07T04:23:51.284163+00:00" hostname="agent-env-36ddfdb9-e4d3-40a3-8a0d-82977140af50"><testcase classname="backend.tests.test_phase_f10_2_cod_payment_mismatch.TestCodPaymentMismatch" name="test_cod_payment_discrepant_upload_flags_mismatch" time="0.924" /><testcase classname="backend.tests.test_phase_f10_2_cod_payment_mismatch.TestCodPaymentMismatch" name="test_shipment_details_surfaces_import_alert" time="0.140"><failure message="AssertionError: Shipment Details endpoint did not surface a cod_amount alert via import_validation_alerts. Got: []&#10;assert []">backend/tests/test_phase_f10_2_cod_payment_mismatch.py:167: in test_shipment_details_surfaces_import_alert
    assert cod_alerts, (
E   AssertionError: Shipment Details endpoint did not surface a cod_amount alert via import_validation_alerts. Got: []
E   assert []</failure></testcase><testcase classname="backend.tests.test_phase_f10_2_cod_payment_mismatch.TestCodPaymentMismatch" name="test_cod_payment_matching_upload_no_mismatch" time="0.275" /><testcase classname="backend.tests.test_phase_f10_2_cod_payment_mismatch.TestBookingImportRegression" name="test_booking_import_matching_amount_no_mismatch" time="0.210" /><testcase classname="backend.tests.test_phase_f10_2_cod_payment_mismatch.TestBookingImportRegression" name="test_booking_import_diverging_amount_flags_mismatch" time="0.220" /></testsuite></testsuites>