<?xml version="1.0" encoding="utf-8"?><testsuites name="pytest tests"><testsuite name="pytest" errors="0" failures="0" skipped="0" tests="7" time="14.788" timestamp="2026-07-11T04:50:59.335135+00:00" hostname="agent-env-36ddfdb9-e4d3-40a3-8a0d-82977140af50"><testcase classname="tests.test_phase_f80_sms_engine.TestBookingSms" name="test_booking_sets_booking_date_with_time" time="3.583" /><testcase classname="tests.test_phase_f80_sms_engine.TestBookingSms" name="test_booking_date_not_overwritten" time="2.864" /><testcase classname="tests.test_phase_f80_sms_engine.TestSuccessfulTemplate" name="test_successful_delivers_with_datetime" time="2.810" /><testcase classname="tests.test_phase_f80_sms_engine.TestSuccessfulTemplate" name="test_unsuccessful_does_not_deliver" time="2.876" /><testcase classname="tests.test_phase_f80_sms_engine.TestOfdDetails" name="test_ofd_full_details_saved" time="1.846" /><testcase classname="tests.test_phase_f80_sms_engine.TestInTransitStage" name="test_dispatched_moves_to_in_transit" time="0.693" /><testcase classname="tests.test_phase_f80_sms_engine.TestRulesMigration" name="test_india_post_courier_has_new_rules" time="0.051" /></testsuite></testsuites>