<?xml version="1.0" encoding="utf-8"?><testsuites name="pytest tests"><testsuite name="pytest" errors="0" failures="0" skipped="0" tests="20" time="2.056" timestamp="2026-07-08T07:55:21.532573+00:00" hostname="agent-env-36ddfdb9-e4d3-40a3-8a0d-82977140af50"><testcase classname="backend.tests.test_phase_f56_courier_presets.TestDefaultsBlueDart" name="test_blue_dart_returns_matched_true_with_expected_config" time="0.649" /><testcase classname="backend.tests.test_phase_f56_courier_presets.TestDefaultsDTDC" name="test_dtdc_returns_matched_true_with_dtdc_senders" time="0.040" /><testcase classname="backend.tests.test_phase_f56_courier_presets.TestDefaultsShipRocket" name="test_shiprocket_returns_matched_true_with_shprkt_family" time="0.039" /><testcase classname="backend.tests.test_phase_f56_courier_presets.TestDefaultsIndiaPostRegression" name="test_india_post_still_returns_original_config" time="0.042" /><testcase classname="backend.tests.test_phase_f56_courier_presets.TestDefaultsUnknown" name="test_unknown_courier_returns_matched_false" time="0.040" /><testcase classname="backend.tests.test_phase_f56_courier_presets.TestDefaultsCaseInsensitive" name="test_case_insensitive_variants_all_match[bluedart]" time="0.041" /><testcase classname="backend.tests.test_phase_f56_courier_presets.TestDefaultsCaseInsensitive" name="test_case_insensitive_variants_all_match[blue dart]" time="0.042" /><testcase classname="backend.tests.test_phase_f56_courier_presets.TestDefaultsCaseInsensitive" name="test_case_insensitive_variants_all_match[BLUE DART]" time="0.040" /><testcase classname="backend.tests.test_phase_f56_courier_presets.TestDefaultsCaseInsensitive" name="test_case_insensitive_variants_all_match[BlUe DaRt]" time="0.039" /><testcase classname="backend.tests.test_phase_f56_courier_presets.TestDefaultsAlias" name="test_ship_rocket_alias_resolves_to_shiprocket" time="0.038" /><testcase classname="backend.tests.test_phase_f56_courier_presets.TestDefaultsAuth" name="test_defaults_requires_bearer_token" time="0.093" /><testcase classname="backend.tests.test_phase_f56_courier_presets.TestParseBlueDart" name="test_blue_dart_delivered_sms_parses_correctly" time="0.167" /><testcase classname="backend.tests.test_phase_f56_courier_presets.TestParseDTDC" name="test_dtdc_awb_letter_plus_digits_extracts" time="0.164" /><testcase classname="backend.tests.test_phase_f56_courier_presets.TestParseShipRocket" name="test_shiprocket_10_digit_awb_extracts" time="0.158" /><testcase classname="backend.tests.test_phase_f56_courier_presets.TestParseIndiaPostRegression" name="test_india_post_still_parses" time="0.168" /><testcase classname="backend.tests.test_phase_f56_courier_presets.TestPartnerSlugForName" name="test_blue_dart_variants_resolve" time="0.002" /><testcase classname="backend.tests.test_phase_f56_courier_presets.TestPartnerSlugForName" name="test_dtdc_variants_resolve" time="0.000" /><testcase classname="backend.tests.test_phase_f56_courier_presets.TestPartnerSlugForName" name="test_shiprocket_variants_resolve" time="0.000" /><testcase classname="backend.tests.test_phase_f56_courier_presets.TestPartnerSlugForName" name="test_india_post_still_resolves" time="0.000" /><testcase classname="backend.tests.test_phase_f56_courier_presets.TestPartnerSlugForName" name="test_unknown_falls_back_to_snake_case" time="0.196" /></testsuite></testsuites>