<?xml version="1.0" encoding="utf-8"?><testsuites name="pytest tests"><testsuite name="pytest" errors="0" failures="0" skipped="1" tests="56" time="30.447" timestamp="2026-06-28T13:10:44.116536+00:00" hostname="agent-env-36ddfdb9-e4d3-40a3-8a0d-82977140af50"><testcase classname="backend.tests.test_courier_sync.TestAuthGate" name="test_no_auth_returns_401[/courier-sync/partners-GET-None]" time="0.290" /><testcase classname="backend.tests.test_courier_sync.TestAuthGate" name="test_no_auth_returns_401[/courier-sync/configs-GET-None]" time="0.096" /><testcase classname="backend.tests.test_courier_sync.TestAuthGate" name="test_no_auth_returns_401[/courier-sync/configs/india_post-PUT-body2]" time="0.141" /><testcase classname="backend.tests.test_courier_sync.TestAuthGate" name="test_no_auth_returns_401[/courier-sync/test-parse-POST-body3]" time="0.138" /><testcase classname="backend.tests.test_courier_sync.TestAuthGate" name="test_no_auth_returns_401[/courier-sync/ingest-POST-body4]" time="0.091" /><testcase classname="backend.tests.test_courier_sync.TestAuthGate" name="test_no_auth_returns_401[/courier-sync/events-GET-None]" time="0.137" /><testcase classname="backend.tests.test_courier_sync.TestPartners" name="test_list_partners" time="0.475" /><testcase classname="backend.tests.test_courier_sync.TestConfigs" name="test_unknown_partner_404" time="0.044" /><testcase classname="backend.tests.test_courier_sync.TestConfigs" name="test_configs_initially_no_indiapost_for_user2" time="0.461" /><testcase classname="backend.tests.test_courier_sync.TestConfigs" name="test_enable_indiapost_upsert" time="0.089" /><testcase classname="backend.tests.test_courier_sync.TestConfigs" name="test_partners_lists_enabled_true_after_put" time="0.082" /><testcase classname="backend.tests.test_courier_sync.TestConfigs" name="test_get_configs_returns_indiapost" time="0.044" /><testcase classname="backend.tests.test_courier_sync.TestTestParse" name="test_out_for_delivery" time="0.042" /><testcase classname="backend.tests.test_courier_sync.TestTestParse" name="test_delivered_with_date" time="0.046" /><testcase classname="backend.tests.test_courier_sync.TestTestParse" name="test_wrong_sender" time="0.042" /><testcase classname="backend.tests.test_courier_sync.TestTestParse" name="test_right_sender_no_awb" time="0.041" /><testcase classname="backend.tests.test_courier_sync.TestTestParse" name="test_no_status_keyword_in_text" time="0.082" /><testcase classname="backend.tests.test_courier_sync.TestTestParse" name="test_lowercase_tracking_id" time="0.044" /><testcase classname="backend.tests.test_courier_sync.TestTestParse" name="test_no_space_variant" time="0.043" /><testcase classname="backend.tests.test_courier_sync.TestIngest" name="test_partner_disabled_for_user2" time="0.044" /><testcase classname="backend.tests.test_courier_sync.TestIngest" name="test_no_shipment_found" time="0.090" /><testcase classname="backend.tests.test_courier_sync.TestIngest" name="test_happy_path_out_for_delivery" time="2.846" /><testcase classname="backend.tests.test_courier_sync.TestIngest" name="test_happy_path_delivered" time="0.134" /><testcase classname="backend.tests.test_courier_sync.TestIngest" name="test_no_downgrade_after_delivered" time="0.086" /><testcase classname="backend.tests.test_courier_sync.TestIngest" name="test_already_in_sync" time="0.085" /><testcase classname="backend.tests.test_courier_sync.TestIngest" name="test_match_via_manual_tracking_id" time="1.512"><skipped type="pytest.skip" message="Cannot set manual_tracking_id via PUT (status=400): {&quot;detail&quot;:&quot;No fields to update&quot;}">/app/backend/tests/test_courier_sync.py:428: Cannot set manual_tracking_id via PUT (status=400): {"detail":"No fields to update"}</skipped></testcase><testcase classname="backend.tests.test_courier_sync.TestIngest" name="test_match_via_order_id" time="1.515" /><testcase classname="backend.tests.test_courier_sync.TestEvents" name="test_admin_events_list" time="0.049" /><testcase classname="backend.tests.test_courier_sync.TestEvents" name="test_only_matched_filter" time="0.045" /><testcase classname="backend.tests.test_courier_sync.TestEvents" name="test_limit_clamp" time="0.083" /><testcase classname="backend.tests.test_courier_sync.TestEvents" name="test_user_isolation" time="0.085" /><testcase classname="backend.tests.test_courier_sync.TestEvents" name="test_user_isolation_configs" time="0.081" /><testcase classname="backend.tests.test_phase32_rev3_duplicate_order_id.TestShipmentDuplicateOrderId" name="test_unique_order_id_happy_path" time="4.443" /><testcase classname="backend.tests.test_phase32_rev3_duplicate_order_id.TestShipmentDuplicateOrderId" name="test_duplicate_order_id_same_user_returns_409" time="1.023" /><testcase classname="backend.tests.test_phase32_rev3_duplicate_order_id.TestShipmentDuplicateOrderId" name="test_cross_user_same_order_id_allowed" time="1.948" /><testcase classname="backend.tests.test_phase32_rev3_duplicate_order_id.TestShipPendingDuplicateOrderId" name="test_ship_pending_with_existing_order_id_returns_409" time="1.090" /><testcase classname="backend.tests.test_phase32_rev3_duplicate_order_id.TestShipPendingDuplicateOrderId" name="test_ship_pending_unique_order_id_happy_path" time="1.074" /><testcase classname="backend.tests.test_phase32_rev4_autogen_retry.TestPostShipmentAutogenRetry" name="test_A1_autogen_happy_path" time="1.426" /><testcase classname="backend.tests.test_phase32_rev4_autogen_retry.TestPostShipmentAutogenRetry" name="test_A2_autogen_collision_silently_retries" time="0.513" /><testcase classname="backend.tests.test_phase32_rev4_autogen_retry.TestPostShipmentAutogenRetry" name="test_A3_explicit_user_order_id_collision_returns_409" time="0.994" /><testcase classname="backend.tests.test_phase32_rev4_autogen_retry.TestShipPendingAutogenRetry" name="test_B1_pending_ship_happy_path" time="1.021" /><testcase classname="backend.tests.test_phase32_rev4_autogen_retry.TestShipPendingAutogenRetry" name="test_B2_pending_autogen_collision_silently_retries" time="0.575" /><testcase classname="backend.tests.test_phase32_rev4_autogen_retry.TestShipPendingAutogenRetry" name="test_B3_pending_explicit_collision_returns_409" time="1.168" /><testcase classname="backend.tests.test_prepaid_amount_hotfix.TestPostPrepaidPreserves" name="test_A1_prepaid_amount_with_zero_cod_and_token" time="1.484" /><testcase classname="backend.tests.test_prepaid_amount_hotfix.TestPostPrepaidPreserves" name="test_A2_prepaid_amount_with_token_carry_through" time="0.532" /><testcase classname="backend.tests.test_prepaid_amount_hotfix.TestPostPrepaidPreserves" name="test_A3_prepaid_legacy_total_in_cod_amount" time="0.502" /><testcase classname="backend.tests.test_prepaid_amount_hotfix.TestPostPrepaidPreserves" name="test_A4_payment_mode_missing_defaults_to_prepaid_preserve" time="0.546" /><testcase classname="backend.tests.test_prepaid_amount_hotfix.TestPostCodRegression" name="test_B1_cod_amount_equals_cod_plus_token" time="0.483" /><testcase classname="backend.tests.test_prepaid_amount_hotfix.TestPostCodRegression" name="test_B2_cod_with_zero_cod_amount_rejected_422" time="0.042" /><testcase classname="backend.tests.test_prepaid_amount_hotfix.TestPutPrepaidEdits" name="test_C1_put_amount_on_prepaid_row" time="0.256" /><testcase classname="backend.tests.test_prepaid_amount_hotfix.TestPutPrepaidEdits" name="test_C2_put_token_only_on_prepaid_row" time="0.239" /><testcase classname="backend.tests.test_prepaid_amount_hotfix.TestPutCodRegression" name="test_D1_put_cod_and_token" time="0.236" /><testcase classname="backend.tests.test_prepaid_amount_hotfix.TestPutCodRegression" name="test_D2_put_amount_only_on_cod_row_fallback" time="0.263" /><testcase classname="backend.tests.test_prepaid_amount_hotfix.TestRepairScriptIdempotency" name="test_E1_dry_run_repairs_zero" time="0.660" /><testcase classname="backend.tests.test_prepaid_amount_hotfix.TestRepairScriptIdempotency" name="test_E2_live_run_repairs_zero" time="0.659" /><testcase classname="backend.tests.test_prepaid_amount_hotfix.TestRepairScriptIdempotency" name="test_E3_previously_repaired_shipments_still_correct" time="0.016" /></testsuite></testsuites>