<?xml version="1.0" encoding="utf-8"?><testsuites name="pytest tests"><testsuite name="pytest" errors="0" failures="0" skipped="0" tests="14" time="14.013" timestamp="2026-06-18T08:20:09.144375+00:00" hostname="agent-env-36ddfdb9-e4d3-40a3-8a0d-82977140af50"><testcase classname="tests.test_phase31_cod_validation.TestCodValidation" name="test_cod_amount_zero_rejected" time="4.216" /><testcase classname="tests.test_phase31_cod_validation.TestCodValidation" name="test_cod_amount_negative_rejected" time="0.045" /><testcase classname="tests.test_phase31_cod_validation.TestCodValidation" name="test_cod_amount_500_token_zero_accepted" time="1.759" /><testcase classname="tests.test_phase31_cod_validation.TestCodValidation" name="test_negative_token_rejected" time="0.045" /><testcase classname="tests.test_phase31_cod_validation.TestCodValidation" name="test_token_exceeds_cod_soft_warn" time="1.010" /><testcase classname="tests.test_phase31_cod_math.TestCreateShipmentMath" name="test_cod_amount_with_token_legacy_payload" time="1.411" /><testcase classname="tests.test_phase31_cod_math.TestCreateShipmentMath" name="test_cod_with_explicit_cod_amount" time="0.510" /><testcase classname="tests.test_phase31_cod_math.TestCreateShipmentMath" name="test_cod_no_token" time="0.623" /><testcase classname="tests.test_phase31_cod_math.TestCreateShipmentMath" name="test_cod_token_exceeds_cod_no_clamp" time="0.610" /><testcase classname="tests.test_phase31_cod_math.TestCreateShipmentMath" name="test_prepaid_amount_no_cod" time="0.654" /><testcase classname="tests.test_phase31_cod_math.TestUpdateShipmentMath" name="test_put_amount_treated_as_new_cod" time="0.711" /><testcase classname="tests.test_phase31_cod_math.TestUpdateShipmentMath" name="test_put_cod_amount_recomputes_total" time="0.704" /><testcase classname="tests.test_phase31_cod_math.TestSmartPasteShipMath" name="test_ship_from_pending_amount_is_cod_plus_token" time="0.986" /><testcase classname="tests.test_phase31_cod_math.TestCsvExportCodBalance" name="test_cod_balance_uses_verbatim_cod" time="0.653" /></testsuite></testsuites>