<?xml version="1.0" encoding="utf-8"?><testsuites name="pytest tests"><testsuite name="pytest" errors="0" failures="0" skipped="0" tests="17" time="31.860" timestamp="2026-08-25T07:03:06.407763+00:00" hostname="agent-env-36ddfdb9-e4d3-40a3-8a0d-82977140af50"><testcase classname="backend.tests.test_phase_f12_audience.TestAuthGuards" name="test_stats_requires_auth" time="0.277" /><testcase classname="backend.tests.test_phase_f12_audience.TestAuthGuards" name="test_list_requires_auth" time="0.106" /><testcase classname="backend.tests.test_phase_f12_audience.TestAuthGuards" name="test_profile_requires_auth" time="0.147" /><testcase classname="backend.tests.test_phase_f12_audience.TestStats" name="test_stats_shape" time="29.089" /><testcase classname="backend.tests.test_phase_f12_audience.TestListSegments" name="test_segment_all_default" time="0.114" /><testcase classname="backend.tests.test_phase_f12_audience.TestListSegments" name="test_segment_new_only_orders_1" time="0.122" /><testcase classname="backend.tests.test_phase_f12_audience.TestListSegments" name="test_segment_returning_only_orders_ge_2" time="0.106" /><testcase classname="backend.tests.test_phase_f12_audience.TestListSegments" name="test_segment_imported_only" time="0.106" /><testcase classname="backend.tests.test_phase_f12_audience.TestListSegments" name="test_search_by_phone_tail" time="0.125" /><testcase classname="backend.tests.test_phase_f12_audience.TestListSegments" name="test_search_by_name" time="0.106" /><testcase classname="backend.tests.test_phase_f12_audience.TestListSegments" name="test_invalid_segment_rejected" time="0.105" /><testcase classname="backend.tests.test_phase_f12_audience.TestProfile" name="test_profile_returning_customer" time="0.102" /><testcase classname="backend.tests.test_phase_f12_audience.TestProfile" name="test_profile_new_customer_total_sales" time="0.112" /><testcase classname="backend.tests.test_phase_f12_audience.TestProfile" name="test_profile_imported_flag" time="0.107" /><testcase classname="backend.tests.test_phase_f12_audience.TestProfile" name="test_profile_invalid_key_returns_404" time="0.110" /><testcase classname="backend.tests.test_phase_f12_audience.TestTenantIsolation" name="test_user2_cannot_see_admin_customer" time="0.446" /><testcase classname="backend.tests.test_phase_f12_audience.TestTenantIsolation" name="test_admin_list_excludes_user2_customers" time="0.489" /></testsuite></testsuites>