<?xml version="1.0" encoding="utf-8"?><testsuites name="pytest tests"><testsuite name="pytest" errors="0" failures="0" skipped="0" tests="7" time="8.584" timestamp="2026-07-10T13:56:35.763107+00:00" hostname="agent-env-36ddfdb9-e4d3-40a3-8a0d-82977140af50"><testcase classname="backend.tests.test_phase_f74_ai_shorten.TestAuth" name="test_no_auth_rejected" time="0.194" /><testcase classname="backend.tests.test_phase_f74_ai_shorten.TestInputValidation" name="test_empty_description_422" time="0.647" /><testcase classname="backend.tests.test_phase_f74_ai_shorten.TestInputValidation" name="test_whitespace_only_description_422" time="0.119" /><testcase classname="backend.tests.test_phase_f74_ai_shorten.TestInputValidation" name="test_long_input_413" time="0.112" /><testcase classname="backend.tests.test_phase_f74_ai_shorten.TestInsufficientCredits" name="test_402_when_wallet_below_half_credit" time="0.129" /><testcase classname="backend.tests.test_phase_f74_ai_shorten.TestHappyPath" name="test_gujarati_complaint_shortens_and_charges_half" time="4.265" /><testcase classname="backend.tests.test_phase_f74_ai_shorten.TestHappyPath" name="test_two_successful_calls_charge_cumulatively" time="3.052" /></testsuite></testsuites>