<?xml version="1.0" encoding="utf-8"?><testsuites name="pytest tests"><testsuite name="pytest" errors="0" failures="2" skipped="0" tests="10" time="6.349" timestamp="2026-07-01T10:26:01.462357+00:00" hostname="agent-env-36ddfdb9-e4d3-40a3-8a0d-82977140af50"><testcase classname="tests.test_phase_f45_sheet_row_dedupe.TestA_FreshInsert" name="test_a1_fresh_smart_paste_creates_row" time="2.250" /><testcase classname="tests.test_phase_f45_sheet_row_dedupe.TestB_DuplicateSheetRowKey" name="test_b1_duplicate_sheet_row_key_skipped" time="0.718"><failure message="AssertionError: B1 expected skipped=true; got body={'id': 'b9b16d92-1095-484f-87d8-846a938563d4', 'source': 'paste', 'status': 'pending', 'master_order_id': '26070103419', 'order_id': 'ORDA1_4ff687f9a4', 'customer_name': 'TEST Buyer', 'customer_phone': '9876543210', 'customer_alt_phone': '', 'customer_email': '', 'customer_gstin': '', 'address_line1': '12 Test Lane', 'address_line2': '', 'city': 'Mumbai', 'state': 'Maharashtra', 'pincode': '400001', 'items': 'TEST widget', 'amount': 199.0, 'token_amount': 0.0, 'payment_mode': 'COD', 'courier_hint': '', 'order_id_hint': 'ORDA1_4ff687f9a4', 'weight': '', 'notes': '', 'sheet_row_num': 1593, 'raw_text': 'Name: TEST Buyer\nPhone: 9876543210\nAddress: 12 Test Lane\nCity: Mumbai\nState: Maharashtra\nPincode: 400001\nItem: TEST widget\nAmount: 199\nPayment: COD\nOrder ID: ORDA1_4ff687f9a4\n', 'shipment_id': None, 'tracking_id': None, 'confidence': {'customer_phone': 'high', 'pincode': 'high', 'amount': 'high', 'customer_name': 'high', 'address_line1': 'high', 'city': 'high', 'state': 'high', 'items': 'high'}, 'warnings': [], 'custom_values': {}, 'created_at': '2026-07-01T10:26:03.594142+00:00', 'processed_at': None, 'source_meta': None, 'box_dimensions': '', 'box_length': 0.0, 'box_width': 0.0, 'box_height': 0.0, 'category': '', 'imported_status': '', 'imported_at': '', 'viewed': False, 'is_repeat_customer': True}. Persisted sheet_row_key on A1: ''&#10;assert None is True&#10; +  where None = &lt;built-in method get of dict object at 0xfb3352b5b700&gt;('skipped')&#10; +    where &lt;built-in method get of dict object at 0xfb3352b5b700&gt; = {'address_line1': '12 Test Lane', 'address_line2': '', 'amount': 199.0, 'box_dimensions': '', ...}.get">E   AssertionError: B1 expected skipped=true; got body={'id': 'b9b16d92-1095-484f-87d8-846a938563d4', 'source': 'paste', 'status': 'pending', 'master_order_id': '26070103419', 'order_id': 'ORDA1_4ff687f9a4', 'customer_name': 'TEST Buyer', 'customer_phone': '9876543210', 'customer_alt_phone': '', 'customer_email': '', 'customer_gstin': '', 'address_line1': '12 Test Lane', 'address_line2': '', 'city': 'Mumbai', 'state': 'Maharashtra', 'pincode': '400001', 'items': 'TEST widget', 'amount': 199.0, 'token_amount': 0.0, 'payment_mode': 'COD', 'courier_hint': '', 'order_id_hint': 'ORDA1_4ff687f9a4', 'weight': '', 'notes': '', 'sheet_row_num': 1593, 'raw_text': 'Name: TEST Buyer\nPhone: 9876543210\nAddress: 12 Test Lane\nCity: Mumbai\nState: Maharashtra\nPincode: 400001\nItem: TEST widget\nAmount: 199\nPayment: COD\nOrder ID: ORDA1_4ff687f9a4\n', 'shipment_id': None, 'tracking_id': None, 'confidence': {'customer_phone': 'high', 'pincode': 'high', 'amount': 'high', 'customer_name': 'high', 'address_line1': 'high', 'city': 'high', 'state': 'high', 'items': 'high'}, 'warnings': [], 'custom_values': {}, 'created_at': '2026-07-01T10:26:03.594142+00:00', 'processed_at': None, 'source_meta': None, 'box_dimensions': '', 'box_length': 0.0, 'box_width': 0.0, 'box_height': 0.0, 'category': '', 'imported_status': '', 'imported_at': '', 'viewed': False, 'is_repeat_customer': True}. Persisted sheet_row_key on A1: ''
    assert None is True
     +  where None = &lt;built-in method get of dict object at 0xfb3352b5b700&gt;('skipped')
     +    where &lt;built-in method get of dict object at 0xfb3352b5b700&gt; = {'address_line1': '12 Test Lane', 'address_line2': '', 'amount': 199.0, 'box_dimensions': '', ...}.get</failure></testcase><testcase classname="tests.test_phase_f45_sheet_row_dedupe.TestB_DuplicateSheetRowKey" name="test_b2_pending_still_has_single_row" time="0.199" /><testcase classname="tests.test_phase_f45_sheet_row_dedupe.TestB_DuplicateSheetRowKey" name="test_b3_import_log_row_exists" time="0.005" /><testcase classname="tests.test_phase_f45_sheet_row_dedupe.TestC_DuplicateOrderId" name="test_c1_duplicate_order_id_skipped" time="0.576"><failure message="AssertionError: C1 expected skipped=true; got body={'id': 'b9b16d92-1095-484f-87d8-846a938563d4', 'source': 'paste', 'status': 'pending', 'master_order_id': '26070103419', 'order_id': 'ORDA1_4ff687f9a4', 'customer_name': 'TEST Buyer', 'customer_phone': '9876543210', 'customer_alt_phone': '', 'customer_email': '', 'customer_gstin': '', 'address_line1': '12 Test Lane', 'address_line2': '', 'city': 'Mumbai', 'state': 'Maharashtra', 'pincode': '400001', 'items': 'TEST widget', 'amount': 199.0, 'token_amount': 0.0, 'payment_mode': 'COD', 'courier_hint': '', 'order_id_hint': 'ORDA1_4ff687f9a4', 'weight': '', 'notes': '', 'sheet_row_num': 1593, 'raw_text': 'Name: TEST Buyer\nPhone: 9876543210\nAddress: 12 Test Lane\nCity: Mumbai\nState: Maharashtra\nPincode: 400001\nItem: TEST widget\nAmount: 199\nPayment: COD\nOrder ID: ORDA1_4ff687f9a4\n', 'shipment_id': None, 'tracking_id': None, 'confidence': {'customer_phone': 'high', 'pincode': 'high', 'amount': 'high', 'customer_name': 'high', 'address_line1': 'high', 'city': 'high', 'state': 'high', 'items': 'high'}, 'warnings': [], 'custom_values': {}, 'created_at': '2026-07-01T10:26:03.594142+00:00', 'processed_at': None, 'source_meta': None, 'box_dimensions': '', 'box_length': 0.0, 'box_width': 0.0, 'box_height': 0.0, 'category': '', 'imported_status': '', 'imported_at': '', 'viewed': False, 'is_repeat_customer': True}&#10;assert None is True&#10; +  where None = &lt;built-in method get of dict object at 0xfb3351a08e00&gt;('skipped')&#10; +    where &lt;built-in method get of dict object at 0xfb3351a08e00&gt; = {'address_line1': '12 Test Lane', 'address_line2': '', 'amount': 199.0, 'box_dimensions': '', ...}.get">E   AssertionError: C1 expected skipped=true; got body={'id': 'b9b16d92-1095-484f-87d8-846a938563d4', 'source': 'paste', 'status': 'pending', 'master_order_id': '26070103419', 'order_id': 'ORDA1_4ff687f9a4', 'customer_name': 'TEST Buyer', 'customer_phone': '9876543210', 'customer_alt_phone': '', 'customer_email': '', 'customer_gstin': '', 'address_line1': '12 Test Lane', 'address_line2': '', 'city': 'Mumbai', 'state': 'Maharashtra', 'pincode': '400001', 'items': 'TEST widget', 'amount': 199.0, 'token_amount': 0.0, 'payment_mode': 'COD', 'courier_hint': '', 'order_id_hint': 'ORDA1_4ff687f9a4', 'weight': '', 'notes': '', 'sheet_row_num': 1593, 'raw_text': 'Name: TEST Buyer\nPhone: 9876543210\nAddress: 12 Test Lane\nCity: Mumbai\nState: Maharashtra\nPincode: 400001\nItem: TEST widget\nAmount: 199\nPayment: COD\nOrder ID: ORDA1_4ff687f9a4\n', 'shipment_id': None, 'tracking_id': None, 'confidence': {'customer_phone': 'high', 'pincode': 'high', 'amount': 'high', 'customer_name': 'high', 'address_line1': 'high', 'city': 'high', 'state': 'high', 'items': 'high'}, 'warnings': [], 'custom_values': {}, 'created_at': '2026-07-01T10:26:03.594142+00:00', 'processed_at': None, 'source_meta': None, 'box_dimensions': '', 'box_length': 0.0, 'box_width': 0.0, 'box_height': 0.0, 'category': '', 'imported_status': '', 'imported_at': '', 'viewed': False, 'is_repeat_customer': True}
    assert None is True
     +  where None = &lt;built-in method get of dict object at 0xfb3351a08e00&gt;('skipped')
     +    where &lt;built-in method get of dict object at 0xfb3351a08e00&gt; = {'address_line1': '12 Test Lane', 'address_line2': '', 'amount': 199.0, 'box_dimensions': '', ...}.get</failure></testcase><testcase classname="tests.test_phase_f45_sheet_row_dedupe.TestC_DuplicateOrderId" name="test_c2_no_new_row_for_new_srk" time="0.099" /><testcase classname="tests.test_phase_f45_sheet_row_dedupe.TestD_NoDedupWhenBothEmpty" name="test_d1_two_inserts_create_two_rows" time="1.238" /><testcase classname="tests.test_phase_f45_sheet_row_dedupe.TestE_MultiUserIsolation" name="test_e1_second_user_can_reuse_admins_identifiers" time="1.025" /><testcase classname="tests.test_phase_f45_sheet_row_dedupe.TestF_IndexExists" name="test_f1_uniq_user_sheetRowKey_index" time="0.004" /><testcase classname="tests.test_phase_f45_sheet_row_dedupe.TestG_Regression" name="test_g1_shipments_list_still_works" time="0.150" /></testsuite></testsuites>