<?xml version="1.0" encoding="utf-8"?><testsuites name="pytest tests"><testsuite name="pytest" errors="0" failures="0" skipped="0" tests="10" time="31.607" timestamp="2026-09-02T02:43:19.292202+00:00" hostname="agent-env-36ddfdb9-e4d3-40a3-8a0d-82977140af50"><testcase classname="tests.test_phase_f13_analytics_integrity.TestAcceptanceA_B_CODCancelDecrements" name="test_cod_cancel_removes_from_totals" time="7.738" /><testcase classname="tests.test_phase_f13_analytics_integrity.TestAcceptanceC_PrepaidCancelDecrements" name="test_prepaid_cancel_removes_from_totals" time="2.387" /><testcase classname="tests.test_phase_f13_analytics_integrity.TestAcceptanceD_DemoAndDeletedExcluded" name="test_demo_row_never_in_kpis" time="1.542" /><testcase classname="tests.test_phase_f13_analytics_integrity.TestAcceptanceE_ProfileHasCancelledInHistoryButNotInKPI" name="test_cancelled_in_history_not_in_totals" time="2.489" /><testcase classname="tests.test_phase_f13_analytics_integrity.TestAcceptanceF_VIPRankingSafety" name="test_vip_sorted_and_cancelled_ignored" time="2.675" /><testcase classname="tests.test_phase_f13_analytics_integrity.TestAcceptanceG_CrossEndpointConsistency" name="test_stats_total_equals_eligible_shipment_count" time="2.547" /><testcase classname="tests.test_phase_f13_analytics_integrity.TestAcceptanceG_CrossEndpointConsistency" name="test_audience_stats_all_counts_only_eligible_customers" time="1.356" /><testcase classname="tests.test_phase_f13_analytics_integrity.TestStatusCaseNormalisation" name="test_analytics_by_status_lowercases_shipped" time="6.006" /><testcase classname="tests.test_phase_f13_analytics_integrity.TestAnalyticsOverviewCancelledExclusion" name="test_default_excludes_cancelled_explicit_includes" time="1.725" /><testcase classname="tests.test_phase_f13_analytics_integrity.TestMultiTenantIsolation" name="test_admin_shipment_not_visible_to_user2" time="3.077" /></testsuite></testsuites>