<?xml version="1.0" encoding="utf-8"?><testsuites name="pytest tests"><testsuite name="pytest" errors="0" failures="0" skipped="0" tests="8" time="2.137" timestamp="2026-07-06T10:52:10.841087+00:00" hostname="agent-env-36ddfdb9-e4d3-40a3-8a0d-82977140af50"><testcase classname="backend.tests.test_phase_f49_whatsapp_provider.TestWhatsAppProviderF49" name="test_list_events_returns_template_enabled_field" time="0.641" /><testcase classname="backend.tests.test_phase_f49_whatsapp_provider.TestWhatsAppProviderF49" name="test_template_enabled_toggle_persists_true" time="0.290" /><testcase classname="backend.tests.test_phase_f49_whatsapp_provider.TestWhatsAppProviderF49" name="test_template_enabled_toggle_persists_false" time="0.235" /><testcase classname="backend.tests.test_phase_f49_whatsapp_provider.TestWhatsAppProviderF49" name="test_full_settings_round_trip" time="0.258" /><testcase classname="backend.tests.test_phase_f49_whatsapp_provider.TestWhatsAppProviderF49" name="test_cleanup_restore_defaults" time="0.255" /><testcase classname="backend.tests.test_phase_f49_whatsapp_provider.TestAvailableFields" name="test_available_fields_shape_and_content" time="0.097" /><testcase classname="backend.tests.test_phase_f49_whatsapp_provider.TestEventTriggerUpdateValidation" name="test_unknown_event_key_404" time="0.139" /><testcase classname="backend.tests.test_phase_f49_whatsapp_provider.TestEventTriggerUpdateValidation" name="test_empty_patch_400" time="0.137" /></testsuite></testsuites>