<?xml version="1.0" encoding="utf-8"?><testsuites name="pytest tests"><testsuite name="pytest" errors="0" failures="0" skipped="0" tests="20" time="7.397" timestamp="2026-06-20T06:13:10.623762+00:00" hostname="agent-env-36ddfdb9-e4d3-40a3-8a0d-82977140af50"><testcase classname="backend.tests.test_phase32_schema_ship.TestSchemaConstants" name="test_tracking_id_in_schema_fields" time="0.000" /><testcase classname="backend.tests.test_phase32_schema_ship.TestSchemaConstants" name="test_master_order_id_in_schema_fields" time="0.000" /><testcase classname="backend.tests.test_phase32_schema_ship.TestSchemaConstants" name="test_awb_alias_maps_to_tracking_id" time="0.000" /><testcase classname="backend.tests.test_phase32_schema_ship.TestSchemaConstants" name="test_docket_alias_maps_to_tracking_id" time="0.000" /><testcase classname="backend.tests.test_phase32_schema_ship.TestSchemaConstants" name="test_lr_no_alias_maps_to_tracking_id" time="0.000" /><testcase classname="backend.tests.test_phase32_schema_ship.TestSchemaConstants" name="test_master_order_id_alias_self_maps" time="0.000" /><testcase classname="backend.tests.test_phase32_schema_ship.TestSchemaConstants" name="test_mo_id_alias_maps_to_master_order_id" time="0.000" /><testcase classname="backend.tests.test_phase32_schema_ship.TestAtomicShipFromPending" name="test_smart_paste_then_ship_atomic" time="1.278" /><testcase classname="backend.tests.test_phase32_schema_ship.TestAtomicShipFromPending" name="test_double_ship_blocked" time="0.572" /><testcase classname="backend.tests.test_phase32_schema_ship.TestColumnMappingPersistence" name="test_put_settings_with_tracking_and_master_mapping" time="0.121" /><testcase classname="backend.tests.test_phase32_schema_ship.TestColumnMappingPersistence" name="test_sheets_orders_does_not_422_with_phase32_mappings" time="0.081" /><testcase classname="backend.tests.test_phase31_cod_math.TestCreateShipmentMath" name="test_cod_amount_with_token_legacy_payload" time="0.933" /><testcase classname="backend.tests.test_phase31_cod_math.TestCreateShipmentMath" name="test_cod_with_explicit_cod_amount" time="0.520" /><testcase classname="backend.tests.test_phase31_cod_math.TestCreateShipmentMath" name="test_cod_no_token" time="0.513" /><testcase classname="backend.tests.test_phase31_cod_math.TestCreateShipmentMath" name="test_cod_token_exceeds_cod_no_clamp" time="0.485" /><testcase classname="backend.tests.test_phase31_cod_math.TestCreateShipmentMath" name="test_prepaid_amount_no_cod" time="0.509" /><testcase classname="backend.tests.test_phase31_cod_math.TestUpdateShipmentMath" name="test_put_amount_treated_as_new_cod" time="0.572" /><testcase classname="backend.tests.test_phase31_cod_math.TestUpdateShipmentMath" name="test_put_cod_amount_recomputes_total" time="0.631" /><testcase classname="backend.tests.test_phase31_cod_math.TestSmartPasteShipMath" name="test_ship_from_pending_amount_is_cod_plus_token" time="0.567" /><testcase classname="backend.tests.test_phase31_cod_math.TestCsvExportCodBalance" name="test_cod_balance_uses_verbatim_cod" time="0.539" /></testsuite></testsuites>