<?xml version="1.0" encoding="utf-8"?><testsuites name="pytest tests"><testsuite name="pytest" errors="0" failures="0" skipped="0" tests="13" time="12.330" timestamp="2026-06-26T06:50:29.375411+00:00" hostname="agent-env-36ddfdb9-e4d3-40a3-8a0d-82977140af50"><testcase classname="tests.test_prepaid_amount_hotfix.TestPostPrepaidPreserves" name="test_A1_prepaid_amount_with_zero_cod_and_token" time="4.240" /><testcase classname="tests.test_prepaid_amount_hotfix.TestPostPrepaidPreserves" name="test_A2_prepaid_amount_with_token_carry_through" time="1.022" /><testcase classname="tests.test_prepaid_amount_hotfix.TestPostPrepaidPreserves" name="test_A3_prepaid_legacy_total_in_cod_amount" time="0.585" /><testcase classname="tests.test_prepaid_amount_hotfix.TestPostPrepaidPreserves" name="test_A4_payment_mode_missing_defaults_to_prepaid_preserve" time="0.679" /><testcase classname="tests.test_prepaid_amount_hotfix.TestPostCodRegression" name="test_B1_cod_amount_equals_cod_plus_token" time="1.059" /><testcase classname="tests.test_prepaid_amount_hotfix.TestPostCodRegression" name="test_B2_cod_with_zero_cod_amount_rejected_422" time="0.084" /><testcase classname="tests.test_prepaid_amount_hotfix.TestPutPrepaidEdits" name="test_C1_put_amount_on_prepaid_row" time="0.649" /><testcase classname="tests.test_prepaid_amount_hotfix.TestPutPrepaidEdits" name="test_C2_put_token_only_on_prepaid_row" time="1.006" /><testcase classname="tests.test_prepaid_amount_hotfix.TestPutCodRegression" name="test_D1_put_cod_and_token" time="0.775" /><testcase classname="tests.test_prepaid_amount_hotfix.TestPutCodRegression" name="test_D2_put_amount_only_on_cod_row_fallback" time="0.711" /><testcase classname="tests.test_prepaid_amount_hotfix.TestRepairScriptIdempotency" name="test_E1_dry_run_repairs_zero" time="0.668" /><testcase classname="tests.test_prepaid_amount_hotfix.TestRepairScriptIdempotency" name="test_E2_live_run_repairs_zero" time="0.664" /><testcase classname="tests.test_prepaid_amount_hotfix.TestRepairScriptIdempotency" name="test_E3_previously_repaired_shipments_still_correct" time="0.100" /></testsuite></testsuites>