<?xml version="1.0" encoding="utf-8"?><testsuites name="pytest tests"><testsuite name="pytest" errors="0" failures="0" skipped="0" tests="6" time="8.946" timestamp="2026-06-23T11:21:19.562411+00:00" hostname="agent-env-36ddfdb9-e4d3-40a3-8a0d-82977140af50"><testcase classname="backend.tests.test_phase32_items_normalization.TestItemsNormalization" name="test_items_as_list_succeeds" time="5.670" /><testcase classname="backend.tests.test_phase32_items_normalization.TestItemsNormalization" name="test_items_as_legacy_string_succeeds" time="0.691" /><testcase classname="backend.tests.test_phase32_items_normalization.TestItemsNormalization" name="test_items_empty_list" time="0.620" /><testcase classname="backend.tests.test_phase32_items_normalization.TestItemsNormalization" name="test_items_none" time="0.598" /><testcase classname="backend.tests.test_phase32_items_normalization.TestItemsNormalization" name="test_items_with_whitespace_and_empties" time="0.610" /><testcase classname="backend.tests.test_phase32_items_normalization.TestItemsNormalization" name="test_ship_without_overrides_regression" time="0.681" /></testsuite></testsuites>