<?xml version="1.0" encoding="utf-8"?><testsuites name="pytest tests"><testsuite name="pytest" errors="0" failures="1" skipped="0" tests="19" time="36.314" timestamp="2026-07-01T06:01:42.715329+00:00" hostname="agent-env-36ddfdb9-e4d3-40a3-8a0d-82977140af50"><testcase classname="tests.test_phase_f42_tracking_gate" name="test_A_reject_without_tracking[A1_Processing]" time="6.248" /><testcase classname="tests.test_phase_f42_tracking_gate" name="test_A_reject_without_tracking[A2_ReadyToShip]" time="2.359" /><testcase classname="tests.test_phase_f42_tracking_gate" name="test_A_reject_without_tracking[A3_Shipped]" time="2.091" /><testcase classname="tests.test_phase_f42_tracking_gate" name="test_A_reject_without_tracking[A4_Delivered]" time="1.699" /><testcase classname="tests.test_phase_f42_tracking_gate" name="test_A_reject_without_tracking[A5_OutForDelivery]" time="1.882" /><testcase classname="tests.test_phase_f42_tracking_gate" name="test_B1_pending_noop_allowed" time="2.128" /><testcase classname="tests.test_phase_f42_tracking_gate" name="test_B2_cancelled_allowed_no_tracking" time="4.742" /><testcase classname="tests.test_phase_f42_tracking_gate" name="test_B3_cancel_by_buyer_allowed_no_tracking" time="3.486" /><testcase classname="tests.test_phase_f42_tracking_gate" name="test_B4_returned_allowed_no_tracking" time="0.604" /><testcase classname="tests.test_phase_f42_tracking_gate" name="test_C1_tracking_and_status_in_one_payload" time="0.716" /><testcase classname="tests.test_phase_f42_tracking_gate" name="test_C2_manual_tracking_and_status_in_one_payload" time="0.432"><failure message="Failed: C2 failed: manual_tracking_id path returned 422 {&quot;detail&quot;:&quot;Tracking ID Required — Please add the Courier Tracking ID before moving this shipment to the next stage.&quot;} — Pydantic ShipmentUpdate likely lacks the manual_tracking_id field.">tests/test_phase_f42_tracking_gate.py:255: in test_C2_manual_tracking_and_status_in_one_payload
    pytest.fail(
E   Failed: C2 failed: manual_tracking_id path returned 422 {"detail":"Tracking ID Required — Please add the Courier Tracking ID before moving this shipment to the next stage."} — Pydantic ShipmentUpdate likely lacks the manual_tracking_id field.</failure></testcase><testcase classname="tests.test_phase_f42_tracking_gate" name="test_C3_whitespace_tracking_id_should_be_rejected" time="0.478" /><testcase classname="tests.test_phase_f42_tracking_gate" name="test_D_full_progression_with_tracking" time="2.194" /><testcase classname="tests.test_phase_f42_tracking_gate" name="test_E1_rename_customer_no_status" time="0.467" /><testcase classname="tests.test_phase_f42_tracking_gate" name="test_E2_amount_update_no_status" time="0.555" /><testcase classname="tests.test_phase_f42_tracking_gate" name="test_E3_address_update_no_status" time="0.513" /><testcase classname="tests.test_phase_f42_tracking_gate" name="test_F1_list_shipments" time="0.043" /><testcase classname="tests.test_phase_f42_tracking_gate" name="test_F2_post_default_pending" time="0.395" /><testcase classname="tests.test_phase_f42_tracking_gate" name="test_F3_terminal_lock_beats_tracking_gate" time="5.170" /></testsuite></testsuites>