<?xml version="1.0" encoding="utf-8"?><testsuites name="pytest tests"><testsuite name="pytest" errors="0" failures="0" skipped="0" tests="10" time="5.131" timestamp="2026-07-08T08:49:40.825268+00:00" hostname="agent-env-36ddfdb9-e4d3-40a3-8a0d-82977140af50"><testcase classname="backend.tests.test_phase_f58_whatsapp_test_send_debug.TestWhatsAppTestSendDebugF58" name="test_response_has_ok_generated_otp_and_result" time="0.869" /><testcase classname="backend.tests.test_phase_f58_whatsapp_test_send_debug.TestWhatsAppTestSendDebugF58" name="test_generated_otp_is_random_across_three_calls" time="1.186" /><testcase classname="backend.tests.test_phase_f58_whatsapp_test_send_debug.TestWhatsAppTestSendDebugF58" name="test_generated_otp_is_exactly_six_digits" time="0.423" /><testcase classname="backend.tests.test_phase_f58_whatsapp_test_send_debug.TestWhatsAppTestSendDebugF58" name="test_request_payload_otp_matches_generated_otp" time="0.416" /><testcase classname="backend.tests.test_phase_f58_whatsapp_test_send_debug.TestWhatsAppTestSendDebugF58" name="test_request_payload_api_token_is_masked" time="0.441" /><testcase classname="backend.tests.test_phase_f58_whatsapp_test_send_debug.TestWhatsAppTestSendDebugF58" name="test_request_payload_customer_phone_matches" time="0.450" /><testcase classname="backend.tests.test_phase_f58_whatsapp_test_send_debug.TestWhatsAppTestSendDebugF58" name="test_result_contains_all_debug_keys" time="0.430" /><testcase classname="backend.tests.test_phase_f58_whatsapp_test_send_debug.TestWhatsAppTestSendDebugF58" name="test_test_send_requires_bearer_token" time="0.097" /><testcase classname="backend.tests.test_phase_f58_whatsapp_test_send_debug.TestWhatsAppTestSendDebugF58" name="test_non_otp_event_still_returns_debug_fields" time="0.396" /><testcase classname="backend.tests.test_phase_f58_whatsapp_test_send_debug.TestWhatsAppTestSendDebugF58" name="test_provider_live_call_succeeds_if_configured" time="0.346" /></testsuite></testsuites>