<?xml version="1.0" encoding="utf-8"?><testsuites name="pytest tests"><testsuite name="pytest" errors="0" failures="0" skipped="0" tests="8" time="14.178" timestamp="2026-07-02T16:56:55.995798+00:00" hostname="agent-env-36ddfdb9-e4d3-40a3-8a0d-82977140af50"><testcase classname="backend.tests.test_smart_search" name="test_t1_search_blob_backfilled" time="2.319" /><testcase classname="backend.tests.test_smart_search" name="test_t2_t3_items_search" time="0.178" /><testcase classname="backend.tests.test_smart_search" name="test_t4_case_hyphen_insensitive" time="0.260" /><testcase classname="backend.tests.test_smart_search" name="test_t5_weight_unit_collapse" time="0.244" /><testcase classname="backend.tests.test_smart_search" name="test_t6_suggestions_parity" time="1.311" /><testcase classname="backend.tests.test_smart_search" name="test_t8_combined_filters" time="0.206" /><testcase classname="backend.tests.test_smart_search" name="test_t9_write_path_updates_blob" time="6.046" /><testcase classname="backend.tests.test_smart_search" name="test_t7_multilingual_best_effort" time="3.551" /></testsuite></testsuites>