<?xml version="1.0" encoding="utf-8"?><testsuites name="pytest tests"><testsuite name="pytest" errors="0" failures="1" skipped="0" tests="19" time="3.534" timestamp="2026-07-10T17:37:20.329208+00:00" hostname="agent-env-36ddfdb9-e4d3-40a3-8a0d-82977140af50"><testcase classname="tests.test_phase_f60_shipment_import.TestAuth" name="test_get_mapping_requires_auth" time="0.135" /><testcase classname="tests.test_phase_f60_shipment_import.TestAuth" name="test_preview_requires_auth" time="0.105" /><testcase classname="tests.test_phase_f60_shipment_import.TestSavedMapping" name="test_get_mapping_defaults[booking]" time="0.442" /><testcase classname="tests.test_phase_f60_shipment_import.TestSavedMapping" name="test_get_mapping_defaults[delivery]" time="0.105" /><testcase classname="tests.test_phase_f60_shipment_import.TestSavedMapping" name="test_get_mapping_defaults[cod_payment]" time="0.102" /><testcase classname="tests.test_phase_f60_shipment_import.TestSavedMapping" name="test_put_mapping_persists" time="0.207" /><testcase classname="tests.test_phase_f60_shipment_import.TestSavedMapping" name="test_put_mapping_rejects_disallowed_field_for_type" time="0.111" /><testcase classname="tests.test_phase_f60_shipment_import.TestPreview" name="test_preview_booking_suggests_mapping" time="0.307" /><testcase classname="tests.test_phase_f60_shipment_import.TestPreview" name="test_preview_invalid_import_type" time="0.152" /><testcase classname="tests.test_phase_f60_shipment_import.TestBookingCommit" name="test_commit_response_counts" time="0.102" /><testcase classname="tests.test_phase_f60_shipment_import.TestBookingCommit" name="test_row_b_weight_not_overridden" time="0.110" /><testcase classname="tests.test_phase_f60_shipment_import.TestBookingCommit" name="test_batch_listed_and_retrievable" time="0.212" /><testcase classname="tests.test_phase_f60_shipment_import.TestBookingCommit" name="test_mismatches_csv_download" time="0.107" /><testcase classname="tests.test_phase_f60_shipment_import.TestCommitNegative" name="test_invalid_import_type" time="0.104" /><testcase classname="tests.test_phase_f60_shipment_import.TestCommitNegative" name="test_missing_tracking_mapping" time="0.117" /><testcase classname="tests.test_phase_f60_shipment_import.TestCommitNegative" name="test_disallowed_field_for_delivery" time="0.107" /><testcase classname="tests.test_phase_f60_shipment_import.TestCommitNegative" name="test_file_too_large" time="0.474" /><testcase classname="tests.test_phase_f60_shipment_import.TestDeliveryImport" name="test_delivery_forces_status_and_sets_pod" time="0.221"><failure message="AssertionError: {'delivered_at': '2026-06-15T00:00:00', 'delivery_source': 'imported', 'last_import_at': '2026-07-10T17:37:23.500640+00:00', 'last_import_type': 'delivery', ...}&#10;assert None == 'Delivered'&#10; +  where None = &lt;built-in method get of dict object at 0xfd774c0adb40&gt;('status')&#10; +    where &lt;built-in method get of dict object at 0xfd774c0adb40&gt; = {'delivered_at': '2026-06-15T00:00:00', 'delivery_source': 'imported', 'last_import_at': '2026-07-10T17:37:23.500640+00:00', 'last_import_type': 'delivery', ...}.get">tests/test_phase_f60_shipment_import.py:426: in test_delivery_forces_status_and_sets_pod
    assert applied.get("status") == "Delivered", applied
E   AssertionError: {'delivered_at': '2026-06-15T00:00:00', 'delivery_source': 'imported', 'last_import_at': '2026-07-10T17:37:23.500640+00:00', 'last_import_type': 'delivery', ...}
E   assert None == 'Delivered'
E    +  where None = &lt;built-in method get of dict object at 0xfd774c0adb40&gt;('status')
E    +    where &lt;built-in method get of dict object at 0xfd774c0adb40&gt; = {'delivered_at': '2026-06-15T00:00:00', 'delivery_source': 'imported', 'last_import_at': '2026-07-10T17:37:23.500640+00:00', 'last_import_type': 'delivery', ...}.get</failure></testcase><testcase classname="tests.test_phase_f60_shipment_import.TestCODImport" name="test_cod_import_stamps_fields" time="0.216" /></testsuite></testsuites>