<?xml version="1.0" encoding="utf-8"?><testsuites name="pytest tests"><testsuite name="pytest" errors="0" failures="0" skipped="0" tests="16" time="3.173" timestamp="2026-04-18T18:19:21.563230+00:00" hostname="agent-env-36ddfdb9-e4d3-40a3-8a0d-82977140af50"><testcase classname="tests.test_iteration_2.TestCourierEnhancements" name="test_list_couriers_includes_new_fields" time="0.147" /><testcase classname="tests.test_iteration_2.TestCourierEnhancements" name="test_get_single_courier_by_id" time="0.146" /><testcase classname="tests.test_iteration_2.TestCourierEnhancements" name="test_get_nonexistent_courier_returns_404" time="0.105" /><testcase classname="tests.test_iteration_2.TestCourierEnhancements" name="test_create_courier_with_contact_fields" time="0.220" /><testcase classname="tests.test_iteration_2.TestCourierEnhancements" name="test_update_courier_contact_fields" time="0.198" /><testcase classname="tests.test_iteration_2.TestGoogleSheetsIntegration" name="test_sheets_preview_with_invalid_url_returns_400" time="0.211" /><testcase classname="tests.test_iteration_2.TestGoogleSheetsIntegration" name="test_sheets_preview_with_valid_public_url" time="0.420" /><testcase classname="tests.test_iteration_2.TestGoogleSheetsIntegration" name="test_settings_includes_sheet_config" time="0.102" /><testcase classname="tests.test_iteration_2.TestGoogleSheetsIntegration" name="test_update_settings_with_sheet_config" time="0.147" /><testcase classname="tests.test_iteration_2.TestShipmentEnhancements" name="test_create_shipment_with_order_id_and_items" time="0.222" /><testcase classname="tests.test_iteration_2.TestShipmentEnhancements" name="test_create_shipment_cod_with_amount" time="0.156" /><testcase classname="tests.test_iteration_2.TestShipmentEnhancements" name="test_shipment_items_empty_array_when_not_provided" time="0.166" /><testcase classname="tests.test_iteration_2.TestStatsEnhancements" name="test_stats_includes_revenue_total" time="0.103" /><testcase classname="tests.test_iteration_2.TestStatsEnhancements" name="test_revenue_total_calculation" time="0.289" /><testcase classname="tests.test_iteration_2.TestCSVExportEnhancements" name="test_csv_export_includes_new_columns" time="0.194" /><testcase classname="tests.test_iteration_2.TestSearchEnhancements" name="test_search_by_order_id" time="0.233" /></testsuite></testsuites>