<?xml version="1.0" encoding="utf-8"?><testsuites name="pytest tests"><testsuite name="pytest" errors="0" failures="8" skipped="0" tests="40" time="29.594" timestamp="2026-06-24T07:50:17.054042+00:00" hostname="agent-env-36ddfdb9-e4d3-40a3-8a0d-82977140af50"><testcase classname="backend.tests.test_phase31_cod_math.TestCreateShipmentMath" name="test_cod_amount_with_token_legacy_payload" time="1.263" /><testcase classname="backend.tests.test_phase31_cod_math.TestCreateShipmentMath" name="test_cod_with_explicit_cod_amount" time="0.582" /><testcase classname="backend.tests.test_phase31_cod_math.TestCreateShipmentMath" name="test_cod_no_token" time="0.737" /><testcase classname="backend.tests.test_phase31_cod_math.TestCreateShipmentMath" name="test_cod_token_exceeds_cod_no_clamp" time="0.829" /><testcase classname="backend.tests.test_phase31_cod_math.TestCreateShipmentMath" name="test_prepaid_amount_no_cod" time="0.785" /><testcase classname="backend.tests.test_phase31_cod_math.TestUpdateShipmentMath" name="test_put_amount_treated_as_new_cod" time="1.688" /><testcase classname="backend.tests.test_phase31_cod_math.TestUpdateShipmentMath" name="test_put_cod_amount_recomputes_total" time="0.664" /><testcase classname="backend.tests.test_phase31_cod_math.TestSmartPasteShipMath" name="test_ship_from_pending_amount_is_cod_plus_token" time="0.615" /><testcase classname="backend.tests.test_phase31_cod_math.TestCsvExportCodBalance" name="test_cod_balance_uses_verbatim_cod" time="1.311" /><testcase classname="backend.tests.test_phase32_items_normalization.TestItemsNormalization" name="test_items_as_list_succeeds" time="2.203" /><testcase classname="backend.tests.test_phase32_items_normalization.TestItemsNormalization" name="test_items_as_legacy_string_succeeds" time="0.709" /><testcase classname="backend.tests.test_phase32_items_normalization.TestItemsNormalization" name="test_items_empty_list" time="0.683" /><testcase classname="backend.tests.test_phase32_items_normalization.TestItemsNormalization" name="test_items_none" time="0.602" /><testcase classname="backend.tests.test_phase32_items_normalization.TestItemsNormalization" name="test_items_with_whitespace_and_empties" time="0.774" /><testcase classname="backend.tests.test_phase32_items_normalization.TestItemsNormalization" name="test_ship_without_overrides_regression" time="0.553" /><testcase classname="backend.tests.test_phase33_weight_parser.TestWeightParserHappyPaths" name="test_post_weight_parsed[250gm-250 g-250.0-g]" time="0.961" /><testcase classname="backend.tests.test_phase33_weight_parser.TestWeightParserHappyPaths" name="test_post_weight_parsed[500 gm-500 g-500.0-g]" time="0.546" /><testcase classname="backend.tests.test_phase33_weight_parser.TestWeightParserHappyPaths" name="test_post_weight_parsed[1kg-1 kg-1.0-kg]" time="0.535" /><testcase classname="backend.tests.test_phase33_weight_parser.TestWeightParserHappyPaths" name="test_post_weight_parsed[2 kg-2 kg-2.0-kg]" time="0.582" /><testcase classname="backend.tests.test_phase33_weight_parser.TestWeightParserHappyPaths" name="test_post_weight_parsed[1.5 kg-1.5 kg-1.5-kg]" time="0.619" /><testcase classname="backend.tests.test_phase33_weight_parser.TestWeightParserHappyPaths" name="test_post_weight_parsed[250g-250 g-250.0-g]" time="0.638" /><testcase classname="backend.tests.test_phase33_weight_parser.TestWeightParserHappyPaths" name="test_post_weight_parsed[3 grams-3 g-3.0-g]" time="0.892" /><testcase classname="backend.tests.test_phase33_weight_parser.TestWeightParserHappyPaths" name="test_post_weight_parsed[500-500 g-500.0-g]" time="0.507" /><testcase classname="backend.tests.test_phase33_weight_parser.TestWeightParserHappyPaths" name="test_post_weight_parsed[1.5-1.5 kg-1.5-kg]" time="0.561" /><testcase classname="backend.tests.test_phase33_weight_parser.TestWeightParserRejection" name="test_post_invalid_weight_returns_422[abc]" time="0.048" /><testcase classname="backend.tests.test_phase33_weight_parser.TestWeightParserRejection" name="test_post_invalid_weight_returns_422[10x20]" time="0.047" /><testcase classname="backend.tests.test_phase33_weight_parser.TestWeightParserRejection" name="test_post_invalid_weight_returns_422[heavy]" time="0.048" /><testcase classname="backend.tests.test_phase33_weight_parser.TestWeightParserBlankPassThrough" name="test_post_empty_string_weight" time="0.561" /><testcase classname="backend.tests.test_phase33_weight_parser.TestWeightParserBlankPassThrough" name="test_post_missing_weight_key" time="0.513" /><testcase classname="backend.tests.test_phase33_weight_parser.TestWeightParserBlankPassThrough" name="test_post_weight_none" time="0.628" /><testcase classname="backend.tests.test_phase33_weight_parser.TestWeightParserPutUpdate" name="test_put_weight_edit_parses" time="0.718" /><testcase classname="backend.tests.test_phase32_rev2_manual_tracking_precedence.TestManualTrackingIdPrecedence" name="test_auto_courier_with_manual_id_uses_manual_no_counter_bump" time="0.606"><failure message="AssertionError: smart-paste failed: 502 &lt;!DOCTYPE html&gt;&#10;  &lt;!--[if lt IE 7]&gt; &lt;html class=&quot;no-js ie6 oldie&quot; lang=&quot;en-US&quot;&gt; &lt;![endif]--&gt;&#10;  &lt;!--[if IE 7]&gt;    &lt;html class=&quot;no-js ie7 oldie&quot; lang=&quot;en-US&quot;&gt; &lt;![endif]--&gt;&#10;  &lt;!--[if IE 8]&gt;    &lt;html class=&quot;no-js ie8 oldie&quot; lang=&quot;en-US&quot;&gt; &lt;![endif]--&gt;&#10;  &lt;!--[if gt IE 8]&gt;&lt;!--&gt; &lt;html class=&quot;no-js&quot; lang=&quot;en-US&quot;&gt; &lt;!--&lt;![endif]--&gt;&#10;  &lt;head&gt;&#10;  &#10;  &lt;title&gt;preview.emergentagent.com | 502: Bad gateway&lt;/title&gt;&#10;  &lt;meta charset=&quot;UT&#10;assert 502 == 200&#10; +  where 502 = &lt;Response [502]&gt;.status_code">E   AssertionError: smart-paste failed: 502 &lt;!DOCTYPE html&gt;
      &lt;!--[if lt IE 7]&gt; &lt;html class="no-js ie6 oldie" lang="en-US"&gt; &lt;![endif]--&gt;
      &lt;!--[if IE 7]&gt;    &lt;html class="no-js ie7 oldie" lang="en-US"&gt; &lt;![endif]--&gt;
      &lt;!--[if IE 8]&gt;    &lt;html class="no-js ie8 oldie" lang="en-US"&gt; &lt;![endif]--&gt;
      &lt;!--[if gt IE 8]&gt;&lt;!--&gt; &lt;html class="no-js" lang="en-US"&gt; &lt;!--&lt;![endif]--&gt;
      &lt;head&gt;
      
      &lt;title&gt;preview.emergentagent.com | 502: Bad gateway&lt;/title&gt;
      &lt;meta charset="UT
    assert 502 == 200
     +  where 502 = &lt;Response [502]&gt;.status_code</failure></testcase><testcase classname="backend.tests.test_phase32_rev2_manual_tracking_precedence.TestManualTrackingIdPrecedence" name="test_manual_courier_with_manual_id_uses_manual" time="0.504"><failure message="AssertionError: smart-paste failed: 502 &lt;!DOCTYPE html&gt;&#10;  &lt;!--[if lt IE 7]&gt; &lt;html class=&quot;no-js ie6 oldie&quot; lang=&quot;en-US&quot;&gt; &lt;![endif]--&gt;&#10;  &lt;!--[if IE 7]&gt;    &lt;html class=&quot;no-js ie7 oldie&quot; lang=&quot;en-US&quot;&gt; &lt;![endif]--&gt;&#10;  &lt;!--[if IE 8]&gt;    &lt;html class=&quot;no-js ie8 oldie&quot; lang=&quot;en-US&quot;&gt; &lt;![endif]--&gt;&#10;  &lt;!--[if gt IE 8]&gt;&lt;!--&gt; &lt;html class=&quot;no-js&quot; lang=&quot;en-US&quot;&gt; &lt;!--&lt;![endif]--&gt;&#10;  &lt;head&gt;&#10;  &#10;  &lt;title&gt;preview.emergentagent.com | 502: Bad gateway&lt;/title&gt;&#10;  &lt;meta charset=&quot;UT&#10;assert 502 == 200&#10; +  where 502 = &lt;Response [502]&gt;.status_code">E   AssertionError: smart-paste failed: 502 &lt;!DOCTYPE html&gt;
      &lt;!--[if lt IE 7]&gt; &lt;html class="no-js ie6 oldie" lang="en-US"&gt; &lt;![endif]--&gt;
      &lt;!--[if IE 7]&gt;    &lt;html class="no-js ie7 oldie" lang="en-US"&gt; &lt;![endif]--&gt;
      &lt;!--[if IE 8]&gt;    &lt;html class="no-js ie8 oldie" lang="en-US"&gt; &lt;![endif]--&gt;
      &lt;!--[if gt IE 8]&gt;&lt;!--&gt; &lt;html class="no-js" lang="en-US"&gt; &lt;!--&lt;![endif]--&gt;
      &lt;head&gt;
      
      &lt;title&gt;preview.emergentagent.com | 502: Bad gateway&lt;/title&gt;
      &lt;meta charset="UT
    assert 502 == 200
     +  where 502 = &lt;Response [502]&gt;.status_code</failure></testcase><testcase classname="backend.tests.test_phase32_rev2_manual_tracking_precedence.TestManualTrackingIdPrecedence" name="test_auto_courier_empty_manual_id_autogenerates_and_bumps" time="0.304"><failure message="AssertionError: smart-paste failed: 502 &lt;!DOCTYPE html&gt;&#10;  &lt;!--[if lt IE 7]&gt; &lt;html class=&quot;no-js ie6 oldie&quot; lang=&quot;en-US&quot;&gt; &lt;![endif]--&gt;&#10;  &lt;!--[if IE 7]&gt;    &lt;html class=&quot;no-js ie7 oldie&quot; lang=&quot;en-US&quot;&gt; &lt;![endif]--&gt;&#10;  &lt;!--[if IE 8]&gt;    &lt;html class=&quot;no-js ie8 oldie&quot; lang=&quot;en-US&quot;&gt; &lt;![endif]--&gt;&#10;  &lt;!--[if gt IE 8]&gt;&lt;!--&gt; &lt;html class=&quot;no-js&quot; lang=&quot;en-US&quot;&gt; &lt;!--&lt;![endif]--&gt;&#10;  &lt;head&gt;&#10;  &#10;  &lt;title&gt;preview.emergentagent.com | 502: Bad gateway&lt;/title&gt;&#10;  &lt;meta charset=&quot;UT&#10;assert 502 == 200&#10; +  where 502 = &lt;Response [502]&gt;.status_code">E   AssertionError: smart-paste failed: 502 &lt;!DOCTYPE html&gt;
      &lt;!--[if lt IE 7]&gt; &lt;html class="no-js ie6 oldie" lang="en-US"&gt; &lt;![endif]--&gt;
      &lt;!--[if IE 7]&gt;    &lt;html class="no-js ie7 oldie" lang="en-US"&gt; &lt;![endif]--&gt;
      &lt;!--[if IE 8]&gt;    &lt;html class="no-js ie8 oldie" lang="en-US"&gt; &lt;![endif]--&gt;
      &lt;!--[if gt IE 8]&gt;&lt;!--&gt; &lt;html class="no-js" lang="en-US"&gt; &lt;!--&lt;![endif]--&gt;
      &lt;head&gt;
      
      &lt;title&gt;preview.emergentagent.com | 502: Bad gateway&lt;/title&gt;
      &lt;meta charset="UT
    assert 502 == 200
     +  where 502 = &lt;Response [502]&gt;.status_code</failure></testcase><testcase classname="backend.tests.test_phase32_rev2_manual_tracking_precedence.TestManualTrackingIdPrecedence" name="test_manual_courier_no_manual_id_returns_400" time="0.503"><failure message="AssertionError: smart-paste failed: 502 &lt;!DOCTYPE html&gt;&#10;  &lt;!--[if lt IE 7]&gt; &lt;html class=&quot;no-js ie6 oldie&quot; lang=&quot;en-US&quot;&gt; &lt;![endif]--&gt;&#10;  &lt;!--[if IE 7]&gt;    &lt;html class=&quot;no-js ie7 oldie&quot; lang=&quot;en-US&quot;&gt; &lt;![endif]--&gt;&#10;  &lt;!--[if IE 8]&gt;    &lt;html class=&quot;no-js ie8 oldie&quot; lang=&quot;en-US&quot;&gt; &lt;![endif]--&gt;&#10;  &lt;!--[if gt IE 8]&gt;&lt;!--&gt; &lt;html class=&quot;no-js&quot; lang=&quot;en-US&quot;&gt; &lt;!--&lt;![endif]--&gt;&#10;  &lt;head&gt;&#10;  &#10;  &lt;title&gt;preview.emergentagent.com | 502: Bad gateway&lt;/title&gt;&#10;  &lt;meta charset=&quot;UT&#10;assert 502 == 200&#10; +  where 502 = &lt;Response [502]&gt;.status_code">E   AssertionError: smart-paste failed: 502 &lt;!DOCTYPE html&gt;
      &lt;!--[if lt IE 7]&gt; &lt;html class="no-js ie6 oldie" lang="en-US"&gt; &lt;![endif]--&gt;
      &lt;!--[if IE 7]&gt;    &lt;html class="no-js ie7 oldie" lang="en-US"&gt; &lt;![endif]--&gt;
      &lt;!--[if IE 8]&gt;    &lt;html class="no-js ie8 oldie" lang="en-US"&gt; &lt;![endif]--&gt;
      &lt;!--[if gt IE 8]&gt;&lt;!--&gt; &lt;html class="no-js" lang="en-US"&gt; &lt;!--&lt;![endif]--&gt;
      &lt;head&gt;
      
      &lt;title&gt;preview.emergentagent.com | 502: Bad gateway&lt;/title&gt;
      &lt;meta charset="UT
    assert 502 == 200
     +  where 502 = &lt;Response [502]&gt;.status_code</failure></testcase><testcase classname="backend.tests.test_phase31_rev3_ship_overrides.TestRev3CodOverrideHonoured" name="test_override_cod_amount_used_not_pending_amount" time="0.561"><failure message="AssertionError: smart-paste: 502 &lt;!DOCTYPE html&gt;&#10;  &lt;!--[if lt IE 7]&gt; &lt;html class=&quot;no-js ie6 oldie&quot; lang=&quot;en-US&quot;&gt; &lt;![endif]--&gt;&#10;  &lt;!--[if IE 7]&gt;    &lt;html class=&quot;no-js ie7 oldie&quot; lang=&quot;en-US&quot;&gt; &lt;![endif]--&gt;&#10;  &lt;!--[if IE 8]&gt;    &lt;html class=&quot;no-js ie8 oldie&quot; lang=&quot;en-US&quot;&gt; &lt;![endif]--&gt;&#10;  &lt;!--[if gt IE 8]&gt;&lt;!--&gt; &lt;html class=&quot;no-js&quot; lang=&quot;en-US&quot;&gt; &lt;!&#10;assert 502 == 200&#10; +  where 502 = &lt;Response [502]&gt;.status_code">E   AssertionError: smart-paste: 502 &lt;!DOCTYPE html&gt;
      &lt;!--[if lt IE 7]&gt; &lt;html class="no-js ie6 oldie" lang="en-US"&gt; &lt;![endif]--&gt;
      &lt;!--[if IE 7]&gt;    &lt;html class="no-js ie7 oldie" lang="en-US"&gt; &lt;![endif]--&gt;
      &lt;!--[if IE 8]&gt;    &lt;html class="no-js ie8 oldie" lang="en-US"&gt; &lt;![endif]--&gt;
      &lt;!--[if gt IE 8]&gt;&lt;!--&gt; &lt;html class="no-js" lang="en-US"&gt; &lt;!
    assert 502 == 200
     +  where 502 = &lt;Response [502]&gt;.status_code</failure></testcase><testcase classname="backend.tests.test_phase31_rev3_ship_overrides.TestRev3CodOverrideHonoured" name="test_override_cod_higher_than_pending_amount" time="0.235"><failure message="AssertionError: smart-paste: 502 &lt;!DOCTYPE html&gt;&#10;  &lt;!--[if lt IE 7]&gt; &lt;html class=&quot;no-js ie6 oldie&quot; lang=&quot;en-US&quot;&gt; &lt;![endif]--&gt;&#10;  &lt;!--[if IE 7]&gt;    &lt;html class=&quot;no-js ie7 oldie&quot; lang=&quot;en-US&quot;&gt; &lt;![endif]--&gt;&#10;  &lt;!--[if IE 8]&gt;    &lt;html class=&quot;no-js ie8 oldie&quot; lang=&quot;en-US&quot;&gt; &lt;![endif]--&gt;&#10;  &lt;!--[if gt IE 8]&gt;&lt;!--&gt; &lt;html class=&quot;no-js&quot; lang=&quot;en-US&quot;&gt; &lt;!&#10;assert 502 == 200&#10; +  where 502 = &lt;Response [502]&gt;.status_code">E   AssertionError: smart-paste: 502 &lt;!DOCTYPE html&gt;
      &lt;!--[if lt IE 7]&gt; &lt;html class="no-js ie6 oldie" lang="en-US"&gt; &lt;![endif]--&gt;
      &lt;!--[if IE 7]&gt;    &lt;html class="no-js ie7 oldie" lang="en-US"&gt; &lt;![endif]--&gt;
      &lt;!--[if IE 8]&gt;    &lt;html class="no-js ie8 oldie" lang="en-US"&gt; &lt;![endif]--&gt;
      &lt;!--[if gt IE 8]&gt;&lt;!--&gt; &lt;html class="no-js" lang="en-US"&gt; &lt;!
    assert 502 == 200
     +  where 502 = &lt;Response [502]&gt;.status_code</failure></testcase><testcase classname="backend.tests.test_phase31_rev3_ship_overrides.TestRev3SmartPasteFallback" name="test_no_override_cod_uses_pending_amount" time="2.732"><failure message="AssertionError: smart-paste: 502 &lt;!DOCTYPE html&gt;&#10;  &lt;!--[if lt IE 7]&gt; &lt;html class=&quot;no-js ie6 oldie&quot; lang=&quot;en-US&quot;&gt; &lt;![endif]--&gt;&#10;  &lt;!--[if IE 7]&gt;    &lt;html class=&quot;no-js ie7 oldie&quot; lang=&quot;en-US&quot;&gt; &lt;![endif]--&gt;&#10;  &lt;!--[if IE 8]&gt;    &lt;html class=&quot;no-js ie8 oldie&quot; lang=&quot;en-US&quot;&gt; &lt;![endif]--&gt;&#10;  &lt;!--[if gt IE 8]&gt;&lt;!--&gt; &lt;html class=&quot;no-js&quot; lang=&quot;en-US&quot;&gt; &lt;!&#10;assert 502 == 200&#10; +  where 502 = &lt;Response [502]&gt;.status_code">E   AssertionError: smart-paste: 502 &lt;!DOCTYPE html&gt;
      &lt;!--[if lt IE 7]&gt; &lt;html class="no-js ie6 oldie" lang="en-US"&gt; &lt;![endif]--&gt;
      &lt;!--[if IE 7]&gt;    &lt;html class="no-js ie7 oldie" lang="en-US"&gt; &lt;![endif]--&gt;
      &lt;!--[if IE 8]&gt;    &lt;html class="no-js ie8 oldie" lang="en-US"&gt; &lt;![endif]--&gt;
      &lt;!--[if gt IE 8]&gt;&lt;!--&gt; &lt;html class="no-js" lang="en-US"&gt; &lt;!
    assert 502 == 200
     +  where 502 = &lt;Response [502]&gt;.status_code</failure></testcase><testcase classname="backend.tests.test_phase31_rev3_ship_overrides.TestRev3CodValidation" name="test_override_cod_zero_rejected" time="1.071"><failure message="AssertionError: Expected 422 for cod=0 in COD-mode override; got 200. body={&quot;id&quot;:&quot;7a2d9248-986e-46f4-8f6e-3ccdb09a2205&quot;,&quot;tracking_id&quot;:&quot;DC0067&quot;,&quot;courier_id&quot;:&quot;11b295ac-9d2e-4a1f-8593-ec2516c533ad&quot;,&quot;courier_name&quot;:&quot;Demo Courier&quot;,&quot;master_order_id&quot;:&quot;26062402978&quot;,&quot;order_id&quot;:&quot;26062402978&quot;,&quot;customer_name&quot;:&quot;TEST_P31R3_8846C5&quot;,&quot;customer_phone&quot;:&quot;9123456780&quot;,&quot;customer_alt_phone&quot;:&quot;&quot;,&quot;cu&#10;assert 200 == 422&#10; +  where 200 = &lt;Response [200]&gt;.status_code">E   AssertionError: Expected 422 for cod=0 in COD-mode override; got 200. body={"id":"7a2d9248-986e-46f4-8f6e-3ccdb09a2205","tracking_id":"DC0067","courier_id":"11b295ac-9d2e-4a1f-8593-ec2516c533ad","courier_name":"Demo Courier","master_order_id":"26062402978","order_id":"26062402978","customer_name":"TEST_P31R3_8846C5","customer_phone":"9123456780","customer_alt_phone":"","cu
    assert 200 == 422
     +  where 200 = &lt;Response [200]&gt;.status_code</failure></testcase><testcase classname="backend.tests.test_phase31_rev3_ship_overrides.TestRev3PrepaidUnaffected" name="test_prepaid_override_amount" time="0.578" /></testsuite></testsuites>